#
# A fatal error has been detected by the Java Runtime Environment:
#
#  SIGBUS (0xa) at pc=0x000000010dad94f0, pid=42202, tid=35087
#
# JRE version: OpenJDK Runtime Environment (17.0.2+8) (build 17.0.2+8-86)
# Java VM: OpenJDK 64-Bit Server VM (17.0.2+8-86, mixed mode, sharing, tiered, compressed oops, compressed class ptrs, g1 gc, bsd-aarch64)
# Problematic frame:
# v  ~StubRoutines::SafeFetchN
#
# No core dump will be written. Core dumps have been disabled. To enable core dumping, try "ulimit -c unlimited" before starting Java again
#
# If you would like to submit a bug report, please visit:
#   https://bugreport.java.com/bugreport/crash.jsp
# The crash happened outside the Java Virtual Machine in native code.
# See problematic frame for where to report the bug.
#

---------------  S U M M A R Y ------------

Command Line: -javaagent:/Applications/IntelliJ IDEA CE.app/Contents/lib/idea_rt.jar=54972:/Applications/IntelliJ IDEA CE.app/Contents/bin -Dfile.encoding=UTF-8 --module-path=/Users/dan/development/USBFamilyTree/target/classes:/Users/dan/development/USBFamilyTree/lib/gson-2.9.0.jar:/Users/dan/.m2/repository/org/openjfx/javafx-controls/17.0.1/javafx-controls-17.0.1.jar:/Users/dan/.m2/repository/org/openjfx/javafx-controls/17.0.1/javafx-controls-17.0.1-mac-aarch64.jar:/Users/dan/.m2/repository/org/openjfx/javafx-graphics/17.0.1/javafx-graphics-17.0.1.jar:/Users/dan/.m2/repository/org/openjfx/javafx-graphics/17.0.1/javafx-graphics-17.0.1-mac-aarch64.jar:/Users/dan/.m2/repository/org/openjfx/javafx-base/17.0.1/javafx-base-17.0.1.jar:/Users/dan/.m2/repository/org/openjfx/javafx-base/17.0.1/javafx-base-17.0.1-mac-aarch64.jar:/Users/dan/.m2/repository/org/openjfx/javafx-fxml/17.0.1/javafx-fxml-17.0.1.jar:/Users/dan/.m2/repository/org/openjfx/javafx-fxml/17.0.1/javafx-fxml-17.0.1-mac-aarch64.jar:/Users/dan/.m2/repository/org/controlsfx/controlsfx/11.1.0/controlsfx-11.1.0.jar:/Users/dan/.m2/repository/com/google/code/gson/gson/2.9.0/gson-2.9.0.jar -Djdk.module.main=edu.templ.usbfamilytree edu.templ.usbfamilytree/edu.templ.usbfamilytree.MainApplication

Host: "MacBookPro17,1" arm64 1 MHz, 8 cores, 16G, Darwin 21.1.0, macOS 12.0.1 (21A559)
Time: Wed Apr  6 08:52:33 2022 EDT elapsed time: 36.192320 seconds (0d 0h 0m 36s)

---------------  T H R E A D  ---------------

Current thread (0x000000012a0f8000):  JavaThread "InvokeLaterDispatcher" daemon [_thread_in_native, id=35087, stack(0x000000016ebc8000,0x000000016edcb000)]

Stack: [0x000000016ebc8000,0x000000016edcb000],  sp=0x000000016edca7a0,  free space=2057k
Native frames: (J=compiled Java code, j=interpreted, Vv=VM code, C=native code)
v  ~StubRoutines::SafeFetchN
V  [libjvm.dylib+0x7a6bcc]  OopStorage::release(oopDesc* const*)+0x20
V  [libjvm.dylib+0x4ba824]  jni_DeleteGlobalRef+0xd8
C  [libglass.dylib+0xab08]  -[GlassRunnable dealloc]+0x34
C  [Foundation+0x85e0c]  -[_NSThreadPerformInfo dealloc]+0x30
C  [Foundation+0x525e8]  -[NSObject(NSThreadPerformAdditions) performSelectorOnMainThread:withObject:waitUntilDone:]+0x88
C  0x816b8001156a634c
J 2496 c1 com.sun.glass.ui.mac.MacApplication.submitForLaterInvocation(Ljava/lang/Runnable;)V javafx.graphics (6 bytes) @ 0x000000010e4e5a58 [0x000000010e4e59c0+0x0000000000000098]
C  0x000000070e815708

Java frames: (J=compiled Java code, j=interpreted, Vv=VM code)
J 2765  com.sun.glass.ui.mac.MacApplication._submitForLaterInvocation(Ljava/lang/Runnable;)V javafx.graphics (0 bytes) @ 0x00000001156a634c [0x00000001156a62c0+0x000000000000008c]
J 2496 c1 com.sun.glass.ui.mac.MacApplication.submitForLaterInvocation(Ljava/lang/Runnable;)V javafx.graphics (6 bytes) @ 0x000000010e4e5a58 [0x000000010e4e59c0+0x0000000000000098]
j  com.sun.glass.ui.InvokeLaterDispatcher.run()V+82 javafx.graphics
v  ~StubRoutines::call_stub

siginfo: si_signo: 10 (SIGBUS), si_code: 1 (BUS_ADRALN), si_addr: 0x000000010dad94f0

Register to memory mapping:

 x0=0x00000001050048c8 points into unknown readable memory: 0x0000000000000000 | 00 00 00 00 00 00 00 00
 x1=0x0 is NULL
 x2=0x000000070edcd220 is an oop: com.sun.glass.ui.InvokeLaterDispatcher$Future 
{0x000000070edcd220} - klass: 'com/sun/glass/ui/InvokeLaterDispatcher$Future'
 - ---- fields (total size 3 words):
 - private 'done' 'Z' @12  true
 - private final 'runnable' 'Ljava/lang/Runnable;' @16  a 'com/sun/javafx/application/PlatformImpl$$Lambda$113+0x0000000800c82600'{0x000000070cf9aaf8} (e19f355f)
 - final synthetic 'this$0' 'Lcom/sun/glass/ui/InvokeLaterDispatcher;' @20  a 'com/sun/glass/ui/InvokeLaterDispatcher'{0x000000070e815708} (e1d02ae1)
 x3=0x0 is NULL
 x4=0x0 is NULL
 x5=0x0 is NULL
 x6=0x0 is NULL
 x7=0x0 is NULL
 x8=0x000000010dad94ec is at begin+0 in a stub
StubRoutines::SafeFetchN [0x000000010dad94ec, 0x000000010dad94f8] (12 bytes)
 x9=0x0 is NULL
x10=0x2010000030300000 is an unknown value
x11=0x0000000000000007 is an unknown value
x12=0x0 is NULL
x13=0x0000600002840b70 points into unknown readable memory: 0x001813d000000002 | 02 00 00 00 d0 13 18 00
x14=0x0000000000000001 is an unknown value
x15=0x000000011dce5f98: OBJC_CLASS_$_GlassRunnable+0 in /Users/dan/.openjfx/cache/17.0.1/libglass.dylib at 0x000000011dca0000
x16=0x000000018a404340: pthread_getspecific+0 in /usr/lib/system/libsystem_pthread.dylib at 0x000000018a402000
x17=0x0000600002240060 points into unknown readable memory: 0xfffffffffffffffe | fe ff ff ff ff ff ff ff
x18=0x0 is NULL
x19=0x0000600002d588c0 points into unknown readable memory: 0x00006000004516e0 | e0 16 45 00 00 60 00 00
x20=0x00000001050046c0 points into unknown readable memory: 0x0000001000000a84 | 84 0a 00 00 10 00 00 00
x21=0x00000001050048c8 points into unknown readable memory: 0x0000000000000000 | 00 00 00 00 00 00 00 00
x22=0x000000012a0f8000 is a thread
x23=0x0000000000000001 is an unknown value
x24=0x0000000105004880 is a global jni handle
x25=0x0000000105f995e8: _ZN12StubRoutines17_safefetchN_entryE+0 in /Users/dan/Library/Java/JavaVirtualMachines/openjdk-17.0.2/Contents/Home/lib/server/libjvm.dylib at 0x00000001053e8000
x26=0x000000011ed1b1d0 is pointing into metadata
x27=0x0 is NULL
x28=0x000000012a0f8000 is a thread


Registers:
 x0=0x00000001050048c8  x1=0x0000000000000000  x2=0x000000070edcd220  x3=0x0000000000000000
 x4=0x0000000000000000  x5=0x0000000000000000  x6=0x0000000000000000  x7=0x0000000000000000
 x8=0x000000010dad94ec  x9=0x0000000000000000 x10=0x2010000030300000 x11=0x0000000000000007
x12=0x0000000000000000 x13=0x0000600002840b70 x14=0x0000000000000001 x15=0x000000011dce5f98
x16=0x000000018a404340 x17=0x0000600002240060 x18=0x0000000000000000 x19=0x0000600002d588c0
x20=0x00000001050046c0 x21=0x00000001050048c8 x22=0x000000012a0f8000 x23=0x0000000000000001
x24=0x0000000105004880 x25=0x0000000105f995e8 x26=0x000000011ed1b1d0 x27=0x0000000000000000
x28=0x000000012a0f8000  fp=0x000000016edca7e0  lr=0x0000000105b8d99c  sp=0x000000016edca7a0
pc=0x000000010dad94f0 cpsr=0x0000000060001000
Top of Stack: (sp=0x000000016edca7a0)
0x000000016edca7a0:   000000011ed1b1d0 0000000000000001
0x000000016edca7b0:   0000000800c2e000 0000000000000000
0x000000016edca7c0:   00000001290852a8 00000001050048b0
0x000000016edca7d0:   00000001050048b0 0000600002d588c0
0x000000016edca7e0:   000000016edca820 0000000105b8ebcc
0x000000016edca7f0:   0000000000000001 00000001050048b0
0x000000016edca800:   00000001290852a8 00000001050048b0
0x000000016edca810:   0000000000000001 0000000129085000
0x000000016edca820:   000000016edca860 00000001058a2824
0x000000016edca830:   0000000800c2e000 0000600000445800
0x000000016edca840:   0000600000445760 00000001d46319f4
0x000000016edca850:   0000000000000000 0000600000445760
0x000000016edca860:   000000016edca890 000000011dcaab08
0x000000016edca870:   cdc0a36490c0004b 0000000000000000
0x000000016edca880:   0000000000000000 000060000138d640
0x000000016edca890:   000000016edca8d0 000000018b3cce0c
0x000000016edca8a0:   0000000800c2e000 0000600000445800
0x000000016edca8b0:   0000600000445760 cdc0a36490c0004b
0x000000016edca8c0:   0000000000000000 0000000000000000
0x000000016edca8d0:   000000016edca910 4f4900018b3995e8
0x000000016edca8e0:   0000000800c2e000 000000010dae07c0
0x000000016edca8f0:   000000011ed1ac0a 0000000105fa0fa8
0x000000016edca900:   000000016edca9f0 00000000000000b9
0x000000016edca910:   000000016edca970 816b8001156a634c
0x000000016edca920:   000000070e8122f8 000000070edcd220
0x000000016edca930:   000000016edcaa98 000000018a410530
0x000000016edca940:   000000012a0f8000 0000000105f7ddb0
0x000000016edca950:   000000016edcaa00 0000000000000001
0x000000016edca960:   000000016edca9a0 000000070e962b98
0x000000016edca970:   000000016edcaa60 000000010e4e5a58
0x000000016edca980:   000000070edcd220 000000070cf9aaf8
0x000000016edca990:   000000016edca9f8 00000000000000b6 

Instructions: (pc=0x000000010dad94f0)
0x000000010dad93f0:   f2a0bec9 f2c00029 6d425935 1e640886
0x000000010dad9400:   0c402d31 1e6408c7 1f5654d0 1e6c1017
0x000000010dad9410:   1f5050d0 1f504cd0 1f5048d0 1e650af6
0x000000010dad9420:   1f50d8f6 1f5694d6 1f5158f6 1e762880
0x000000010dad9430:   36000501 1e614000 14000026 2e251ca5
0x000000010dad9440:   d28c3009 f2a0bec9 f2c00029 6d425d36
0x000000010dad9450:   1e600806 0c402d32 1f5758c7 1e6c101a
0x000000010dad9460:   1f4754c7 1e650805 1f4750c7 d2866668
0x000000010dad9470:   f2a7fa68 1f474cc7 1e6608c0 1f4748c7
0x000000010dad9480:   1e6e1019 eb08007f 540000ac 1f479400
0x000000010dad9490:   1f460340 1e603b20 1400000e d2a7fd29
0x000000010dad94a0:   eb09007f 540000ac 51480069 d3607d29
0x000000010dad94b0:   9e670121 14000002 1e6a5001 1f679417
0x000000010dad94c0:   1f668742 1e613b23 1e773857 1e773860
0x000000010dad94d0:   a8c17ff3 910003bf a8c17bfd d65f03c0
0x000000010dad94e0:   b9400001 aa0103e0 d65f03c0 f9400001
0x000000010dad94f0:   aa0103e0 d65f03c0 00000000 00000000
0x000000010dad9500:   00000000 00000000 00000000 00000000
0x000000010dad9510:   00000000 00000000 00000000 00000000
0x000000010dad9520:   00000000 00000000 00000000 00000000
0x000000010dad9530:   00000000 00000000 00000000 00000000
0x000000010dad9540:   00000000 00000000 00000000 00000000
0x000000010dad9550:   00000000 00000000 00000000 00000000
0x000000010dad9560:   00000000 00000000 00000000 00000000
0x000000010dad9570:   00000000 00000000 00000000 00000000
0x000000010dad9580:   00000000 00000000 00000000 00000000
0x000000010dad9590:   00000000 00000000 00000000 00000000
0x000000010dad95a0:   00000000 00000000 00000000 00000000
0x000000010dad95b0:   00000000 00000000 00000000 00000000
0x000000010dad95c0:   00000000 00000000 00000000 00000000
0x000000010dad95d0:   00000000 00000000 00000000 00000000
0x000000010dad95e0:   00000000 00000000 00000000 00000000 


Stack slot to memory mapping:
stack at sp + 0 slots: 0x000000011ed1b1d0 is pointing into metadata
stack at sp + 1 slots: 0x0000000000000001 is an unknown value
stack at sp + 2 slots: 0x0000000800c2e000 is a pointer to class: 
com.sun.glass.ui.mac.MacApplication {0x0000000800c2e000}
 - instance size:     5
 - klass size:        136
 - access:            final synchronized 
 - state:             fully_initialized
 - name:              'com/sun/glass/ui/mac/MacApplication'
 - super:             'com/sun/glass/ui/Application'
 - sub:               
 - arrays:            NULL
 - methods:           Array<T>(0x000000011ecf6050)
 - method ordering:   Array<T>(0x000000080091b250)
 - default_methods:   Array<T>(0x0000000000000000)
 - local interfaces:  Array<T>(0x000000011ecf5e40)
 - trans. interfaces: Array<T>(0x000000011ecf5e40)
 - constants:         constant pool [548]/operands[69] {0x000000011ecf4b60} for 'com/sun/glass/ui/mac/MacApplication' cache=0x000000011ed18b68
 - class loader data:  loader data: 0x00006000037500a0 for instance a 'jdk/internal/loader/ClassLoaders$AppClassLoader'{0x000000070e820488}
 - source file:       'MacApplication.java'
 - class annotations:       Array<T>(0x0000000000000000)
 - class type annotations:  Array<T>(0x0000000000000000)
 - field annotations:       Array<T>(0x0000000000000000)
 - field type annotations:  Array<T>(0x0000000000000000)
 - inner classes:     Array<T>(0x000000011ecf2f40)
 - nest members:     Array<T>(0x000000011ecf2f98)
 - permitted subclasses:     Array<T>(0x00000008005d7598)
 - java mirror:       a 'java/lang/Class'{0x000000070e812280} = 'com/sun/glass/ui/mac/MacApplication'
 - vtable length      72  (start addr: 0x0000000800c2e1d0)
 - itable length      5 (start addr: 0x0000000800c2e410)
 - ---- static fields (1 words):
 - static final 'BROWSER_PARENT_ID' 'J' @112 
 - ---- non-static fields (7 words):
 - private 'initialActiveEventReceived' 'Z' @12 
 - private 'terminateWhenLastWindowClosed' 'Z' @13 
 - protected 'name' 'Ljava/lang/String;' @16 
 - private 'eventHandler' 'Lcom/sun/glass/ui/Application$EventHandler;' @20 
 - private 'initialOpenedFiles' '[Ljava/lang/String;' @24 
 - private 'isTaskbarApplication' 'Z' @14 
 - private 'firstDidResignActive' 'Z' @15 
 - private final 'invokeLaterDispatcher' 'Lcom/sun/glass/ui/InvokeLaterDispatcher;' @28 
 - private 'appleMenu' 'Lcom/sun/glass/ui/Menu;' @32 
 - private final 'reactivationLatch' 'Ljava/util/concurrent/CountDownLatch;' @36 
 - non-static oop maps: 16-36 
stack at sp + 3 slots: 0x0 is NULL
stack at sp + 4 slots: 0x00000001290852a8 points into unknown readable memory: 0x0000000105f56738 | 38 67 f5 05 01 00 00 00
stack at sp + 5 slots: 0x00000001050048b0 is a global jni handle
stack at sp + 6 slots: 0x00000001050048b0 is a global jni handle
stack at sp + 7 slots: 0x0000600002d588c0 points into unknown readable memory: 0x00006000004516e0 | e0 16 45 00 00 60 00 00

StubRoutines::SafeFetchN [0x000000010dad94ec, 0x000000010dad94f8] (12 bytes)
[MachCode]
  0x000000010dad94ec: 0100 40f9 | e003 01aa | c003 5fd6 
[/MachCode]

---------------  P R O C E S S  ---------------

Threads class SMR info:
_java_thread_list=0x00006000006b1ac0, length=20, elements={
0x000000012a012000, 0x000000012a04dc00, 0x000000012a050400, 0x000000011f00ea00,
0x000000011f00d400, 0x000000011f009e00, 0x000000011f00a400, 0x000000011f00aa00,
0x000000012e810200, 0x000000011f013200, 0x0000000129082400, 0x0000000129036200,
0x000000011e024200, 0x000000012a0f8000, 0x0000000129085000, 0x00000001289e9400,
0x00000001289e8000, 0x0000000128a3ca00, 0x0000000128a70000, 0x000000011f808e00
}

Java Threads: ( => current thread )
  0x000000012a012000 JavaThread "main" [_thread_blocked, id=10243, stack(0x000000016bda8000,0x000000016bfab000)]
  0x000000012a04dc00 JavaThread "Reference Handler" daemon [_thread_blocked, id=16131, stack(0x000000016cbfc000,0x000000016cdff000)]
  0x000000012a050400 JavaThread "Finalizer" daemon [_thread_blocked, id=17411, stack(0x000000016ce08000,0x000000016d00b000)]
  0x000000011f00ea00 JavaThread "Signal Dispatcher" daemon [_thread_blocked, id=22787, stack(0x000000016d12c000,0x000000016d32f000)]
  0x000000011f00d400 JavaThread "Service Thread" daemon [_thread_blocked, id=42243, stack(0x000000016d338000,0x000000016d53b000)]
  0x000000011f009e00 JavaThread "Monitor Deflation Thread" daemon [_thread_blocked, id=23555, stack(0x000000016d544000,0x000000016d747000)]
  0x000000011f00a400 JavaThread "C2 CompilerThread0" daemon [_thread_blocked, id=23811, stack(0x000000016d750000,0x000000016d953000)]
  0x000000011f00aa00 JavaThread "C1 CompilerThread0" daemon [_thread_blocked, id=24323, stack(0x000000016d95c000,0x000000016db5f000)]
  0x000000012e810200 JavaThread "Sweeper thread" daemon [_thread_blocked, id=24579, stack(0x000000016db68000,0x000000016dd6b000)]
  0x000000011f013200 JavaThread "Common-Cleaner" daemon [_thread_blocked, id=25091, stack(0x000000016dd74000,0x000000016df77000)]
  0x0000000129082400 JavaThread "Monitor Ctrl-Break" daemon [_thread_in_native, id=40707, stack(0x000000016e398000,0x000000016e59b000)]
  0x0000000129036200 JavaThread "Notification Thread" daemon [_thread_blocked, id=40195, stack(0x000000016e5a4000,0x000000016e7a7000)]
  0x000000011e024200 JavaThread "QuantumRenderer-0" daemon [_thread_blocked, id=26371, stack(0x000000016e9bc000,0x000000016ebbf000)]
=>0x000000012a0f8000 JavaThread "InvokeLaterDispatcher" daemon [_thread_in_native, id=35087, stack(0x000000016ebc8000,0x000000016edcb000)]
  0x0000000129085000 JavaThread "JavaFX Application Thread" [_thread_in_native, id=259, stack(0x000000016b520000,0x000000016bd1c000)]
  0x00000001289e9400 JavaThread "JavaFX-Launcher" [_thread_blocked, id=54551, stack(0x000000016e00c000,0x000000016e20f000)]
  0x00000001289e8000 JavaThread "Prism Font Disposer" daemon [_thread_blocked, id=59539, stack(0x000000016faa8000,0x000000016fcab000)]
  0x0000000128a3ca00 JavaThread "Cleaner-0" daemon [_thread_blocked, id=89127, stack(0x0000000282818000,0x0000000282a1b000)]
  0x0000000128a70000 JavaThread "Attach Listener" daemon [_thread_blocked, id=25611, stack(0x0000000284da8000,0x0000000284fab000)]
  0x000000011f808e00 JavaThread "PulseTimer-CVDisplayLink thread" daemon [_thread_in_native, id=34611, stack(0x000000016d014000,0x000000016d097000)]

Other Threads:
  0x000000012980a440 VMThread "VM Thread" [stack: 0x000000016c9f0000,0x000000016cbf3000] [id=15619]
  0x000000011db0a8f0 WatcherThread [stack: 0x000000016e7b0000,0x000000016e9b3000] [id=25859]
  0x0000000129807600 GCTaskThread "GC Thread#0" [stack: 0x000000016bfb4000,0x000000016c1b7000] [id=19971]
  0x0000000128715a10 GCTaskThread "GC Thread#1" [stack: 0x000000016edd4000,0x000000016efd7000] [id=72199]
  0x0000000104f0fa40 GCTaskThread "GC Thread#2" [stack: 0x000000016f06c000,0x000000016f26f000] [id=57091]
  0x0000000104f10010 GCTaskThread "GC Thread#3" [stack: 0x000000016f278000,0x000000016f47b000] [id=71683]
  0x0000000104f10490 GCTaskThread "GC Thread#4" [stack: 0x000000016f484000,0x000000016f687000] [id=57603]
  0x0000000104f10910 GCTaskThread "GC Thread#5" [stack: 0x000000016f690000,0x000000016f893000] [id=71171]
  0x000000011db042b0 ConcurrentGCThread "G1 Main Marker" [stack: 0x000000016c1c0000,0x000000016c3c3000] [id=12803]
  0x000000011db04b30 ConcurrentGCThread "G1 Conc#0" [stack: 0x000000016c3cc000,0x000000016c5cf000] [id=19715]
  0x00000001286062d0 ConcurrentGCThread "G1 Refine#0" [stack: 0x000000016c5d8000,0x000000016c7db000] [id=14339]
  0x0000000128705a60 ConcurrentGCThread "G1 Service" [stack: 0x000000016c7e4000,0x000000016c9e7000] [id=19203]

Threads with active compile tasks:

VM state: not at safepoint (normal execution)

VM Mutex/Monitor currently owned by a thread: None

Heap address: 0x0000000700000000, size: 4096 MB, Compressed Oops mode: Zero based, Oop shift amount: 3

CDS archive(s) mapped at: [0x0000000800000000-0x0000000800bd4000-0x0000000800bd4000), size 12402688, SharedBaseAddress: 0x0000000800000000, ArchiveRelocationMode: 0.
Compressed class space mapped at: 0x0000000800c00000-0x0000000840c00000, reserved size: 1073741824
Narrow klass base: 0x0000000800000000, Narrow klass shift: 0, Narrow klass range: 0x100000000

GC Precious Log:
 CPUs: 8 total, 8 available
 Memory: 16384M
 Large Page Support: Disabled
 NUMA Support: Disabled
 Compressed Oops: Enabled (Zero based)
 Heap Region Size: 2M
 Heap Min Capacity: 8M
 Heap Initial Capacity: 256M
 Heap Max Capacity: 4G
 Pre-touch: Disabled
 Parallel Workers: 8
 Concurrent Workers: 2
 Concurrent Refinement Workers: 8
 Periodic GC: Disabled

Heap:
 garbage-first heap   total 266240K, used 52121K [0x0000000700000000, 0x0000000800000000)
  region size 2048K, 25 young (51200K), 2 survivors (4096K)
 Metaspace       used 16916K, committed 17152K, reserved 1064960K
  class space    used 2425K, committed 2560K, reserved 1048576K

Heap Regions: E=young(eden), S=young(survivor), O=old, HS=humongous(starts), HC=humongous(continues), CS=collection set, F=free, OA=open archive, CA=closed archive, TAMS=top-at-mark-start (previous, next)
|   0|0x0000000700000000, 0x0000000700200000, 0x0000000700200000|100%|HS|  |TAMS 0x0000000700000000, 0x0000000700000000| Complete 
|   1|0x0000000700200000, 0x0000000700200000, 0x0000000700400000|  0%| F|  |TAMS 0x0000000700200000, 0x0000000700200000| Untracked 
|   2|0x0000000700400000, 0x0000000700400000, 0x0000000700600000|  0%| F|  |TAMS 0x0000000700400000, 0x0000000700400000| Untracked 
|   3|0x0000000700600000, 0x0000000700600000, 0x0000000700800000|  0%| F|  |TAMS 0x0000000700600000, 0x0000000700600000| Untracked 
|   4|0x0000000700800000, 0x0000000700800000, 0x0000000700a00000|  0%| F|  |TAMS 0x0000000700800000, 0x0000000700800000| Untracked 
|   5|0x0000000700a00000, 0x0000000700a00000, 0x0000000700c00000|  0%| F|  |TAMS 0x0000000700a00000, 0x0000000700a00000| Untracked 
|   6|0x0000000700c00000, 0x0000000700c00000, 0x0000000700e00000|  0%| F|  |TAMS 0x0000000700c00000, 0x0000000700c00000| Untracked 
|   7|0x0000000700e00000, 0x0000000700e00000, 0x0000000701000000|  0%| F|  |TAMS 0x0000000700e00000, 0x0000000700e00000| Untracked 
|   8|0x0000000701000000, 0x0000000701000000, 0x0000000701200000|  0%| F|  |TAMS 0x0000000701000000, 0x0000000701000000| Untracked 
|   9|0x0000000701200000, 0x0000000701200000, 0x0000000701400000|  0%| F|  |TAMS 0x0000000701200000, 0x0000000701200000| Untracked 
|  10|0x0000000701400000, 0x0000000701400000, 0x0000000701600000|  0%| F|  |TAMS 0x0000000701400000, 0x0000000701400000| Untracked 
|  11|0x0000000701600000, 0x0000000701600000, 0x0000000701800000|  0%| F|  |TAMS 0x0000000701600000, 0x0000000701600000| Untracked 
|  12|0x0000000701800000, 0x0000000701800000, 0x0000000701a00000|  0%| F|  |TAMS 0x0000000701800000, 0x0000000701800000| Untracked 
|  13|0x0000000701a00000, 0x0000000701a00000, 0x0000000701c00000|  0%| F|  |TAMS 0x0000000701a00000, 0x0000000701a00000| Untracked 
|  14|0x0000000701c00000, 0x0000000701c00000, 0x0000000701e00000|  0%| F|  |TAMS 0x0000000701c00000, 0x0000000701c00000| Untracked 
|  15|0x0000000701e00000, 0x0000000701e00000, 0x0000000702000000|  0%| F|  |TAMS 0x0000000701e00000, 0x0000000701e00000| Untracked 
|  16|0x0000000702000000, 0x0000000702000000, 0x0000000702200000|  0%| F|  |TAMS 0x0000000702000000, 0x0000000702000000| Untracked 
|  17|0x0000000702200000, 0x0000000702200000, 0x0000000702400000|  0%| F|  |TAMS 0x0000000702200000, 0x0000000702200000| Untracked 
|  18|0x0000000702400000, 0x0000000702400000, 0x0000000702600000|  0%| F|  |TAMS 0x0000000702400000, 0x0000000702400000| Untracked 
|  19|0x0000000702600000, 0x0000000702600000, 0x0000000702800000|  0%| F|  |TAMS 0x0000000702600000, 0x0000000702600000| Untracked 
|  20|0x0000000702800000, 0x0000000702800000, 0x0000000702a00000|  0%| F|  |TAMS 0x0000000702800000, 0x0000000702800000| Untracked 
|  21|0x0000000702a00000, 0x0000000702a00000, 0x0000000702c00000|  0%| F|  |TAMS 0x0000000702a00000, 0x0000000702a00000| Untracked 
|  22|0x0000000702c00000, 0x0000000702c00000, 0x0000000702e00000|  0%| F|  |TAMS 0x0000000702c00000, 0x0000000702c00000| Untracked 
|  23|0x0000000702e00000, 0x0000000702e00000, 0x0000000703000000|  0%| F|  |TAMS 0x0000000702e00000, 0x0000000702e00000| Untracked 
|  24|0x0000000703000000, 0x0000000703000000, 0x0000000703200000|  0%| F|  |TAMS 0x0000000703000000, 0x0000000703000000| Untracked 
|  25|0x0000000703200000, 0x0000000703200000, 0x0000000703400000|  0%| F|  |TAMS 0x0000000703200000, 0x0000000703200000| Untracked 
|  26|0x0000000703400000, 0x0000000703400000, 0x0000000703600000|  0%| F|  |TAMS 0x0000000703400000, 0x0000000703400000| Untracked 
|  27|0x0000000703600000, 0x0000000703600000, 0x0000000703800000|  0%| F|  |TAMS 0x0000000703600000, 0x0000000703600000| Untracked 
|  28|0x0000000703800000, 0x0000000703800000, 0x0000000703a00000|  0%| F|  |TAMS 0x0000000703800000, 0x0000000703800000| Untracked 
|  29|0x0000000703a00000, 0x0000000703a00000, 0x0000000703c00000|  0%| F|  |TAMS 0x0000000703a00000, 0x0000000703a00000| Untracked 
|  30|0x0000000703c00000, 0x0000000703c00000, 0x0000000703e00000|  0%| F|  |TAMS 0x0000000703c00000, 0x0000000703c00000| Untracked 
|  31|0x0000000703e00000, 0x0000000703e00000, 0x0000000704000000|  0%| F|  |TAMS 0x0000000703e00000, 0x0000000703e00000| Untracked 
|  32|0x0000000704000000, 0x0000000704000000, 0x0000000704200000|  0%| F|  |TAMS 0x0000000704000000, 0x0000000704000000| Untracked 
|  33|0x0000000704200000, 0x0000000704200000, 0x0000000704400000|  0%| F|  |TAMS 0x0000000704200000, 0x0000000704200000| Untracked 
|  34|0x0000000704400000, 0x0000000704400000, 0x0000000704600000|  0%| F|  |TAMS 0x0000000704400000, 0x0000000704400000| Untracked 
|  35|0x0000000704600000, 0x0000000704600000, 0x0000000704800000|  0%| F|  |TAMS 0x0000000704600000, 0x0000000704600000| Untracked 
|  36|0x0000000704800000, 0x0000000704800000, 0x0000000704a00000|  0%| F|  |TAMS 0x0000000704800000, 0x0000000704800000| Untracked 
|  37|0x0000000704a00000, 0x0000000704a00000, 0x0000000704c00000|  0%| F|  |TAMS 0x0000000704a00000, 0x0000000704a00000| Untracked 
|  38|0x0000000704c00000, 0x0000000704c00000, 0x0000000704e00000|  0%| F|  |TAMS 0x0000000704c00000, 0x0000000704c00000| Untracked 
|  39|0x0000000704e00000, 0x0000000704e00000, 0x0000000705000000|  0%| F|  |TAMS 0x0000000704e00000, 0x0000000704e00000| Untracked 
|  40|0x0000000705000000, 0x0000000705000000, 0x0000000705200000|  0%| F|  |TAMS 0x0000000705000000, 0x0000000705000000| Untracked 
|  41|0x0000000705200000, 0x0000000705200000, 0x0000000705400000|  0%| F|  |TAMS 0x0000000705200000, 0x0000000705200000| Untracked 
|  42|0x0000000705400000, 0x0000000705400000, 0x0000000705600000|  0%| F|  |TAMS 0x0000000705400000, 0x0000000705400000| Untracked 
|  43|0x0000000705600000, 0x0000000705600000, 0x0000000705800000|  0%| F|  |TAMS 0x0000000705600000, 0x0000000705600000| Untracked 
|  44|0x0000000705800000, 0x0000000705800000, 0x0000000705a00000|  0%| F|  |TAMS 0x0000000705800000, 0x0000000705800000| Untracked 
|  45|0x0000000705a00000, 0x0000000705a00000, 0x0000000705c00000|  0%| F|  |TAMS 0x0000000705a00000, 0x0000000705a00000| Untracked 
|  46|0x0000000705c00000, 0x0000000705c00000, 0x0000000705e00000|  0%| F|  |TAMS 0x0000000705c00000, 0x0000000705c00000| Untracked 
|  47|0x0000000705e00000, 0x0000000705e00000, 0x0000000706000000|  0%| F|  |TAMS 0x0000000705e00000, 0x0000000705e00000| Untracked 
|  48|0x0000000706000000, 0x0000000706000000, 0x0000000706200000|  0%| F|  |TAMS 0x0000000706000000, 0x0000000706000000| Untracked 
|  49|0x0000000706200000, 0x0000000706200000, 0x0000000706400000|  0%| F|  |TAMS 0x0000000706200000, 0x0000000706200000| Untracked 
|  50|0x0000000706400000, 0x0000000706400000, 0x0000000706600000|  0%| F|  |TAMS 0x0000000706400000, 0x0000000706400000| Untracked 
|  51|0x0000000706600000, 0x0000000706600000, 0x0000000706800000|  0%| F|  |TAMS 0x0000000706600000, 0x0000000706600000| Untracked 
|  52|0x0000000706800000, 0x0000000706800000, 0x0000000706a00000|  0%| F|  |TAMS 0x0000000706800000, 0x0000000706800000| Untracked 
|  53|0x0000000706a00000, 0x0000000706a00000, 0x0000000706c00000|  0%| F|  |TAMS 0x0000000706a00000, 0x0000000706a00000| Untracked 
|  54|0x0000000706c00000, 0x0000000706c00000, 0x0000000706e00000|  0%| F|  |TAMS 0x0000000706c00000, 0x0000000706c00000| Untracked 
|  55|0x0000000706e00000, 0x0000000706e00000, 0x0000000707000000|  0%| F|  |TAMS 0x0000000706e00000, 0x0000000706e00000| Untracked 
|  56|0x0000000707000000, 0x0000000707000000, 0x0000000707200000|  0%| F|  |TAMS 0x0000000707000000, 0x0000000707000000| Untracked 
|  57|0x0000000707200000, 0x0000000707200000, 0x0000000707400000|  0%| F|  |TAMS 0x0000000707200000, 0x0000000707200000| Untracked 
|  58|0x0000000707400000, 0x0000000707400000, 0x0000000707600000|  0%| F|  |TAMS 0x0000000707400000, 0x0000000707400000| Untracked 
|  59|0x0000000707600000, 0x0000000707600000, 0x0000000707800000|  0%| F|  |TAMS 0x0000000707600000, 0x0000000707600000| Untracked 
|  60|0x0000000707800000, 0x0000000707800000, 0x0000000707a00000|  0%| F|  |TAMS 0x0000000707800000, 0x0000000707800000| Untracked 
|  61|0x0000000707a00000, 0x0000000707a00000, 0x0000000707c00000|  0%| F|  |TAMS 0x0000000707a00000, 0x0000000707a00000| Untracked 
|  62|0x0000000707c00000, 0x0000000707c00000, 0x0000000707e00000|  0%| F|  |TAMS 0x0000000707c00000, 0x0000000707c00000| Untracked 
|  63|0x0000000707e00000, 0x0000000707e00000, 0x0000000708000000|  0%| F|  |TAMS 0x0000000707e00000, 0x0000000707e00000| Untracked 
|  64|0x0000000708000000, 0x0000000708000000, 0x0000000708200000|  0%| F|  |TAMS 0x0000000708000000, 0x0000000708000000| Untracked 
|  65|0x0000000708200000, 0x0000000708200000, 0x0000000708400000|  0%| F|  |TAMS 0x0000000708200000, 0x0000000708200000| Untracked 
|  66|0x0000000708400000, 0x0000000708400000, 0x0000000708600000|  0%| F|  |TAMS 0x0000000708400000, 0x0000000708400000| Untracked 
|  67|0x0000000708600000, 0x0000000708600000, 0x0000000708800000|  0%| F|  |TAMS 0x0000000708600000, 0x0000000708600000| Untracked 
|  68|0x0000000708800000, 0x0000000708800000, 0x0000000708a00000|  0%| F|  |TAMS 0x0000000708800000, 0x0000000708800000| Untracked 
|  69|0x0000000708a00000, 0x0000000708a00000, 0x0000000708c00000|  0%| F|  |TAMS 0x0000000708a00000, 0x0000000708a00000| Untracked 
|  70|0x0000000708c00000, 0x0000000708c00000, 0x0000000708e00000|  0%| F|  |TAMS 0x0000000708c00000, 0x0000000708c00000| Untracked 
|  71|0x0000000708e00000, 0x0000000708e00000, 0x0000000709000000|  0%| F|  |TAMS 0x0000000708e00000, 0x0000000708e00000| Untracked 
|  72|0x0000000709000000, 0x0000000709000000, 0x0000000709200000|  0%| F|  |TAMS 0x0000000709000000, 0x0000000709000000| Untracked 
|  73|0x0000000709200000, 0x0000000709200000, 0x0000000709400000|  0%| F|  |TAMS 0x0000000709200000, 0x0000000709200000| Untracked 
|  74|0x0000000709400000, 0x0000000709400000, 0x0000000709600000|  0%| F|  |TAMS 0x0000000709400000, 0x0000000709400000| Untracked 
|  75|0x0000000709600000, 0x0000000709600000, 0x0000000709800000|  0%| F|  |TAMS 0x0000000709600000, 0x0000000709600000| Untracked 
|  76|0x0000000709800000, 0x0000000709800000, 0x0000000709a00000|  0%| F|  |TAMS 0x0000000709800000, 0x0000000709800000| Untracked 
|  77|0x0000000709a00000, 0x0000000709a00000, 0x0000000709c00000|  0%| F|  |TAMS 0x0000000709a00000, 0x0000000709a00000| Untracked 
|  78|0x0000000709c00000, 0x0000000709c00000, 0x0000000709e00000|  0%| F|  |TAMS 0x0000000709c00000, 0x0000000709c00000| Untracked 
|  79|0x0000000709e00000, 0x0000000709e00000, 0x000000070a000000|  0%| F|  |TAMS 0x0000000709e00000, 0x0000000709e00000| Untracked 
|  80|0x000000070a000000, 0x000000070a000000, 0x000000070a200000|  0%| F|  |TAMS 0x000000070a000000, 0x000000070a000000| Untracked 
|  81|0x000000070a200000, 0x000000070a200000, 0x000000070a400000|  0%| F|  |TAMS 0x000000070a200000, 0x000000070a200000| Untracked 
|  82|0x000000070a400000, 0x000000070a400000, 0x000000070a600000|  0%| F|  |TAMS 0x000000070a400000, 0x000000070a400000| Untracked 
|  83|0x000000070a600000, 0x000000070a600000, 0x000000070a800000|  0%| F|  |TAMS 0x000000070a600000, 0x000000070a600000| Untracked 
|  84|0x000000070a800000, 0x000000070a800000, 0x000000070aa00000|  0%| F|  |TAMS 0x000000070a800000, 0x000000070a800000| Untracked 
|  85|0x000000070aa00000, 0x000000070aa00000, 0x000000070ac00000|  0%| F|  |TAMS 0x000000070aa00000, 0x000000070aa00000| Untracked 
|  86|0x000000070ac00000, 0x000000070ac00000, 0x000000070ae00000|  0%| F|  |TAMS 0x000000070ac00000, 0x000000070ac00000| Untracked 
|  87|0x000000070ae00000, 0x000000070ae00000, 0x000000070b000000|  0%| F|  |TAMS 0x000000070ae00000, 0x000000070ae00000| Untracked 
|  88|0x000000070b000000, 0x000000070b000000, 0x000000070b200000|  0%| F|  |TAMS 0x000000070b000000, 0x000000070b000000| Untracked 
|  89|0x000000070b200000, 0x000000070b200000, 0x000000070b400000|  0%| F|  |TAMS 0x000000070b200000, 0x000000070b200000| Untracked 
|  90|0x000000070b400000, 0x000000070b400000, 0x000000070b600000|  0%| F|  |TAMS 0x000000070b400000, 0x000000070b400000| Untracked 
|  91|0x000000070b600000, 0x000000070b600000, 0x000000070b800000|  0%| F|  |TAMS 0x000000070b600000, 0x000000070b600000| Untracked 
|  92|0x000000070b800000, 0x000000070b800000, 0x000000070ba00000|  0%| F|  |TAMS 0x000000070b800000, 0x000000070b800000| Untracked 
|  93|0x000000070ba00000, 0x000000070ba00000, 0x000000070bc00000|  0%| F|  |TAMS 0x000000070ba00000, 0x000000070ba00000| Untracked 
|  94|0x000000070bc00000, 0x000000070bc00000, 0x000000070be00000|  0%| F|  |TAMS 0x000000070bc00000, 0x000000070bc00000| Untracked 
|  95|0x000000070be00000, 0x000000070be00000, 0x000000070c000000|  0%| F|  |TAMS 0x000000070be00000, 0x000000070be00000| Untracked 
|  96|0x000000070c000000, 0x000000070c000000, 0x000000070c200000|  0%| F|  |TAMS 0x000000070c000000, 0x000000070c000000| Untracked 
|  97|0x000000070c200000, 0x000000070c200000, 0x000000070c400000|  0%| F|  |TAMS 0x000000070c200000, 0x000000070c200000| Untracked 
|  98|0x000000070c400000, 0x000000070c400000, 0x000000070c600000|  0%| F|  |TAMS 0x000000070c400000, 0x000000070c400000| Untracked 
|  99|0x000000070c600000, 0x000000070c600000, 0x000000070c800000|  0%| F|  |TAMS 0x000000070c600000, 0x000000070c600000| Untracked 
| 100|0x000000070c800000, 0x000000070c800000, 0x000000070ca00000|  0%| F|  |TAMS 0x000000070c800000, 0x000000070c800000| Untracked 
| 101|0x000000070ca00000, 0x000000070ca00000, 0x000000070cc00000|  0%| F|  |TAMS 0x000000070ca00000, 0x000000070ca00000| Untracked 
| 102|0x000000070cc00000, 0x000000070cc00000, 0x000000070ce00000|  0%| F|  |TAMS 0x000000070cc00000, 0x000000070cc00000| Untracked 
| 103|0x000000070ce00000, 0x000000070d000000, 0x000000070d000000|100%| E|  |TAMS 0x000000070ce00000, 0x000000070ce00000| Complete 
| 104|0x000000070d000000, 0x000000070d200000, 0x000000070d200000|100%| E|CS|TAMS 0x000000070d000000, 0x000000070d000000| Complete 
| 105|0x000000070d200000, 0x000000070d400000, 0x000000070d400000|100%| E|CS|TAMS 0x000000070d200000, 0x000000070d200000| Complete 
| 106|0x000000070d400000, 0x000000070d600000, 0x000000070d600000|100%| E|CS|TAMS 0x000000070d400000, 0x000000070d400000| Complete 
| 107|0x000000070d600000, 0x000000070d800000, 0x000000070d800000|100%| E|CS|TAMS 0x000000070d600000, 0x000000070d600000| Complete 
| 108|0x000000070d800000, 0x000000070da00000, 0x000000070da00000|100%| E|CS|TAMS 0x000000070d800000, 0x000000070d800000| Complete 
| 109|0x000000070da00000, 0x000000070dc00000, 0x000000070dc00000|100%| E|CS|TAMS 0x000000070da00000, 0x000000070da00000| Complete 
| 110|0x000000070dc00000, 0x000000070de00000, 0x000000070de00000|100%| E|CS|TAMS 0x000000070dc00000, 0x000000070dc00000| Complete 
| 111|0x000000070de00000, 0x000000070e000000, 0x000000070e000000|100%| E|CS|TAMS 0x000000070de00000, 0x000000070de00000| Complete 
| 112|0x000000070e000000, 0x000000070e200000, 0x000000070e200000|100%| E|CS|TAMS 0x000000070e000000, 0x000000070e000000| Complete 
| 113|0x000000070e200000, 0x000000070e400000, 0x000000070e400000|100%| E|CS|TAMS 0x000000070e200000, 0x000000070e200000| Complete 
| 114|0x000000070e400000, 0x000000070e600000, 0x000000070e600000|100%| E|CS|TAMS 0x000000070e400000, 0x000000070e400000| Complete 
| 115|0x000000070e600000, 0x000000070e6ee710, 0x000000070e800000| 46%| S|CS|TAMS 0x000000070e600000, 0x000000070e600000| Complete 
| 116|0x000000070e800000, 0x000000070ea00000, 0x000000070ea00000|100%| S|CS|TAMS 0x000000070e800000, 0x000000070e800000| Complete 
| 117|0x000000070ea00000, 0x000000070ec00000, 0x000000070ec00000|100%| E|CS|TAMS 0x000000070ea00000, 0x000000070ea00000| Complete 
| 118|0x000000070ec00000, 0x000000070ee00000, 0x000000070ee00000|100%| E|CS|TAMS 0x000000070ec00000, 0x000000070ec00000| Complete 
| 119|0x000000070ee00000, 0x000000070f000000, 0x000000070f000000|100%| E|CS|TAMS 0x000000070ee00000, 0x000000070ee00000| Complete 
| 120|0x000000070f000000, 0x000000070f200000, 0x000000070f200000|100%| E|CS|TAMS 0x000000070f000000, 0x000000070f000000| Complete 
| 121|0x000000070f200000, 0x000000070f400000, 0x000000070f400000|100%| E|CS|TAMS 0x000000070f200000, 0x000000070f200000| Complete 
| 122|0x000000070f400000, 0x000000070f600000, 0x000000070f600000|100%| E|CS|TAMS 0x000000070f400000, 0x000000070f400000| Complete 
| 123|0x000000070f600000, 0x000000070f800000, 0x000000070f800000|100%| E|CS|TAMS 0x000000070f600000, 0x000000070f600000| Complete 
| 124|0x000000070f800000, 0x000000070fa00000, 0x000000070fa00000|100%| E|CS|TAMS 0x000000070f800000, 0x000000070f800000| Complete 
| 125|0x000000070fa00000, 0x000000070fc00000, 0x000000070fc00000|100%| E|CS|TAMS 0x000000070fa00000, 0x000000070fa00000| Complete 
| 126|0x000000070fc00000, 0x000000070fe00000, 0x000000070fe00000|100%| E|CS|TAMS 0x000000070fc00000, 0x000000070fc00000| Complete 
| 127|0x000000070fe00000, 0x0000000710000000, 0x0000000710000000|100%| E|CS|TAMS 0x000000070fe00000, 0x000000070fe00000| Complete 
|2046|0x00000007ffc00000, 0x00000007ffd78000, 0x00000007ffe00000| 73%|OA|  |TAMS 0x00000007ffc00000, 0x00000007ffc00000| Untracked 
|2047|0x00000007ffe00000, 0x00000007ffe80000, 0x0000000800000000| 25%|CA|  |TAMS 0x00000007ffe00000, 0x00000007ffe00000| Untracked 

Card table byte_map: [0x000000011cad8000,0x000000011d2d8000] _byte_map_base: 0x00000001192d8000

Marking Bits (Prev, Next): (CMBitMap*) 0x000000011e008210, (CMBitMap*) 0x000000011e008250
 Prev Bits: [0x000000012a800000, 0x000000012e800000)
 Next Bits: [0x0000000138000000, 0x000000013c000000)

Polling page: 0x0000000104268000

Metaspace:

Usage:
  Non-class:     14.15 MB used.
      Class:      2.37 MB used.
       Both:     16.52 MB used.

Virtual space:
  Non-class space:       16.00 MB reserved,      14.25 MB ( 89%) committed,  2 nodes.
      Class space:        1.00 GB reserved,       2.50 MB ( <1%) committed,  1 nodes.
             Both:        1.02 GB reserved,      16.75 MB (  2%) committed. 

Chunk freelists:
   Non-Class:  1.35 MB
       Class:  1.48 MB
        Both:  2.83 MB

MaxMetaspaceSize: unlimited
CompressedClassSpaceSize: 1.00 GB
Initial GC threshold: 21.00 MB
Current GC threshold: 21.00 MB
CDS: on
MetaspaceReclaimPolicy: balanced
 - commit_granule_bytes: 65536.
 - commit_granule_words: 8192.
 - virtual_space_node_default_size: 1048576.
 - enlarge_chunks_in_place: 1.
 - new_chunks_are_fully_committed: 0.
 - uncommit_free_chunks: 1.
 - use_allocation_guard: 0.
 - handle_deallocations: 1.


Internal statistics:

num_allocs_failed_limit: 0.
num_arena_births: 228.
num_arena_deaths: 0.
num_vsnodes_births: 3.
num_vsnodes_deaths: 0.
num_space_committed: 268.
num_space_uncommitted: 0.
num_chunks_returned_to_freelist: 0.
num_chunks_taken_from_freelist: 769.
num_chunk_merges: 0.
num_chunk_splits: 542.
num_chunks_enlarged: 430.
num_purges: 0.
num_inconsistent_stats: 0.

CodeHeap 'non-profiled nmethods': size=120032Kb used=1474Kb max_used=1474Kb free=118557Kb
 bounds [0x00000001155a0000, 0x0000000115810000, 0x000000011cad8000]
CodeHeap 'profiled nmethods': size=120016Kb used=7757Kb max_used=7757Kb free=112258Kb
 bounds [0x000000010e06c000, 0x000000010e80c000, 0x00000001155a0000]
CodeHeap 'non-nmethods': size=5712Kb used=1393Kb max_used=1458Kb free=4318Kb
 bounds [0x000000010dad8000, 0x000000010dd48000, 0x000000010e06c000]
 total_blobs=4272 nmethods=3485 adapters=702
 compilation: enabled
              stopped_count=0, restarted_count=0
 full_count=0

Compilation events (20 events):
Event: 35.571 Thread 0x000000011f00aa00 nmethod 3566 0x000000010e7f8e90 code [0x000000010e7f9080, 0x000000010e7f95e8]
Event: 35.571 Thread 0x000000011f00aa00 3567       3       com.sun.javafx.scene.NodeHelper::processCSSImpl (10 bytes)
Event: 35.571 Thread 0x000000011f00aa00 nmethod 3567 0x000000010e7f9790 code [0x000000010e7f9940, 0x000000010e7f9b98]
Event: 35.571 Thread 0x000000011f00aa00 3568       3       javafx.scene.Node$1::doProcessCSS (5 bytes)
Event: 35.571 Thread 0x000000011f00aa00 nmethod 3568 0x000000010e7f9d10 code [0x000000010e7f9ec0, 0x000000010e7fa058]
Event: 35.574 Thread 0x000000011f00a400 nmethod 3564 0x000000011570e210 code [0x000000011570e380, 0x000000011570e5b0]
Event: 35.574 Thread 0x000000011f00a400 3563       4       javafx.scene.layout.Region::snapSpaceX (17 bytes)
Event: 35.579 Thread 0x000000011f00a400 nmethod 3563 0x000000011570ea10 code [0x000000011570ec40, 0x000000011570f120]
Event: 35.579 Thread 0x000000011f00a400 3569       4       com.sun.javafx.geom.transform.AffineBase::isTranslateOrIdentity (22 bytes)
Event: 35.583 Thread 0x000000011f00a400 nmethod 3569 0x000000011570f510 code [0x000000011570f7c0, 0x000000011570fdc0]
Event: 35.639 Thread 0x000000011f00aa00 3571   !   3       com.sun.scenario.animation.shared.SingleLoopClipEnvelope::timePulse (153 bytes)
Event: 35.641 Thread 0x000000011f00aa00 nmethod 3571 0x000000010e7fa110 code [0x000000010e7fa3c0, 0x000000010e7faef8]
Event: 35.641 Thread 0x000000011f00aa00 3572       3       com.sun.scenario.animation.shared.SimpleClipInterpolator::interpolate (44 bytes)
Event: 35.641 Thread 0x000000011f00aa00 nmethod 3572 0x000000010e7fb390 code [0x000000010e7fb540, 0x000000010e7fb898]
Event: 35.956 Thread 0x000000011f00a400 3573       4       com.sun.javafx.logging.PlatformLogger::getSystemLoggerLevel (92 bytes)
Event: 35.958 Thread 0x000000011f00a400 nmethod 3573 0x0000000115710110 code [0x00000001157102c0, 0x0000000115710410]
Event: 36.176 Thread 0x000000011f00a400 3574       4       java.lang.Math::abs (14 bytes)
Event: 36.176 Thread 0x000000011f00a400 nmethod 3574 0x0000000115710510 code [0x0000000115710680, 0x00000001157106e0]
Event: 36.190 Thread 0x000000011f00aa00 3575       3       javafx.css.StyleConverter::getInsetsConverter (4 bytes)
Event: 36.190 Thread 0x000000011f00aa00 nmethod 3575 0x000000010e7fba10 code [0x000000010e7fbbc0, 0x000000010e7fbd28]

GC Heap History (2 events):
Event: 0.432 GC heap before
{Heap before GC invocations=0 (full 0):
 garbage-first heap   total 266240K, used 22496K [0x0000000700000000, 0x0000000800000000)
  region size 2048K, 11 young (22528K), 0 survivors (0K)
 Metaspace       used 6903K, committed 7040K, reserved 1056768K
  class space    used 885K, committed 960K, reserved 1048576K
}
Event: 0.435 GC heap after
{Heap after GC invocations=1 (full 0):
 garbage-first heap   total 266240K, used 5017K [0x0000000700000000, 0x0000000800000000)
  region size 2048K, 2 young (4096K), 2 survivors (4096K)
 Metaspace       used 6903K, committed 7040K, reserved 1056768K
  class space    used 885K, committed 960K, reserved 1048576K
}

Deoptimization events (20 events):
Event: 35.577 Thread 0x000000011e024200 Uncommon trap: trap_request=0xffffffc6 fr.pc=0x0000000115700e04 relative=0x0000000000000084
Event: 35.577 Thread 0x000000011e024200 Uncommon trap: reason=bimorphic_or_optimized_type_check action=maybe_recompile pc=0x0000000115700e04 method=com.sun.javafx.geom.transform.Affine3D.concatenate(Lcom/sun/javafx/geom/transform/BaseTransform;)V @ 4 c2
Event: 35.577 Thread 0x000000011e024200 DEOPT PACKING pc=0x0000000115700e04 sp=0x000000016ebbcf60
Event: 35.577 Thread 0x000000011e024200 DEOPT UNPACKING pc=0x000000010db16d1c sp=0x000000016ebbcd70 mode 2
Event: 35.578 Thread 0x000000011e024200 Uncommon trap: trap_request=0xffffff45 fr.pc=0x00000001156de48c relative=0x000000000000044c
Event: 35.578 Thread 0x000000011e024200 Uncommon trap: reason=unstable_if action=reinterpret pc=0x00000001156de48c method=com.sun.prism.es2.GLContext.updateViewportAndDepthTest(IIIIZ)V @ 30 c2
Event: 35.578 Thread 0x000000011e024200 DEOPT PACKING pc=0x00000001156de48c sp=0x000000016ebbc8d0
Event: 35.578 Thread 0x000000011e024200 DEOPT UNPACKING pc=0x000000010db16d1c sp=0x000000016ebbc6a0 mode 2
Event: 35.578 Thread 0x000000011e024200 Uncommon trap: trap_request=0xffffff45 fr.pc=0x00000001156f0ea4 relative=0x00000000000022a4
Event: 35.578 Thread 0x000000011e024200 Uncommon trap: reason=unstable_if action=reinterpret pc=0x00000001156f0ea4 method=com.sun.prism.es2.ES2Context.updateShaderProgram(I)V @ 5 c2
Event: 35.578 Thread 0x000000011e024200 DEOPT PACKING pc=0x00000001156f0ea4 sp=0x000000016ebbcb80
Event: 35.578 Thread 0x000000011e024200 DEOPT UNPACKING pc=0x000000010db16d1c sp=0x000000016ebbcaa0 mode 2
Event: 35.579 Thread 0x000000011e024200 Uncommon trap: trap_request=0xffffffc6 fr.pc=0x0000000115700e04 relative=0x0000000000000084
Event: 35.579 Thread 0x000000011e024200 Uncommon trap: reason=bimorphic_or_optimized_type_check action=maybe_recompile pc=0x0000000115700e04 method=com.sun.javafx.geom.transform.Affine3D.concatenate(Lcom/sun/javafx/geom/transform/BaseTransform;)V @ 4 c2
Event: 35.579 Thread 0x000000011e024200 DEOPT PACKING pc=0x0000000115700e04 sp=0x000000016ebbd110
Event: 35.579 Thread 0x000000011e024200 DEOPT UNPACKING pc=0x000000010db16d1c sp=0x000000016ebbcf20 mode 2
Event: 35.579 Thread 0x000000011e024200 Uncommon trap: trap_request=0xffffff45 fr.pc=0x00000001156cd4c8 relative=0x0000000000000208
Event: 35.579 Thread 0x000000011e024200 Uncommon trap: reason=unstable_if action=reinterpret pc=0x00000001156cd4c8 method=jdk.internal.util.ArraysSupport.vectorizedMismatch(Ljava/lang/Object;JLjava/lang/Object;JII)I @ 62 c2
Event: 35.579 Thread 0x000000011e024200 DEOPT PACKING pc=0x00000001156cd4c8 sp=0x000000016ebbdb00
Event: 35.579 Thread 0x000000011e024200 DEOPT UNPACKING pc=0x000000010db16d1c sp=0x000000016ebbda10 mode 2

Classes unloaded (0 events):
No events

Classes redefined (0 events):
No events

Internal exceptions (20 events):
Event: 0.720 Thread 0x0000000129085000 Exception <a 'java/lang/NoSuchMethodError'{0x000000070ed12f00}: 'java.lang.Object java.lang.invoke.DirectMethodHandle$Holder.newInvokeSpecial(java.lang.Object, java.lang.Object, int)'> (0x000000070ed12f00) 
thrown [open/src/hotspot/share/interpreter/linkResolver.cpp, line 766]
Event: 0.761 Thread 0x000000011e024200 Exception <a 'java/lang/NoSuchMethodError'{0x000000070eb16c20}: 'int java.lang.invoke.DirectMethodHandle$Holder.invokeStaticInit(java.lang.Object, java.lang.Object)'> (0x000000070eb16c20) 
thrown [open/src/hotspot/share/interpreter/linkResolver.cpp, line 766]
Event: 1.738 Thread 0x0000000129085000 Exception <a 'java/lang/NoSuchMethodError'{0x000000070e044880}: 'java.lang.Object java.lang.invoke.DirectMethodHandle$Holder.newInvokeSpecial(java.lang.Object, java.lang.Object, java.lang.Object, int, int, int, int, int)'> (0x000000070e044880) 
thrown [open/src/hotspot/share/interpreter/linkResolver.cpp, line 766]
Event: 1.756 Thread 0x0000000129085000 Exception <a 'java/lang/NoSuchMethodError'{0x000000070e067c40}: 'long java.lang.invoke.DirectMethodHandle$Holder.invokeStatic(java.lang.Object, java.lang.Object, java.lang.Object)'> (0x000000070e067c40) 
thrown [open/src/hotspot/share/interpreter/linkResolver.cpp, line 766]
Event: 1.756 Thread 0x0000000129085000 Exception <a 'java/lang/NoSuchMethodError'{0x000000070e06b3e8}: 'long java.lang.invoke.DirectMethodHandle$Holder.invokeStaticInit(java.lang.Object, java.lang.Object, java.lang.Object)'> (0x000000070e06b3e8) 
thrown [open/src/hotspot/share/interpreter/linkResolver.cpp, line 766]
Event: 1.757 Thread 0x0000000129085000 Exception <a 'java/lang/NoSuchMethodError'{0x000000070e082ff0}: 'java.lang.Object java.lang.invoke.DirectMethodHandle$Holder.newInvokeSpecial(java.lang.Object, java.lang.Object, long)'> (0x000000070e082ff0) 
thrown [open/src/hotspot/share/interpreter/linkResolver.cpp, line 766]
Event: 1.758 Thread 0x0000000129085000 Exception <a 'java/lang/NoSuchMethodError'{0x000000070e0868b8}: 'java.lang.Object java.lang.invoke.Invokers$Holder.linkToTargetMethod(java.lang.Object, long, java.lang.Object)'> (0x000000070e0868b8) 
thrown [open/src/hotspot/share/interpreter/linkResolver.cpp, line 766]
Event: 1.913 Thread 0x000000011e024200 Exception <a 'java/lang/NoSuchMethodError'{0x000000070e243380}: 'java.lang.Object java.lang.invoke.DirectMethodHandle$Holder.invokeStaticInit(java.lang.Object, int)'> (0x000000070e243380) 
thrown [open/src/hotspot/share/interpreter/linkResolver.cpp, line 766]
Event: 2.817 Thread 0x0000000129085000 Exception <a 'java/lang/ClassNotFoundException'{0x000000070dd33b00}: com/sun/javafx/scene/control/skin/resources/controls-nt> (0x000000070dd33b00) 
thrown [open/src/hotspot/share/prims/jni.cpp, line 535]
Event: 2.817 Thread 0x0000000129085000 Exception <a 'java/lang/ClassNotFoundException'{0x000000070dd3c388}: com/sun/javafx/scene/control/skin/resources/controls-nt_en> (0x000000070dd3c388) 
thrown [open/src/hotspot/share/prims/jni.cpp, line 535]
Event: 2.817 Thread 0x0000000129085000 Exception <a 'java/lang/ClassNotFoundException'{0x000000070dd3d5e8}: com/sun/javafx/scene/control/skin/resources/controls-nt_en_US> (0x000000070dd3d5e8) 
thrown [open/src/hotspot/share/prims/jni.cpp, line 535]
Event: 2.834 Thread 0x0000000129085000 Exception <a 'java/lang/ClassNotFoundException'{0x000000070da09370}: com/sun/javafx/scene/control/skin/resources/controls> (0x000000070da09370) 
thrown [open/src/hotspot/share/prims/jni.cpp, line 535]
Event: 2.835 Thread 0x0000000129085000 Exception <a 'java/lang/ClassNotFoundException'{0x000000070da175d0}: com/sun/javafx/scene/control/skin/resources/controls_en> (0x000000070da175d0) 
thrown [open/src/hotspot/share/prims/jni.cpp, line 535]
Event: 2.835 Thread 0x0000000129085000 Exception <a 'java/lang/ClassNotFoundException'{0x000000070da18828}: com/sun/javafx/scene/control/skin/resources/controls_en_US> (0x000000070da18828) 
thrown [open/src/hotspot/share/prims/jni.cpp, line 535]
Event: 2.845 Thread 0x0000000129085000 Exception <a 'java/lang/NoSuchMethodError'{0x000000070db38fe8}: 'void java.lang.invoke.DirectMethodHandle$Holder.invokeSpecial(java.lang.Object, java.lang.Object, java.lang.Object, java.lang.Object, java.lang.Object, java.lang.Object)'> (0x000000070db38fe8) 
thrown [open/src/hotspot/share/interpreter/linkResolver.cpp, line 766]
Event: 2.862 Thread 0x0000000129085000 Exception <a 'java/lang/NoSuchMethodError'{0x000000070d635e98}: 'void java.lang.invoke.DirectMethodHandle$Holder.invokeSpecialIFC(java.lang.Object, java.lang.Object, java.lang.Object, java.lang.Object)'> (0x000000070d635e98) 
thrown [open/src/hotspot/share/interpreter/linkResolver.cpp, line 766]
Event: 6.269 Thread 0x0000000129085000 Exception <a 'java/lang/NoSuchMethodError'{0x000000070d533928}: 'java.lang.Object java.lang.invoke.DirectMethodHandle$Holder.invokeSpecial(java.lang.Object, java.lang.Object, int, int, int, int, int, java.lang.Object)'> (0x000000070d533928) 
thrown [open/src/hotspot/share/interpreter/linkResolver.cpp, line 766]
Event: 6.269 Thread 0x0000000129085000 Exception <a 'java/lang/NoSuchMethodError'{0x000000070d53b280}: 'java.lang.Object java.lang.invoke.DirectMethodHandle$Holder.newInvokeSpecial(java.lang.Object, java.lang.Object, int, int, int, int, int, java.lang.Object)'> (0x000000070d53b280) 
thrown [open/src/hotspot/share/interpreter/linkResolver.cpp, line 766]
Event: 34.076 Thread 0x0000000129085000 Exception <a 'java/lang/NoSuchMethodError'{0x000000070d17f9f8}: 'java.lang.Object java.lang.invoke.DirectMethodHandle$Holder.newInvokeSpecial(java.lang.Object, java.lang.Object, int, java.lang.Object, double, double, double, double, double, double, int, int, int, int, int, int, int, int)'> (0x000000070d17f9f8) 
thrown [open/src/hotspot/share/interpreter/linkResolver.cpp, line 766]
Event: 35.565 Thread 0x0000000129085000 Implicit null exception at 0x00000001156b1230 to 0x00000001156b1790

VM Operations (20 events):
Event: 17.919 Executing VM operation: ICBufferFull
Event: 17.919 Executing VM operation: ICBufferFull done
Event: 18.924 Executing VM operation: Cleanup
Event: 18.924 Executing VM operation: Cleanup done
Event: 19.929 Executing VM operation: Cleanup
Event: 19.929 Executing VM operation: Cleanup done
Event: 20.934 Executing VM operation: Cleanup
Event: 20.934 Executing VM operation: Cleanup done
Event: 21.939 Executing VM operation: Cleanup
Event: 21.939 Executing VM operation: Cleanup done
Event: 22.944 Executing VM operation: Cleanup
Event: 22.944 Executing VM operation: Cleanup done
Event: 23.949 Executing VM operation: Cleanup
Event: 23.949 Executing VM operation: Cleanup done
Event: 24.954 Executing VM operation: Cleanup
Event: 24.955 Executing VM operation: Cleanup done
Event: 33.980 Executing VM operation: Cleanup
Event: 33.981 Executing VM operation: Cleanup done
Event: 35.990 Executing VM operation: Cleanup
Event: 35.991 Executing VM operation: Cleanup done

Events (20 events):
Event: 23.056 Protecting memory [0x000000016df80000,0x000000016df8c000] with protection modes 3
Event: 23.056 Thread 0x000000012a0edc00 Thread exited: 0x000000012a0edc00
Event: 23.539 Protecting memory [0x000000016df80000,0x000000016df8c000] with protection modes 0
Event: 23.539 Thread 0x000000011e031200 Thread added: 0x000000011e031200
Event: 23.839 Protecting memory [0x000000016df80000,0x000000016df8c000] with protection modes 3
Event: 23.839 Thread 0x000000011e031200 Thread exited: 0x000000011e031200
Event: 24.206 Protecting memory [0x000000016df80000,0x000000016df8c000] with protection modes 0
Event: 24.206 Thread 0x000000011f1ffe00 Thread added: 0x000000011f1ffe00
Event: 24.489 Protecting memory [0x000000016df80000,0x000000016df8c000] with protection modes 3
Event: 24.489 Thread 0x000000011f1ffe00 Thread exited: 0x000000011f1ffe00
Event: 33.222 Protecting memory [0x000000016d014000,0x000000016d020000] with protection modes 0
Event: 33.222 Thread 0x000000011f1ffe00 Thread added: 0x000000011f1ffe00
Event: 33.506 Protecting memory [0x000000016d014000,0x000000016d020000] with protection modes 3
Event: 33.506 Thread 0x000000011f1ffe00 Thread exited: 0x000000011f1ffe00
Event: 33.556 Protecting memory [0x000000016d014000,0x000000016d020000] with protection modes 0
Event: 33.556 Thread 0x0000000128817000 Thread added: 0x0000000128817000
Event: 33.839 Protecting memory [0x000000016d014000,0x000000016d020000] with protection modes 3
Event: 33.839 Thread 0x0000000128817000 Thread exited: 0x0000000128817000
Event: 35.489 Protecting memory [0x000000016d014000,0x000000016d020000] with protection modes 0
Event: 35.489 Thread 0x000000011f808e00 Thread added: 0x000000011f808e00


Dynamic libraries:
0x0000000104218000 	/Users/dan/Library/Java/JavaVirtualMachines/openjdk-17.0.2/Contents/Home/lib/libjli.dylib
0x0000000194dee000 	/usr/lib/libz.1.dylib
0x0000000194e9e000 	/usr/lib/libSystem.B.dylib
0x0000000194e98000 	/usr/lib/system/libcache.dylib
0x0000000194e56000 	/usr/lib/system/libcommonCrypto.dylib
0x0000000194e7f000 	/usr/lib/system/libcompiler_rt.dylib
0x0000000194e76000 	/usr/lib/system/libcopyfile.dylib
0x000000018a1a2000 	/usr/lib/system/libcorecrypto.dylib
0x000000018a247000 	/usr/lib/system/libdispatch.dylib
0x000000018a40f000 	/usr/lib/system/libdyld.dylib
0x0000000194e8e000 	/usr/lib/system/libkeymgr.dylib
0x0000000194e38000 	/usr/lib/system/libmacho.dylib
0x0000000194544000 	/usr/lib/system/libquarantine.dylib
0x0000000194e8b000 	/usr/lib/system/libremovefile.dylib
0x000000018f591000 	/usr/lib/system/libsystem_asl.dylib
0x000000018a14c000 	/usr/lib/system/libsystem_blocks.dylib
0x000000018a2cd000 	/usr/lib/system/libsystem_c.dylib
0x0000000194e83000 	/usr/lib/system/libsystem_collections.dylib
0x00000001939a1000 	/usr/lib/system/libsystem_configuration.dylib
0x0000000192c27000 	/usr/lib/system/libsystem_containermanager.dylib
0x0000000194ba2000 	/usr/lib/system/libsystem_coreservices.dylib
0x000000018cb34000 	/usr/lib/system/libsystem_darwin.dylib
0x0000000194e8f000 	/usr/lib/system/libsystem_dnssd.dylib
0x000000018a2ca000 	/usr/lib/system/libsystem_featureflags.dylib
0x000000018a424000 	/usr/lib/system/libsystem_info.dylib
0x0000000194e00000 	/usr/lib/system/libsystem_m.dylib
0x000000018a21c000 	/usr/lib/system/libsystem_malloc.dylib
0x000000018f522000 	/usr/lib/system/libsystem_networkextension.dylib
0x000000018cf87000 	/usr/lib/system/libsystem_notify.dylib
0x000000019b06b000 	/usr/lib/system/libsystem_product_info_filter.dylib
0x00000001939a6000 	/usr/lib/system/libsystem_sandbox.dylib
0x0000000194e88000 	/usr/lib/system/libsystem_secinit.dylib
0x000000018a3cc000 	/usr/lib/system/libsystem_kernel.dylib
0x000000018a41c000 	/usr/lib/system/libsystem_platform.dylib
0x000000018a402000 	/usr/lib/system/libsystem_pthread.dylib
0x0000000190cc7000 	/usr/lib/system/libsystem_symptoms.dylib
0x000000018a188000 	/usr/lib/system/libsystem_trace.dylib
0x0000000194e63000 	/usr/lib/system/libunwind.dylib
0x000000018a14e000 	/usr/lib/system/libxpc.dylib
0x000000018a3b2000 	/usr/lib/libc++abi.dylib
0x000000018a28e000 	/usr/lib/libobjc.A.dylib
0x0000000194e6e000 	/usr/lib/liboah.dylib
0x000000018a34e000 	/usr/lib/libc++.1.dylib
0x00000001a0a48000 	/System/Library/Frameworks/Cocoa.framework/Versions/A/Cocoa
0x000000018cfe6000 	/System/Library/Frameworks/AppKit.framework/Versions/C/AppKit
0x0000000190508000 	/System/Library/Frameworks/CoreData.framework/Versions/A/CoreData
0x000000018b347000 	/System/Library/Frameworks/Foundation.framework/Versions/C/Foundation
0x000000018de98000 	/System/Library/PrivateFrameworks/UIFoundation.framework/Versions/A/UIFoundation
0x000000019ad65000 	/System/Library/PrivateFrameworks/RemoteViewServices.framework/Versions/A/RemoteViewServices
0x0000000193360000 	/System/Library/PrivateFrameworks/XCTTargetBootstrap.framework/Versions/A/XCTTargetBootstrap
0x0000000196ba0000 	/System/Library/PrivateFrameworks/InternationalSupport.framework/Versions/A/InternationalSupport
0x0000000196c29000 	/System/Library/PrivateFrameworks/UserActivity.framework/Versions/A/UserActivity
0x00000001960cb000 	/usr/lib/libspindump.dylib
0x000000018e108000 	/System/Library/Frameworks/UniformTypeIdentifiers.framework/Versions/A/UniformTypeIdentifiers
0x00000001918ee000 	/usr/lib/libapp_launch_measurement.dylib
0x0000000190e6b000 	/System/Library/PrivateFrameworks/CoreAnalytics.framework/Versions/A/CoreAnalytics
0x00000001918f1000 	/System/Library/PrivateFrameworks/CoreAutoLayout.framework/Versions/A/CoreAutoLayout
0x0000000192c64000 	/System/Library/Frameworks/Metal.framework/Versions/A/Metal
0x00000001939b1000 	/usr/lib/liblangid.dylib
0x0000000193364000 	/System/Library/PrivateFrameworks/CoreSVG.framework/Versions/A/CoreSVG
0x000000018f5c5000 	/System/Library/PrivateFrameworks/SkyLight.framework/Versions/A/SkyLight
0x000000018f98d000 	/System/Library/Frameworks/CoreGraphics.framework/Versions/A/CoreGraphics
0x000000019b3de000 	/System/Library/Frameworks/Accelerate.framework/Versions/A/Accelerate
0x0000000195b40000 	/System/Library/PrivateFrameworks/IconServices.framework/Versions/A/IconServices
0x0000000192c46000 	/System/Library/Frameworks/IOSurface.framework/Versions/A/IOSurface
0x0000000190e9b000 	/usr/lib/libDiagnosticMessagesClient.dylib
0x000000019e816000 	/System/Library/Frameworks/ApplicationServices.framework/Versions/A/ApplicationServices
0x0000000193348000 	/System/Library/PrivateFrameworks/DFRFoundation.framework/Versions/A/DFRFoundation
0x000000018c889000 	/usr/lib/libicucore.A.dylib
0x000000019799d000 	/System/Library/Frameworks/AudioToolbox.framework/Versions/A/AudioToolbox
0x0000000196bac000 	/System/Library/PrivateFrameworks/DataDetectorsCore.framework/Versions/A/DataDetectorsCore
0x00000001acbc8000 	/System/Library/PrivateFrameworks/TextInput.framework/Versions/A/TextInput
0x000000018f53c000 	/usr/lib/libMobileGestalt.dylib
0x0000000193018000 	/System/Library/Frameworks/Carbon.framework/Versions/A/Frameworks/HIToolbox.framework/Versions/A/HIToolbox
0x00000001912f8000 	/System/Library/Frameworks/QuartzCore.framework/Versions/A/QuartzCore
0x000000018c506000 	/System/Library/Frameworks/Security.framework/Versions/A/Security
0x000000019ada5000 	/System/Library/Frameworks/Carbon.framework/Versions/A/Frameworks/SpeechRecognition.framework/Versions/A/SpeechRecognition
0x0000000191645000 	/System/Library/PrivateFrameworks/CoreUI.framework/Versions/A/CoreUI
0x000000018bdd9000 	/System/Library/Frameworks/CoreAudio.framework/Versions/A/CoreAudio
0x0000000190f8b000 	/System/Library/Frameworks/DiskArbitration.framework/Versions/A/DiskArbitration
0x00000001964b3000 	/System/Library/PrivateFrameworks/MultitouchSupport.framework/Versions/A/MultitouchSupport
0x000000018f53a000 	/usr/lib/libenergytrace.dylib
0x000000018ceb2000 	/System/Library/Frameworks/IOKit.framework/Versions/A/IOKit
0x000000019b18c000 	/System/Library/Frameworks/CoreServices.framework/Versions/A/CoreServices
0x000000019187e000 	/System/Library/PrivateFrameworks/PerformanceAnalysis.framework/Versions/A/PerformanceAnalysis
0x00000001eb3ed000 	/System/Library/Frameworks/OpenGL.framework/Versions/A/OpenGL
0x0000000194464000 	/System/Library/PrivateFrameworks/MobileKeyBag.framework/Versions/A/MobileKeyBag
0x000000018ff9d000 	/System/Library/Frameworks/ColorSync.framework/Versions/A/ColorSync
0x000000018a450000 	/System/Library/Frameworks/CoreFoundation.framework/Versions/A/CoreFoundation
0x00000001935e5000 	/System/Library/Frameworks/CoreImage.framework/Versions/A/CoreImage
0x000000018bbfc000 	/System/Library/Frameworks/CoreText.framework/Versions/A/CoreText
0x0000000193394000 	/System/Library/Frameworks/ImageIO.framework/Versions/A/ImageIO
0x0000000194ea4000 	/System/Library/PrivateFrameworks/SoftLinking.framework/Versions/A/SoftLinking
0x000000019193b000 	/usr/lib/libxml2.2.dylib
0x000000019513c000 	/usr/lib/libcompression.dylib
0x0000000196af9000 	/System/Library/PrivateFrameworks/TextureIO.framework/Versions/A/TextureIO
0x000000019585a000 	/usr/lib/libate.dylib
0x0000000195722000 	/usr/lib/liblzma.5.dylib
0x000000018b038000 	/System/Library/Frameworks/SystemConfiguration.framework/Versions/A/SystemConfiguration
0x0000000194ea0000 	/usr/lib/libfakelink.dylib
0x000000018f06a000 	/System/Library/Frameworks/CFNetwork.framework/Versions/A/CFNetwork
0x0000000194fe7000 	/usr/lib/libarchive.2.dylib
0x00000001939ad000 	/System/Library/PrivateFrameworks/AppleSystemInfo.framework/Versions/A/AppleSystemInfo
0x000000019456e000 	/usr/lib/libbsm.0.dylib
0x000000018e5a7000 	/usr/lib/libnetwork.dylib
0x0000000194e3e000 	/usr/lib/system/libkxld.dylib
0x0000000194186000 	/System/Library/PrivateFrameworks/IOMobileFramebuffer.framework/Versions/A/IOMobileFramebuffer
0x0000000206d18000 	/usr/lib/libCoreEntitlements.dylib
0x0000000194b84000 	/System/Library/PrivateFrameworks/AppleFSCompression.framework/Versions/A/AppleFSCompression
0x0000000194557000 	/usr/lib/libcoretls.dylib
0x000000019573b000 	/usr/lib/libcoretls_cfhelpers.dylib
0x0000000195137000 	/usr/lib/libpam.2.dylib
0x00000001908ef000 	/usr/lib/libsqlite3.dylib
0x00000001957a3000 	/usr/lib/libxar.1.dylib
0x0000000194b95000 	/usr/lib/libbz2.1.0.dylib
0x0000000194ea5000 	/usr/lib/libpcap.A.dylib
0x0000000190cbe000 	/usr/lib/libdns_services.dylib
0x000000019510a000 	/usr/lib/libapple_nghttp2.dylib
0x0000000194ee2000 	/usr/lib/libiconv.2.dylib
0x0000000194e37000 	/usr/lib/libcharset.1.dylib
0x00000001918ba000 	/System/Library/Frameworks/CoreServices.framework/Versions/A/Frameworks/FSEvents.framework/Versions/A/FSEvents
0x000000018cb3f000 	/System/Library/Frameworks/CoreServices.framework/Versions/A/Frameworks/CarbonCore.framework/Versions/A/CarbonCore
0x0000000190eee000 	/System/Library/Frameworks/CoreServices.framework/Versions/A/Frameworks/Metadata.framework/Versions/A/Metadata
0x0000000194ba8000 	/System/Library/Frameworks/CoreServices.framework/Versions/A/Frameworks/OSServices.framework/Versions/A/OSServices
0x000000019506c000 	/System/Library/Frameworks/CoreServices.framework/Versions/A/Frameworks/SearchKit.framework/Versions/A/SearchKit
0x0000000190c4c000 	/System/Library/Frameworks/CoreServices.framework/Versions/A/Frameworks/AE.framework/Versions/A/AE
0x000000018a994000 	/System/Library/Frameworks/CoreServices.framework/Versions/A/Frameworks/LaunchServices.framework/Versions/A/LaunchServices
0x00000001956cb000 	/System/Library/Frameworks/CoreServices.framework/Versions/A/Frameworks/DictionaryServices.framework/Versions/A/DictionaryServices
0x00000001918c7000 	/System/Library/Frameworks/CoreServices.framework/Versions/A/Frameworks/SharedFileList.framework/Versions/A/SharedFileList
0x0000000194547000 	/usr/lib/libCheckFix.dylib
0x000000018f5a9000 	/System/Library/PrivateFrameworks/TCC.framework/Versions/A/TCC
0x00000001939b3000 	/System/Library/PrivateFrameworks/CoreNLP.framework/Versions/A/CoreNLP
0x0000000190e9e000 	/System/Library/PrivateFrameworks/MetadataUtilities.framework/Versions/A/MetadataUtilities
0x000000018b0f1000 	/usr/lib/libmecabra.dylib
0x000000019457f000 	/usr/lib/libmecab.dylib
0x000000018b0bd000 	/usr/lib/libCRFSuite.dylib
0x00000001945dd000 	/usr/lib/libgermantok.dylib
0x00000001950e3000 	/usr/lib/libThaiTokenizer.dylib
0x0000000190f93000 	/System/Library/Frameworks/Accelerate.framework/Versions/A/Frameworks/vImage.framework/Versions/A/vImage
0x000000019b163000 	/System/Library/Frameworks/Accelerate.framework/Versions/A/Frameworks/vecLib.framework/Versions/A/vecLib
0x00000001957e7000 	/System/Library/Frameworks/Accelerate.framework/Versions/A/Frameworks/vecLib.framework/Versions/A/libvMisc.dylib
0x0000000194090000 	/System/Library/Frameworks/Accelerate.framework/Versions/A/Frameworks/vecLib.framework/Versions/A/libvDSP.dylib
0x000000018ad17000 	/System/Library/Frameworks/Accelerate.framework/Versions/A/Frameworks/vecLib.framework/Versions/A/libBLAS.dylib
0x000000019520b000 	/System/Library/Frameworks/Accelerate.framework/Versions/A/Frameworks/vecLib.framework/Versions/A/libLAPACK.dylib
0x00000001945e0000 	/System/Library/Frameworks/Accelerate.framework/Versions/A/Frameworks/vecLib.framework/Versions/A/libLinearAlgebra.dylib
0x0000000195122000 	/System/Library/Frameworks/Accelerate.framework/Versions/A/Frameworks/vecLib.framework/Versions/A/libSparseBLAS.dylib
0x0000000195206000 	/System/Library/Frameworks/Accelerate.framework/Versions/A/Frameworks/vecLib.framework/Versions/A/libQuadrature.dylib
0x0000000193aaa000 	/System/Library/Frameworks/Accelerate.framework/Versions/A/Frameworks/vecLib.framework/Versions/A/libBNNS.dylib
0x000000018afd5000 	/System/Library/Frameworks/Accelerate.framework/Versions/A/Frameworks/vecLib.framework/Versions/A/libSparse.dylib
0x0000000193aa2000 	/System/Library/PrivateFrameworks/LinguisticData.framework/Versions/A/LinguisticData
0x000000018af8b000 	/System/Library/PrivateFrameworks/Lexicon.framework/Versions/A/Lexicon
0x00000001957df000 	/usr/lib/libChineseTokenizer.dylib
0x000000018b735000 	/System/Library/PrivateFrameworks/LanguageModeling.framework/Versions/A/LanguageModeling
0x00000001950e5000 	/System/Library/PrivateFrameworks/AppleSauce.framework/Versions/A/AppleSauce
0x0000000194173000 	/System/Library/PrivateFrameworks/CoreEmoji.framework/Versions/A/CoreEmoji
0x0000000194fd5000 	/usr/lib/libcmph.dylib
0x000000019189a000 	/System/Library/Frameworks/OpenDirectory.framework/Versions/A/Frameworks/CFOpenDirectory.framework/Versions/A/CFOpenDirectory
0x000000019188a000 	/System/Library/Frameworks/OpenDirectory.framework/Versions/A/OpenDirectory
0x000000019573d000 	/System/Library/PrivateFrameworks/APFS.framework/Versions/A/APFS
0x000000019449f000 	/System/Library/Frameworks/SecurityFoundation.framework/Versions/A/SecurityFoundation
0x00000001957b1000 	/usr/lib/libutil.dylib
0x000000018ce74000 	/System/Library/PrivateFrameworks/CoreServicesStore.framework/Versions/A/CoreServicesStore
0x00000001957b5000 	/usr/lib/libxslt.1.dylib
0x0000000194533000 	/System/Library/PrivateFrameworks/BackgroundTaskManagement.framework/Versions/A/BackgroundTaskManagement
0x0000000196a1a000 	/System/Library/Frameworks/ImageIO.framework/Versions/A/Resources/libRadiance.dylib
0x0000000196a23000 	/System/Library/Frameworks/ImageIO.framework/Versions/A/Resources/libJPEG.dylib
0x0000000196975000 	/System/Library/Frameworks/ImageIO.framework/Versions/A/Resources/libPng.dylib
0x0000000196997000 	/System/Library/Frameworks/ImageIO.framework/Versions/A/Resources/libTIFF.dylib
0x0000000196a7e000 	/System/Library/Frameworks/ImageIO.framework/Versions/A/Resources/libGIF.dylib
0x00000001963c3000 	/System/Library/Frameworks/ImageIO.framework/Versions/A/Resources/libJP2.dylib
0x0000000195b06000 	/usr/lib/libexpat.1.dylib
0x000000019637e000 	/System/Library/PrivateFrameworks/AppleJPEG.framework/Versions/A/AppleJPEG
0x0000000192ed7000 	/System/Library/PrivateFrameworks/FontServices.framework/libFontParser.dylib
0x0000000190bf1000 	/System/Library/PrivateFrameworks/RunningBoardServices.framework/Versions/A/RunningBoardServices
0x00000001a10b3000 	/System/Library/PrivateFrameworks/IOSurfaceAccelerator.framework/Versions/A/IOSurfaceAccelerator
0x00000001964af000 	/System/Library/PrivateFrameworks/WatchdogClient.framework/Versions/A/WatchdogClient
0x000000018b839000 	/System/Library/Frameworks/CoreDisplay.framework/Versions/A/CoreDisplay
0x0000000192dc6000 	/System/Library/Frameworks/CoreMedia.framework/Versions/A/CoreMedia
0x0000000192c5a000 	/System/Library/PrivateFrameworks/IOAccelerator.framework/Versions/A/IOAccelerator
0x0000000191a28000 	/System/Library/Frameworks/CoreVideo.framework/Versions/A/CoreVideo
0x0000000195135000 	/System/Library/Frameworks/MetalPerformanceShaders.framework/Versions/A/MetalPerformanceShaders
0x00000001964ec000 	/System/Library/Frameworks/VideoToolbox.framework/Versions/A/VideoToolbox
0x0000000190b35000 	/System/Library/PrivateFrameworks/BaseBoard.framework/Versions/A/BaseBoard
0x00000001908d4000 	/System/Library/PrivateFrameworks/ProtocolBuffer.framework/Versions/A/ProtocolBuffer
0x0000000196a15000 	/System/Library/PrivateFrameworks/GPUWrangler.framework/Versions/A/GPUWrangler
0x00000001969f4000 	/System/Library/PrivateFrameworks/IOPresentment.framework/Versions/A/IOPresentment
0x0000000196a1d000 	/System/Library/PrivateFrameworks/DSExternalDisplay.framework/Versions/A/DSExternalDisplay
0x00000001eb3e0000 	/System/Library/Frameworks/OpenGL.framework/Versions/A/Libraries/libCoreFSCache.dylib
0x00000001f4afa000 	/System/Library/PrivateFrameworks/GPUCompiler.framework/Versions/31001/Libraries/libGPUCompilerUtils.dylib
0x0000000196a83000 	/System/Library/PrivateFrameworks/CMCaptureCore.framework/Versions/A/CMCaptureCore
0x00000001960b9000 	/System/Library/PrivateFrameworks/AppServerSupport.framework/Versions/A/AppServerSupport
0x0000000198258000 	/System/Library/PrivateFrameworks/perfdata.framework/Versions/A/perfdata
0x000000018b959000 	/System/Library/PrivateFrameworks/AudioToolboxCore.framework/Versions/A/AudioToolboxCore
0x0000000192d9e000 	/System/Library/PrivateFrameworks/caulk.framework/Versions/A/caulk
0x0000000197b4d000 	/usr/lib/libAudioStatistics.dylib
0x00000001a9366000 	/System/Library/PrivateFrameworks/SystemPolicy.framework/Versions/A/SystemPolicy
0x0000000197dad000 	/usr/lib/libSMC.dylib
0x00000001a092a000 	/System/Library/Frameworks/CoreMIDI.framework/Versions/A/CoreMIDI
0x0000000196943000 	/usr/lib/libAudioToolboxUtility.dylib
0x00000001a580c000 	/System/Library/PrivateFrameworks/OSAServicesClient.framework/Versions/A/OSAServicesClient
0x0000000198265000 	/usr/lib/libperfcheck.dylib
0x00000001a9e69000 	/usr/lib/libmis.dylib
0x00000001eb441000 	/System/Library/Frameworks/OpenGL.framework/Versions/A/Libraries/libGLU.dylib
0x00000001eb400000 	/System/Library/Frameworks/OpenGL.framework/Versions/A/Libraries/libGFXShared.dylib
0x00000001eb5ea000 	/System/Library/Frameworks/OpenGL.framework/Versions/A/Libraries/libGL.dylib
0x00000001eb409000 	/System/Library/Frameworks/OpenGL.framework/Versions/A/Libraries/libGLImage.dylib
0x00000001eb3fd000 	/System/Library/Frameworks/OpenGL.framework/Versions/A/Libraries/libCVMSPluginSupport.dylib
0x00000001eb3e7000 	/System/Library/Frameworks/OpenGL.framework/Versions/A/Libraries/libCoreVMClient.dylib
0x000000019392f000 	/System/Library/Frameworks/MetalPerformanceShaders.framework/Versions/A/Frameworks/MPSCore.framework/Versions/A/MPSCore
0x0000000194af7000 	/System/Library/Frameworks/MetalPerformanceShaders.framework/Versions/A/Frameworks/MPSImage.framework/Versions/A/MPSImage
0x00000001945f5000 	/System/Library/Frameworks/MetalPerformanceShaders.framework/Versions/A/Frameworks/MPSNeuralNetwork.framework/Versions/A/MPSNeuralNetwork
0x0000000194a32000 	/System/Library/Frameworks/MetalPerformanceShaders.framework/Versions/A/Frameworks/MPSMatrix.framework/Versions/A/MPSMatrix
0x000000019480d000 	/System/Library/Frameworks/MetalPerformanceShaders.framework/Versions/A/Frameworks/MPSRayIntersector.framework/Versions/A/MPSRayIntersector
0x0000000194a63000 	/System/Library/Frameworks/MetalPerformanceShaders.framework/Versions/A/Frameworks/MPSNDArray.framework/Versions/A/MPSNDArray
0x00000001ed0fc000 	/System/Library/Frameworks/MetalPerformanceShaders.framework/Versions/A/Frameworks/MPSFunctions.framework/Versions/A/MPSFunctions
0x000000018abf5000 	/System/Library/PrivateFrameworks/MetalTools.framework/Versions/A/MetalTools
0x00000001939ab000 	/System/Library/PrivateFrameworks/AggregateDictionary.framework/Versions/A/AggregateDictionary
0x00000001958ec000 	/usr/lib/libIOReport.dylib
0x000000019f918000 	/System/Library/PrivateFrameworks/ASEProcessing.framework/Versions/A/ASEProcessing
0x0000000195c5e000 	/System/Library/PrivateFrameworks/FaceCore.framework/Versions/A/FaceCore
0x0000000195c50000 	/System/Library/PrivateFrameworks/GraphVisualizer.framework/Versions/A/GraphVisualizer
0x00000001f4a11000 	/System/Library/PrivateFrameworks/FontServices.framework/Versions/A/FontServices
0x0000000196073000 	/System/Library/PrivateFrameworks/OTSVG.framework/Versions/A/OTSVG
0x00000001915f6000 	/System/Library/Frameworks/ApplicationServices.framework/Versions/A/Frameworks/ATS.framework/Versions/A/Resources/libFontRegistry.dylib
0x00000001960c2000 	/System/Library/PrivateFrameworks/FontServices.framework/libhvf.dylib
0x00000001f4a12000 	/System/Library/PrivateFrameworks/FontServices.framework/libXTFontStaticRegistryData.dylib
0x00000001eb78c000 	/System/Library/Frameworks/OpenCL.framework/Versions/A/OpenCL
0x0000000195aba000 	/System/Library/PrivateFrameworks/AppleVA.framework/Versions/A/AppleVA
0x0000000197b75000 	/System/Library/Frameworks/ApplicationServices.framework/Versions/A/Frameworks/ATS.framework/Versions/A/ATS
0x000000019009a000 	/System/Library/Frameworks/ApplicationServices.framework/Versions/A/Frameworks/HIServices.framework/Versions/A/HIServices
0x0000000196a8d000 	/System/Library/Frameworks/ApplicationServices.framework/Versions/A/Frameworks/PrintCore.framework/Versions/A/PrintCore
0x0000000197f00000 	/System/Library/Frameworks/ApplicationServices.framework/Versions/A/Frameworks/QD.framework/Versions/A/QD
0x0000000197ef8000 	/System/Library/Frameworks/ApplicationServices.framework/Versions/A/Frameworks/ColorSyncLegacy.framework/Versions/A/ColorSyncLegacy
0x0000000197b61000 	/System/Library/Frameworks/ApplicationServices.framework/Versions/A/Frameworks/SpeechSynthesis.framework/Versions/A/SpeechSynthesis
0x0000000196a4e000 	/System/Library/Frameworks/ApplicationServices.framework/Versions/A/Frameworks/ATSUI.framework/Versions/A/ATSUI
0x0000000197e8d000 	/usr/lib/libcups.2.dylib
0x0000000198273000 	/System/Library/Frameworks/Kerberos.framework/Versions/A/Kerberos
0x0000000198284000 	/System/Library/Frameworks/GSS.framework/Versions/A/GSS
0x0000000197be4000 	/usr/lib/libresolv.9.dylib
0x00000001960d0000 	/System/Library/PrivateFrameworks/Heimdal.framework/Versions/A/Heimdal
0x000000019eb8c000 	/System/Library/Frameworks/Kerberos.framework/Versions/A/Libraries/libHeimdalProxy.dylib
0x0000000190cd0000 	/System/Library/Frameworks/Network.framework/Versions/A/Network
0x0000000195b21000 	/usr/lib/libheimdal-asn1.dylib
0x00000001982ca000 	/System/Library/PrivateFrameworks/CommonAuth.framework/Versions/A/CommonAuth
0x0000000197adb000 	/System/Library/PrivateFrameworks/AudioSession.framework/Versions/A/AudioSession
0x0000000195bb2000 	/System/Library/PrivateFrameworks/MediaExperience.framework/Versions/A/MediaExperience
0x0000000197963000 	/System/Library/PrivateFrameworks/AudioSession.framework/libSessionUtility.dylib
0x0000000197f0c000 	/System/Library/PrivateFrameworks/AudioResourceArbitration.framework/Versions/A/AudioResourceArbitration
0x0000000195b2a000 	/System/Library/PrivateFrameworks/IconFoundation.framework/Versions/A/IconFoundation
0x000000019ad91000 	/System/Library/PrivateFrameworks/SpeechRecognitionCore.framework/Versions/A/SpeechRecognitionCore
0x00000001053e8000 	/Users/dan/Library/Java/JavaVirtualMachines/openjdk-17.0.2/Contents/Home/lib/server/libjvm.dylib
0x000000010427c000 	/Users/dan/Library/Java/JavaVirtualMachines/openjdk-17.0.2/Contents/Home/lib/libjimage.dylib
0x00000001042a8000 	/Users/dan/Library/Java/JavaVirtualMachines/openjdk-17.0.2/Contents/Home/lib/libinstrument.dylib
0x00000001042f4000 	/Users/dan/Library/Java/JavaVirtualMachines/openjdk-17.0.2/Contents/Home/lib/libjava.dylib
0x00000001043d0000 	/Users/dan/Library/Java/JavaVirtualMachines/openjdk-17.0.2/Contents/Home/lib/libnio.dylib
0x00000001043f0000 	/Users/dan/Library/Java/JavaVirtualMachines/openjdk-17.0.2/Contents/Home/lib/libnet.dylib
0x00000001042dc000 	/Users/dan/Library/Java/JavaVirtualMachines/openjdk-17.0.2/Contents/Home/lib/libzip.dylib
0x0000000104414000 	/Users/dan/.openjfx/cache/17.0.1/libprism_es2.dylib
0x000000018ce37000 	/System/Library/PrivateFrameworks/CoreServicesInternal.framework/Versions/A/CoreServicesInternal
0x00000001eb5f4000 	/System/Library/Frameworks/OpenGL.framework/Versions/A/Resources/GLEngine.bundle/GLEngine
0x00000001eb47b000 	/System/Library/Frameworks/OpenGL.framework/Versions/A/Libraries/libGLProgrammability.dylib
0x000000011dd34000 	/System/Library/Extensions/AppleMetalOpenGLRenderer.bundle/Contents/MacOS/AppleMetalOpenGLRenderer
0x00000001eb763000 	/System/Library/Frameworks/OpenGL.framework/Versions/A/Resources/GLRendererFloat.bundle/GLRendererFloat
0x00000001eb804000 	/System/Library/Extensions/AGXMetal13_3.bundle/Contents/MacOS/AGXMetal13_3
0x00000001a9e85000 	/System/Library/PrivateFrameworks/GPURawCounter.framework/Versions/A/GPURawCounter
0x00000001a495a000 	/System/Library/PrivateFrameworks/IOGPU.framework/Versions/A/IOGPU
0x000000011dca0000 	/Users/dan/.openjfx/cache/17.0.1/libglass.dylib
0x000000019c231000 	/System/Library/Frameworks/FileProvider.framework/Versions/A/FileProvider
0x0000000190a9d000 	/System/Library/Frameworks/Accounts.framework/Versions/A/Accounts
0x000000019c3b1000 	/System/Library/PrivateFrameworks/GenerationalStorage.framework/Versions/A/GenerationalStorage
0x000000019cf61000 	/System/Library/PrivateFrameworks/CoreSymbolication.framework/Versions/A/CoreSymbolication
0x000000019bfd1000 	/System/Library/PrivateFrameworks/SymptomDiagnosticReporter.framework/Versions/A/SymptomDiagnosticReporter
0x000000018e11c000 	/System/Library/PrivateFrameworks/DesktopServicesPriv.framework/Versions/A/DesktopServicesPriv
0x000000018cf96000 	/usr/lib/libsandbox.1.dylib
0x0000000191ab4000 	/System/Library/PrivateFrameworks/UserManagement.framework/Versions/A/UserManagement
0x000000019cf22000 	/System/Library/PrivateFrameworks/DebugSymbols.framework/Versions/A/DebugSymbols
0x0000000197eeb000 	/System/Library/PrivateFrameworks/NetAuth.framework/Versions/A/NetAuth
0x0000000198de9000 	/System/Library/PrivateFrameworks/Sharing.framework/Versions/A/Sharing
0x0000000191a84000 	/System/Library/PrivateFrameworks/login.framework/Versions/A/Frameworks/loginsupport.framework/Versions/A/loginsupport
0x000000019e0d2000 	/System/Library/PrivateFrameworks/Apple80211.framework/Versions/A/Apple80211
0x0000000194bdb000 	/System/Library/PrivateFrameworks/AuthKit.framework/Versions/A/AuthKit
0x0000000194272000 	/System/Library/PrivateFrameworks/CoreUtils.framework/Versions/A/CoreUtils
0x0000000194192000 	/System/Library/Frameworks/CoreWLAN.framework/Versions/A/CoreWLAN
0x0000000198f52000 	/System/Library/Frameworks/IOBluetooth.framework/Versions/A/IOBluetooth
0x000000019e132000 	/System/Library/PrivateFrameworks/CoreWiFi.framework/Versions/A/CoreWiFi
0x000000019cb09000 	/System/Library/PrivateFrameworks/FrontBoardServices.framework/Versions/A/FrontBoardServices
0x000000019cba1000 	/System/Library/PrivateFrameworks/BoardServices.framework/Versions/A/BoardServices
0x000000019448d000 	/System/Library/PrivateFrameworks/AssertionServices.framework/Versions/A/AssertionServices
0x000000019e2a0000 	/System/Library/PrivateFrameworks/BackBoardServices.framework/Versions/A/BackBoardServices
0x000000019835d000 	/System/Library/PrivateFrameworks/CorePhoneNumbers.framework/Versions/A/CorePhoneNumbers
0x000000019c101000 	/System/Library/PrivateFrameworks/DiskManagement.framework/Versions/A/DiskManagement
0x000000019c004000 	/System/Library/PrivateFrameworks/AppleIDAuthSupport.framework/Versions/A/AppleIDAuthSupport
0x00000001ef395000 	/System/Library/PrivateFrameworks/AAAFoundation.framework/Versions/A/AAAFoundation
0x000000019833c000 	/System/Library/PrivateFrameworks/KeychainCircle.framework/Versions/A/KeychainCircle
0x000000019c0cd000 	/System/Library/PrivateFrameworks/MediaKit.framework/Versions/A/MediaKit
0x000000019c011000 	/System/Library/Frameworks/DiscRecording.framework/Versions/A/DiscRecording
0x0000000195a36000 	/usr/lib/libCoreStorage.dylib
0x000000019e59a000 	/usr/lib/libcsfde.dylib
0x0000000199027000 	/System/Library/PrivateFrameworks/ProtectedCloudStorage.framework/Versions/A/ProtectedCloudStorage
0x000000019e592000 	/System/Library/PrivateFrameworks/EFILogin.framework/Versions/A/EFILogin
0x000000019c3d8000 	/System/Library/PrivateFrameworks/OctagonTrust.framework/Versions/A/OctagonTrust
0x00000001f3c7c000 	/System/Library/PrivateFrameworks/CoreUtilsExtras.framework/Versions/A/CoreUtilsExtras
0x000000019bf43000 	/System/Library/Frameworks/CoreBluetooth.framework/Versions/A/CoreBluetooth
0x000000019ec11000 	/System/Library/Frameworks/AudioUnit.framework/Versions/A/AudioUnit
0x0000000195a2e000 	/usr/lib/libMatch.1.dylib
0x00000001ae0ec000 	/System/Library/Frameworks/Accelerate.framework/Versions/A/Frameworks/vImage.framework/Versions/A/Libraries/libCGInterfaces.dylib
0x000000011dfe8000 	/usr/lib/libobjc-trampolines.dylib
0x0000000191782000 	/System/Library/PrivateFrameworks/ViewBridge.framework/Versions/A/ViewBridge
0x000000019617e000 	/System/Library/PrivateFrameworks/login.framework/Versions/A/login
0x000000013fc84000 	/Users/dan/.openjfx/cache/17.0.1/libjavafx_font.dylib
0x0000000206e92000 	/usr/lib/libRosetta.dylib
0x000000019b467000 	/System/Library/PrivateFrameworks/SystemAdministration.framework/Versions/A/SystemAdministration
0x0000000196c97000 	/System/Library/Frameworks/MediaToolbox.framework/Versions/A/MediaToolbox
0x000000019ad59000 	/System/Library/Frameworks/DirectoryService.framework/Versions/A/DirectoryService
0x000000019e428000 	/System/Library/PrivateFrameworks/DiskImages.framework/Versions/A/DiskImages
0x000000019453e000 	/System/Library/Frameworks/ServiceManagement.framework/Versions/A/ServiceManagement
0x000000019e60d000 	/System/Library/PrivateFrameworks/LoginUIKit.framework/Versions/A/Frameworks/LoginUICore.framework/Versions/A/LoginUICore
0x0000000196337000 	/usr/lib/libodfde.dylib
0x000000019c1fd000 	/System/Library/PrivateFrameworks/CoreAVCHD.framework/Versions/A/CoreAVCHD
0x000000019b429000 	/System/Library/Frameworks/MediaAccessibility.framework/Versions/A/MediaAccessibility
0x000000019c1f9000 	/System/Library/PrivateFrameworks/Mangrove.framework/Versions/A/Mangrove
0x000000019b436000 	/System/Library/PrivateFrameworks/AlgosScoreFramework.framework/Versions/A/AlgosScoreFramework
0x00000001f0f84000 	/System/Library/PrivateFrameworks/CMPhoto.framework/Versions/A/CMPhoto
0x000000019c1ed000 	/System/Library/PrivateFrameworks/CoreAUC.framework/Versions/A/CoreAUC
0x000000019e5a6000 	/usr/lib/libcurl.4.dylib
0x000000019e2fe000 	/usr/lib/libcrypto.44.dylib
0x000000019e3fb000 	/usr/lib/libssl.46.dylib
0x000000019e2c0000 	/System/Library/Frameworks/LDAP.framework/Versions/A/LDAP
0x000000019e2fc000 	/System/Library/PrivateFrameworks/TrustEvaluationAgent.framework/Versions/A/TrustEvaluationAgent
0x0000000197bfd000 	/usr/lib/libsasl2.2.dylib
0x000000019b45c000 	/System/Library/PrivateFrameworks/CoreDaemon.framework/Versions/B/CoreDaemon
0x000000019b456000 	/System/Library/PrivateFrameworks/AppleSRP.framework/Versions/A/AppleSRP


VM Arguments:
jvm_args: -javaagent:/Applications/IntelliJ IDEA CE.app/Contents/lib/idea_rt.jar=54972:/Applications/IntelliJ IDEA CE.app/Contents/bin -Dfile.encoding=UTF-8 --module-path=/Users/dan/development/USBFamilyTree/target/classes:/Users/dan/development/USBFamilyTree/lib/gson-2.9.0.jar:/Users/dan/.m2/repository/org/openjfx/javafx-controls/17.0.1/javafx-controls-17.0.1.jar:/Users/dan/.m2/repository/org/openjfx/javafx-controls/17.0.1/javafx-controls-17.0.1-mac-aarch64.jar:/Users/dan/.m2/repository/org/openjfx/javafx-graphics/17.0.1/javafx-graphics-17.0.1.jar:/Users/dan/.m2/repository/org/openjfx/javafx-graphics/17.0.1/javafx-graphics-17.0.1-mac-aarch64.jar:/Users/dan/.m2/repository/org/openjfx/javafx-base/17.0.1/javafx-base-17.0.1.jar:/Users/dan/.m2/repository/org/openjfx/javafx-base/17.0.1/javafx-base-17.0.1-mac-aarch64.jar:/Users/dan/.m2/repository/org/openjfx/javafx-fxml/17.0.1/javafx-fxml-17.0.1.jar:/Users/dan/.m2/repository/org/openjfx/javafx-fxml/17.0.1/javafx-fxml-17.0.1-mac-aarch64.jar:/Users/dan/.m2/repository/org/controlsfx/controlsfx/11.1.0/controlsfx-11.1.0.jar:/Users/dan/.m2/repository/com/google/code/gson/gson/2.9.0/gson-2.9.0.jar -Djdk.module.main=edu.templ.usbfamilytree 
java_command: edu.templ.usbfamilytree/edu.templ.usbfamilytree.MainApplication
java_class_path (initial): <not set>
Launcher Type: SUN_STANDARD

[Global flags]
     intx CICompilerCount                          = 4                                         {product} {ergonomic}
     uint ConcGCThreads                            = 2                                         {product} {ergonomic}
     uint G1ConcRefinementThreads                  = 8                                         {product} {ergonomic}
   size_t G1HeapRegionSize                         = 2097152                                   {product} {ergonomic}
    uintx GCDrainStackTargetSize                   = 64                                        {product} {ergonomic}
   size_t InitialHeapSize                          = 268435456                                 {product} {ergonomic}
   size_t MarkStackSize                            = 4194304                                   {product} {ergonomic}
   size_t MaxHeapSize                              = 4294967296                                {product} {ergonomic}
   size_t MaxNewSize                               = 2575302656                                {product} {ergonomic}
   size_t MinHeapDeltaBytes                        = 2097152                                   {product} {ergonomic}
   size_t MinHeapSize                              = 8388608                                   {product} {ergonomic}
    uintx NonNMethodCodeHeapSize                   = 5839564                                {pd product} {ergonomic}
    uintx NonProfiledCodeHeapSize                  = 122909338                              {pd product} {ergonomic}
    uintx ProfiledCodeHeapSize                     = 122909338                              {pd product} {ergonomic}
    uintx ReservedCodeCacheSize                    = 251658240                              {pd product} {ergonomic}
     bool SegmentedCodeCache                       = true                                      {product} {ergonomic}
   size_t SoftMaxHeapSize                          = 4294967296                             {manageable} {ergonomic}
     bool UseCompressedClassPointers               = true                           {product lp64_product} {ergonomic}
     bool UseCompressedOops                        = true                           {product lp64_product} {ergonomic}
     bool UseG1GC                                  = true                                      {product} {ergonomic}
     bool UseNUMA                                  = false                                     {product} {ergonomic}
     bool UseNUMAInterleaving                      = false                                     {product} {ergonomic}

Logging:
Log output configuration:
 #0: stdout all=warning uptime,level,tags
 #1: stderr all=off uptime,level,tags

Environment Variables:
PATH=/Users/dan/opt/anaconda3/bin:/Users/dan/opt/anaconda3/condabin:/Library/Frameworks/Python.framework/Versions/2.7/bin:/usr/local/bin:/Users/dan/development/flutter/bin:/opt/homebrew/bin:/opt/homebrew/sbin:/usr/local/bin:/usr/bin:/bin:/usr/sbin:/sbin:/usr/local/share/dotnet:~/.dotnet/tools:/Library/Apple/usr/bin:/Library/Frameworks/Mono.framework/Versions/Current/Commands
SHELL=/bin/zsh
LC_CTYPE=UTF-8

Signal Handlers:
   SIGSEGV: crash_handler in libjvm.dylib, mask=11100110000111110111111111111111, flags=SA_RESTART|SA_SIGINFO
    SIGBUS: crash_handler in libjvm.dylib, mask=11100110000111110111111111111111, flags=SA_RESTART|SA_SIGINFO
    SIGFPE: crash_handler in libjvm.dylib, mask=11100110000111110111111111111111, flags=SA_RESTART|SA_SIGINFO
   SIGPIPE: javaSignalHandler in libjvm.dylib, mask=11100110000111110111111111111111, flags=SA_RESTART|SA_SIGINFO
   SIGXFSZ: javaSignalHandler in libjvm.dylib, mask=11100110000111110111111111111111, flags=SA_RESTART|SA_SIGINFO
    SIGILL: crash_handler in libjvm.dylib, mask=11100110000111110111111111111111, flags=SA_RESTART|SA_SIGINFO
   SIGUSR2: SR_handler in libjvm.dylib, mask=00100000000000000000000000000000, flags=SA_RESTART|SA_SIGINFO
    SIGHUP: UserHandler in libjvm.dylib, mask=11100110000111110111111111111111, flags=SA_RESTART|SA_SIGINFO
    SIGINT: UserHandler in libjvm.dylib, mask=11100110000111110111111111111111, flags=SA_RESTART|SA_SIGINFO
   SIGTERM: UserHandler in libjvm.dylib, mask=11100110000111110111111111111111, flags=SA_RESTART|SA_SIGINFO
   SIGQUIT: UserHandler in libjvm.dylib, mask=11100110000111110111111111111111, flags=SA_RESTART|SA_SIGINFO
   SIGTRAP: crash_handler in libjvm.dylib, mask=11100110000111110111111111111111, flags=SA_RESTART|SA_SIGINFO


---------------  S Y S T E M  ---------------

OS:
uname: Darwin 21.1.0 Darwin Kernel Version 21.1.0: Wed Oct 13 17:33:24 PDT 2021; root:xnu-8019.41.5~1/RELEASE_ARM64_T8101 arm64
OS uptime: 9 days 23:31 hours
rlimit (soft/hard): STACK 8176k/65520k , CORE 0k/infinity , NPROC 2666/4000 , NOFILE 10240/infinity , AS infinity/infinity , CPU infinity/infinity , DATA infinity/infinity , FSIZE infinity/infinity , MEMLOCK infinity/infinity , RSS infinity/infinity
load average: 2.30 2.20 2.04

CPU: total 8 (initial active 8) 0x61:0x0:0x1b588bb3:0, fp, simd, crc, lse

Memory: 16k page, physical 16777216k(882624k free), swap 2097152k(1003520k free)

vm_info: OpenJDK 64-Bit Server VM (17.0.2+8-86) for bsd-aarch64 JRE (17.0.2+8-86), built on Dec  7 2021 21:45:06 by "mach5one" with clang Apple LLVM 12.0.0 (clang-1200.0.32.29)

END.
