#
# A fatal error has been detected by the Java Runtime Environment:
#
#  SIGBUS (0xa) at pc=0x000000010e55d4f0, pid=42451, tid=32783
#
# JRE version: OpenJDK Runtime Environment (17.0.2+8) (build 17.0.2+8-86)
# Java VM: OpenJDK 64-Bit Server VM (17.0.2+8-86, mixed mode, sharing, tiered, compressed oops, compressed class ptrs, g1 gc, bsd-aarch64)
# Problematic frame:
# v  ~StubRoutines::SafeFetchN
#
# No core dump will be written. Core dumps have been disabled. To enable core dumping, try "ulimit -c unlimited" before starting Java again
#
# If you would like to submit a bug report, please visit:
#   https://bugreport.java.com/bugreport/crash.jsp
# The crash happened outside the Java Virtual Machine in native code.
# See problematic frame for where to report the bug.
#

---------------  S U M M A R Y ------------

Command Line: -javaagent:/Applications/IntelliJ IDEA CE.app/Contents/lib/idea_rt.jar=55064:/Applications/IntelliJ IDEA CE.app/Contents/bin -Dfile.encoding=UTF-8 --module-path=/Users/dan/development/USBFamilyTree/target/classes:/Users/dan/development/USBFamilyTree/lib/gson-2.9.0.jar:/Users/dan/.m2/repository/org/openjfx/javafx-controls/17.0.1/javafx-controls-17.0.1.jar:/Users/dan/.m2/repository/org/openjfx/javafx-controls/17.0.1/javafx-controls-17.0.1-mac-aarch64.jar:/Users/dan/.m2/repository/org/openjfx/javafx-graphics/17.0.1/javafx-graphics-17.0.1.jar:/Users/dan/.m2/repository/org/openjfx/javafx-graphics/17.0.1/javafx-graphics-17.0.1-mac-aarch64.jar:/Users/dan/.m2/repository/org/openjfx/javafx-base/17.0.1/javafx-base-17.0.1.jar:/Users/dan/.m2/repository/org/openjfx/javafx-base/17.0.1/javafx-base-17.0.1-mac-aarch64.jar:/Users/dan/.m2/repository/org/openjfx/javafx-fxml/17.0.1/javafx-fxml-17.0.1.jar:/Users/dan/.m2/repository/org/openjfx/javafx-fxml/17.0.1/javafx-fxml-17.0.1-mac-aarch64.jar:/Users/dan/.m2/repository/org/controlsfx/controlsfx/11.1.0/controlsfx-11.1.0.jar:/Users/dan/.m2/repository/com/google/code/gson/gson/2.9.0/gson-2.9.0.jar -Djdk.module.main=edu.templ.usbfamilytree edu.templ.usbfamilytree/edu.templ.usbfamilytree.MainApplication

Host: "MacBookPro17,1" arm64 1 MHz, 8 cores, 16G, Darwin 21.1.0, macOS 12.0.1 (21A559)
Time: Wed Apr  6 09:24:30 2022 EDT elapsed time: 0.258457 seconds (0d 0h 0m 0s)

---------------  T H R E A D  ---------------

Current thread (0x000000014a1df000):  JavaThread "InvokeLaterDispatcher" daemon [_thread_in_native, id=32783, stack(0x000000016dd4c000,0x000000016df4f000)]

Stack: [0x000000016dd4c000,0x000000016df4f000],  sp=0x000000016df4e790,  free space=2057k
Native frames: (J=compiled Java code, j=interpreted, Vv=VM code, C=native code)
v  ~StubRoutines::SafeFetchN
V  [libjvm.dylib+0x7a6bcc]  _ZN10OopStorage7releaseEPKP7oopDesc+0x20
V  [libjvm.dylib+0x4ba824]  jni_DeleteGlobalRef+0xd8
C  [libglass.dylib+0xab08]  -[GlassRunnable dealloc]+0x34
C  [Foundation+0x85e0c]  -[_NSThreadPerformInfo dealloc]+0x30
C  [Foundation+0x525e8]  -[NSObject(NSThreadPerformAdditions) performSelectorOnMainThread:withObject:waitUntilDone:]+0x88
C  0x136080010e5658ac
j  com.sun.glass.ui.mac.MacApplication.submitForLaterInvocation(Ljava/lang/Runnable;)V+2 javafx.graphics
j  com.sun.glass.ui.InvokeLaterDispatcher.run()V+82 javafx.graphics
v  ~StubRoutines::call_stub
V  [libjvm.dylib+0x461d08]  _ZN9JavaCalls11call_helperEP9JavaValueRK12methodHandleP17JavaCallArgumentsP10JavaThread+0x38c
V  [libjvm.dylib+0x460d24]  _ZN9JavaCalls12call_virtualEP9JavaValueP5KlassP6SymbolS5_P17JavaCallArgumentsP10JavaThread+0x11c
V  [libjvm.dylib+0x460df0]  _ZN9JavaCalls12call_virtualEP9JavaValue6HandleP5KlassP6SymbolS6_P10JavaThread+0x64
V  [libjvm.dylib+0x515f04]  _ZL12thread_entryP10JavaThreadS0_+0xc4
V  [libjvm.dylib+0x9071ac]  _ZN10JavaThread17thread_main_innerEv+0x13c
V  [libjvm.dylib+0x9058c0]  _ZN6Thread8call_runEv+0x128
V  [libjvm.dylib+0x7ad7c8]  _ZL19thread_native_entryP6Thread+0x158
C  [libsystem_pthread.dylib+0x74ec]  _pthread_start+0x94

Java frames: (J=compiled Java code, j=interpreted, Vv=VM code)
j  com.sun.glass.ui.mac.MacApplication._submitForLaterInvocation(Ljava/lang/Runnable;)V+0 javafx.graphics
j  com.sun.glass.ui.mac.MacApplication.submitForLaterInvocation(Ljava/lang/Runnable;)V+2 javafx.graphics
j  com.sun.glass.ui.InvokeLaterDispatcher.run()V+82 javafx.graphics
v  ~StubRoutines::call_stub

siginfo: si_signo: 10 (SIGBUS), si_code: 1 (BUS_ADRALN), si_addr: 0x000000010e55d4f0

Register to memory mapping:

 x0=0x000000014aa0d0c8 points into unknown readable memory: 0x0000000000000000 | 00 00 00 00 00 00 00 00
 x1=0x0 is NULL
 x2=0x000000070f5c8b68 is an oop: com.sun.glass.ui.InvokeLaterDispatcher$Future 
{0x000000070f5c8b68} - klass: 'com/sun/glass/ui/InvokeLaterDispatcher$Future'
 - ---- fields (total size 3 words):
 - private 'done' 'Z' @12  true
 - private final 'runnable' 'Ljava/lang/Runnable;' @16  a 'com/sun/glass/ui/mac/MacApplication$$Lambda$102+0x0000000800c30f50'{0x000000070f2736a8} (e1e4e6d5)
 - final synthetic 'this$0' 'Lcom/sun/glass/ui/InvokeLaterDispatcher;' @20  a 'com/sun/glass/ui/InvokeLaterDispatcher'{0x000000070f568700} (e1ead0e0)
 x3=0x0 is NULL
 x4=0x00000000000130a8 is an unknown value
 x5=0x0 is NULL
 x6=0x0 is NULL
 x7=0x000000014a1df000 is a thread
 x8=0x000000010e55d4ec is at begin+0 in a stub
StubRoutines::SafeFetchN [0x000000010e55d4ec, 0x000000010e55d4f8] (12 bytes)
 x9=0x0 is NULL
x10=0x2010000030300000 is an unknown value
x11=0x00000000d1b20660 is an unknown value
x12=0x0000000000000002 is an unknown value
x13=0x0 is NULL
x14=0x0000000100000000 is an unknown value
x15=0x0000000105cfcbe1: _OBJC_$_INSTANCE_METHODS_GlassRunnable+0x9 in /Users/dan/.openjfx/cache/17.0.1/libglass.dylib at 0x0000000105ccc000
x16=0x000000018a404340: pthread_getspecific+0 in /usr/lib/system/libsystem_pthread.dylib at 0x000000018a402000
x17=0x00006000001efa20 points into unknown readable memory: 0xfffffffffffffffe | fe ff ff ff ff ff ff ff
x18=0x0 is NULL
x19=0x0000600000ee9500 points into unknown readable memory: 0x00006000027ec610 | 10 c6 7e 02 00 60 00 00
x20=0x000000014aa0cec0 points into unknown readable memory: 0x000000018ffa48a0 | a0 48 fa 8f 01 00 00 00
x21=0x000000014aa0d0c8 points into unknown readable memory: 0x0000000000000000 | 00 00 00 00 00 00 00 00
x22=0x000000014a1df000 is a thread
x23=0x0000000000000001 is an unknown value
x24=0x000000014aa0d080 is a global jni handle
x25=0x0000000106a1d5e8: _ZN12StubRoutines17_safefetchN_entryE+0 in /Users/dan/Library/Java/JavaVirtualMachines/openjdk-17.0.2/Contents/Home/lib/server/libjvm.dylib at 0x0000000105e6c000
x26=0x0000000128d19608 is pointing into metadata
x27=0x0 is NULL
x28=0x000000014a1df000 is a thread


Registers:
 x0=0x000000014aa0d0c8  x1=0x0000000000000000  x2=0x000000070f5c8b68  x3=0x0000000000000000
 x4=0x00000000000130a8  x5=0x0000000000000000  x6=0x0000000000000000  x7=0x000000014a1df000
 x8=0x000000010e55d4ec  x9=0x0000000000000000 x10=0x2010000030300000 x11=0x00000000d1b20660
x12=0x0000000000000002 x13=0x0000000000000000 x14=0x0000000100000000 x15=0x0000000105cfcbe1
x16=0x000000018a404340 x17=0x00006000001efa20 x18=0x0000000000000000 x19=0x0000600000ee9500
x20=0x000000014aa0cec0 x21=0x000000014aa0d0c8 x22=0x000000014a1df000 x23=0x0000000000000001
x24=0x000000014aa0d080 x25=0x0000000106a1d5e8 x26=0x0000000128d19608 x27=0x0000000000000000
x28=0x000000014a1df000  fp=0x000000016df4e7d0  lr=0x000000010661199c  sp=0x000000016df4e790
pc=0x000000010e55d4f0 cpsr=0x0000000060001000
Top of Stack: (sp=0x000000016df4e790)
0x000000016df4e790:   0000000128d19608 0000000000000001
0x000000016df4e7a0:   000000016df4e998 0000000000000000
0x000000016df4e7b0:   000000014a1de6a8 000000014aa0d0a8
0x000000016df4e7c0:   000000014aa0d0a8 0000600000ee9500
0x000000016df4e7d0:   000000016df4e810 0000000106612bcc
0x000000016df4e7e0:   0000000000000001 000000014aa0d0a8
0x000000016df4e7f0:   000000014a1de6a8 000000014aa0d0a8
0x000000016df4e800:   0000000000000001 000000014a1de400
0x000000016df4e810:   000000016df4e850 0000000106326824
0x000000016df4e820:   000000016df4e998 00006000027f1a70
0x000000016df4e830:   00006000027f1a50 00000001d46319f4
0x000000016df4e840:   0000000000000000 00006000027f1a50
0x000000016df4e850:   000000016df4e880 0000000105cd6b08
0x000000016df4e860:   0000000000000000 000000014a1df000
0x000000016df4e870:   0000000000000000 00006000030c5040
0x000000016df4e880:   000000016df4e8c0 000000018b3cce0c
0x000000016df4e890:   00000000000130a8 0000000000000000
0x000000016df4e8a0:   0000000000000000 770bcbe715b10033
0x000000016df4e8b0:   0000000000000000 0000000000000000
0x000000016df4e8c0:   000000016df4e900 5e5280018b3995e8
0x000000016df4e8d0:   000000016df4e998 000000010e5647c0
0x000000016df4e8e0:   0000000000000000 0000000106a24fa8
0x000000016df4e8f0:   000000016df4e910 000000010e563730
0x000000016df4e900:   000000016df4e970 136080010e5658ac
0x000000016df4e910:   000000010e5656cc 0000000128cf2ac0
0x000000016df4e920:   000000016df4e920 0000000000000000
0x000000016df4e930:   000000016df4e998 0000000128d19608
0x000000016df4e940:   000000070f4f0e40 0000000000000000
0x000000016df4e950:   0000000000000000 0000000128cf2ac0
0x000000016df4e960:   0000000000000000 000000016df4e970
0x000000016df4e970:   000000016df4e9f0 000000010e561fc8
0x000000016df4e980:   0000000000000000 0000000000000000 

Instructions: (pc=0x000000010e55d4f0)
0x000000010e55d3f0:   f2a0d3c9 f2c00029 6d425935 1e640886
0x000000010e55d400:   0c402d31 1e6408c7 1f5654d0 1e6c1017
0x000000010e55d410:   1f5050d0 1f504cd0 1f5048d0 1e650af6
0x000000010e55d420:   1f50d8f6 1f5694d6 1f5158f6 1e762880
0x000000010e55d430:   36000501 1e614000 14000026 2e251ca5
0x000000010e55d440:   d2943009 f2a0d3c9 f2c00029 6d425d36
0x000000010e55d450:   1e600806 0c402d32 1f5758c7 1e6c101a
0x000000010e55d460:   1f4754c7 1e650805 1f4750c7 d2866668
0x000000010e55d470:   f2a7fa68 1f474cc7 1e6608c0 1f4748c7
0x000000010e55d480:   1e6e1019 eb08007f 540000ac 1f479400
0x000000010e55d490:   1f460340 1e603b20 1400000e d2a7fd29
0x000000010e55d4a0:   eb09007f 540000ac 51480069 d3607d29
0x000000010e55d4b0:   9e670121 14000002 1e6a5001 1f679417
0x000000010e55d4c0:   1f668742 1e613b23 1e773857 1e773860
0x000000010e55d4d0:   a8c17ff3 910003bf a8c17bfd d65f03c0
0x000000010e55d4e0:   b9400001 aa0103e0 d65f03c0 f9400001
0x000000010e55d4f0:   aa0103e0 d65f03c0 00000000 00000000
0x000000010e55d500:   00000000 00000000 00000000 00000000
0x000000010e55d510:   00000000 00000000 00000000 00000000
0x000000010e55d520:   00000000 00000000 00000000 00000000
0x000000010e55d530:   00000000 00000000 00000000 00000000
0x000000010e55d540:   00000000 00000000 00000000 00000000
0x000000010e55d550:   00000000 00000000 00000000 00000000
0x000000010e55d560:   00000000 00000000 00000000 00000000
0x000000010e55d570:   00000000 00000000 00000000 00000000
0x000000010e55d580:   00000000 00000000 00000000 00000000
0x000000010e55d590:   00000000 00000000 00000000 00000000
0x000000010e55d5a0:   00000000 00000000 00000000 00000000
0x000000010e55d5b0:   00000000 00000000 00000000 00000000
0x000000010e55d5c0:   00000000 00000000 00000000 00000000
0x000000010e55d5d0:   00000000 00000000 00000000 00000000
0x000000010e55d5e0:   00000000 00000000 00000000 00000000 


Stack slot to memory mapping:
stack at sp + 0 slots: 0x0000000128d19608 is pointing into metadata
stack at sp + 1 slots: 0x0000000000000001 is an unknown value
stack at sp + 2 slots: 0x000000016df4e998 is pointing into the stack for thread: 0x000000014a1df000
stack at sp + 3 slots: 0x0 is NULL
stack at sp + 4 slots: 0x000000014a1de6a8 points into unknown readable memory: 0x00000001069da738 | 38 a7 9d 06 01 00 00 00
stack at sp + 5 slots: 0x000000014aa0d0a8 is a global jni handle
stack at sp + 6 slots: 0x000000014aa0d0a8 is a global jni handle
stack at sp + 7 slots: 0x0000600000ee9500 points into unknown readable memory: 0x00006000027ec610 | 10 c6 7e 02 00 60 00 00

StubRoutines::SafeFetchN [0x000000010e55d4ec, 0x000000010e55d4f8] (12 bytes)
[MachCode]
  0x000000010e55d4ec: 0100 40f9 | e003 01aa | c003 5fd6 
[/MachCode]

---------------  P R O C E S S  ---------------

Threads class SMR info:
_java_thread_list=0x00006000025b9100, length=15, elements={
0x000000014b808a00, 0x0000000149814a00, 0x0000000149817200, 0x000000014b905400,
0x000000014b903e00, 0x000000014b900800, 0x000000014b900e00, 0x000000014b901400,
0x000000013a010200, 0x000000012b009c00, 0x000000014b973a00, 0x000000013a010800,
0x000000014b902000, 0x000000014a1df000, 0x000000014a1de400
}

Java Threads: ( => current thread )
  0x000000014b808a00 JavaThread "main" [_thread_blocked, id=10243, stack(0x000000016b344000,0x000000016b547000)]
  0x0000000149814a00 JavaThread "Reference Handler" daemon [_thread_blocked, id=15107, stack(0x000000016c198000,0x000000016c39b000)]
  0x0000000149817200 JavaThread "Finalizer" daemon [_thread_blocked, id=16387, stack(0x000000016c3a4000,0x000000016c5a7000)]
  0x000000014b905400 JavaThread "Signal Dispatcher" daemon [_thread_blocked, id=42243, stack(0x000000016c6c8000,0x000000016c8cb000)]
  0x000000014b903e00 JavaThread "Service Thread" daemon [_thread_blocked, id=41731, stack(0x000000016c8d4000,0x000000016cad7000)]
  0x000000014b900800 JavaThread "Monitor Deflation Thread" daemon [_thread_blocked, id=23043, stack(0x000000016cae0000,0x000000016cce3000)]
  0x000000014b900e00 JavaThread "C2 CompilerThread0" daemon [_thread_blocked, id=23555, stack(0x000000016ccec000,0x000000016ceef000)]
  0x000000014b901400 JavaThread "C1 CompilerThread0" daemon [_thread_in_native, id=24067, stack(0x000000016cef8000,0x000000016d0fb000)]
  0x000000013a010200 JavaThread "Sweeper thread" daemon [_thread_blocked, id=24323, stack(0x000000016d104000,0x000000016d307000)]
  0x000000012b009c00 JavaThread "Common-Cleaner" daemon [_thread_blocked, id=40963, stack(0x000000016d310000,0x000000016d513000)]
  0x000000014b973a00 JavaThread "Monitor Ctrl-Break" daemon [_thread_in_native, id=40451, stack(0x000000016d51c000,0x000000016d71f000)]
  0x000000013a010800 JavaThread "Notification Thread" daemon [_thread_blocked, id=24579, stack(0x000000016d728000,0x000000016d92b000)]
  0x000000014b902000 JavaThread "QuantumRenderer-0" daemon [_thread_in_native, id=24835, stack(0x000000016db40000,0x000000016dd43000)]
=>0x000000014a1df000 JavaThread "InvokeLaterDispatcher" daemon [_thread_in_native, id=32783, stack(0x000000016dd4c000,0x000000016df4f000)]
  0x000000014a1de400 JavaThread "JavaFX Application Thread" [_thread_blocked, id=259, stack(0x000000016aabc000,0x000000016b2b8000)]

Other Threads:
  0x0000000149606b00 VMThread "VM Thread" [stack: 0x000000016bf8c000,0x000000016c18f000] [id=14851]
  0x0000000105a04710 WatcherThread [stack: 0x000000016d934000,0x000000016db37000] [id=39683]
  0x000000014aa06930 GCTaskThread "GC Thread#0" [stack: 0x000000016b550000,0x000000016b753000] [id=12291]
  0x000000014aa06fe0 ConcurrentGCThread "G1 Main Marker" [stack: 0x000000016b75c000,0x000000016b95f000] [id=12547]
  0x000000014aa07860 ConcurrentGCThread "G1 Conc#0" [stack: 0x000000016b968000,0x000000016bb6b000] [id=18947]
  0x000000014aa096d0 ConcurrentGCThread "G1 Refine#0" [stack: 0x000000016bb74000,0x000000016bd77000] [id=13571]
  0x000000014aa09f70 ConcurrentGCThread "G1 Service" [stack: 0x000000016bd80000,0x000000016bf83000] [id=13827]

Threads with active compile tasks:
C1 CompilerThread0      263  731   !   3       java.util.concurrent.ConcurrentHashMap::computeIfAbsent (576 bytes)

VM state: not at safepoint (normal execution)

VM Mutex/Monitor currently owned by a thread: None

Heap address: 0x0000000700000000, size: 4096 MB, Compressed Oops mode: Zero based, Oop shift amount: 3

CDS archive(s) mapped at: [0x0000000800000000-0x0000000800bd4000-0x0000000800bd4000), size 12402688, SharedBaseAddress: 0x0000000800000000, ArchiveRelocationMode: 0.
Compressed class space mapped at: 0x0000000800c00000-0x0000000840c00000, reserved size: 1073741824
Narrow klass base: 0x0000000800000000, Narrow klass shift: 0, Narrow klass range: 0x100000000

GC Precious Log:
 CPUs: 8 total, 8 available
 Memory: 16384M
 Large Page Support: Disabled
 NUMA Support: Disabled
 Compressed Oops: Enabled (Zero based)
 Heap Region Size: 2M
 Heap Min Capacity: 8M
 Heap Initial Capacity: 256M
 Heap Max Capacity: 4G
 Pre-touch: Disabled
 Parallel Workers: 8
 Concurrent Workers: 2
 Concurrent Refinement Workers: 8
 Periodic GC: Disabled

Heap:
 garbage-first heap   total 266240K, used 14304K [0x0000000700000000, 0x0000000800000000)
  region size 2048K, 7 young (14336K), 0 survivors (0K)
 Metaspace       used 3568K, committed 3776K, reserved 1056768K
  class space    used 394K, committed 512K, reserved 1048576K

Heap Regions: E=young(eden), S=young(survivor), O=old, HS=humongous(starts), HC=humongous(continues), CS=collection set, F=free, OA=open archive, CA=closed archive, TAMS=top-at-mark-start (previous, next)
|   0|0x0000000700000000, 0x0000000700000000, 0x0000000700200000|  0%| F|  |TAMS 0x0000000700000000, 0x0000000700000000| Untracked 
|   1|0x0000000700200000, 0x0000000700200000, 0x0000000700400000|  0%| F|  |TAMS 0x0000000700200000, 0x0000000700200000| Untracked 
|   2|0x0000000700400000, 0x0000000700400000, 0x0000000700600000|  0%| F|  |TAMS 0x0000000700400000, 0x0000000700400000| Untracked 
|   3|0x0000000700600000, 0x0000000700600000, 0x0000000700800000|  0%| F|  |TAMS 0x0000000700600000, 0x0000000700600000| Untracked 
|   4|0x0000000700800000, 0x0000000700800000, 0x0000000700a00000|  0%| F|  |TAMS 0x0000000700800000, 0x0000000700800000| Untracked 
|   5|0x0000000700a00000, 0x0000000700a00000, 0x0000000700c00000|  0%| F|  |TAMS 0x0000000700a00000, 0x0000000700a00000| Untracked 
|   6|0x0000000700c00000, 0x0000000700c00000, 0x0000000700e00000|  0%| F|  |TAMS 0x0000000700c00000, 0x0000000700c00000| Untracked 
|   7|0x0000000700e00000, 0x0000000700e00000, 0x0000000701000000|  0%| F|  |TAMS 0x0000000700e00000, 0x0000000700e00000| Untracked 
|   8|0x0000000701000000, 0x0000000701000000, 0x0000000701200000|  0%| F|  |TAMS 0x0000000701000000, 0x0000000701000000| Untracked 
|   9|0x0000000701200000, 0x0000000701200000, 0x0000000701400000|  0%| F|  |TAMS 0x0000000701200000, 0x0000000701200000| Untracked 
|  10|0x0000000701400000, 0x0000000701400000, 0x0000000701600000|  0%| F|  |TAMS 0x0000000701400000, 0x0000000701400000| Untracked 
|  11|0x0000000701600000, 0x0000000701600000, 0x0000000701800000|  0%| F|  |TAMS 0x0000000701600000, 0x0000000701600000| Untracked 
|  12|0x0000000701800000, 0x0000000701800000, 0x0000000701a00000|  0%| F|  |TAMS 0x0000000701800000, 0x0000000701800000| Untracked 
|  13|0x0000000701a00000, 0x0000000701a00000, 0x0000000701c00000|  0%| F|  |TAMS 0x0000000701a00000, 0x0000000701a00000| Untracked 
|  14|0x0000000701c00000, 0x0000000701c00000, 0x0000000701e00000|  0%| F|  |TAMS 0x0000000701c00000, 0x0000000701c00000| Untracked 
|  15|0x0000000701e00000, 0x0000000701e00000, 0x0000000702000000|  0%| F|  |TAMS 0x0000000701e00000, 0x0000000701e00000| Untracked 
|  16|0x0000000702000000, 0x0000000702000000, 0x0000000702200000|  0%| F|  |TAMS 0x0000000702000000, 0x0000000702000000| Untracked 
|  17|0x0000000702200000, 0x0000000702200000, 0x0000000702400000|  0%| F|  |TAMS 0x0000000702200000, 0x0000000702200000| Untracked 
|  18|0x0000000702400000, 0x0000000702400000, 0x0000000702600000|  0%| F|  |TAMS 0x0000000702400000, 0x0000000702400000| Untracked 
|  19|0x0000000702600000, 0x0000000702600000, 0x0000000702800000|  0%| F|  |TAMS 0x0000000702600000, 0x0000000702600000| Untracked 
|  20|0x0000000702800000, 0x0000000702800000, 0x0000000702a00000|  0%| F|  |TAMS 0x0000000702800000, 0x0000000702800000| Untracked 
|  21|0x0000000702a00000, 0x0000000702a00000, 0x0000000702c00000|  0%| F|  |TAMS 0x0000000702a00000, 0x0000000702a00000| Untracked 
|  22|0x0000000702c00000, 0x0000000702c00000, 0x0000000702e00000|  0%| F|  |TAMS 0x0000000702c00000, 0x0000000702c00000| Untracked 
|  23|0x0000000702e00000, 0x0000000702e00000, 0x0000000703000000|  0%| F|  |TAMS 0x0000000702e00000, 0x0000000702e00000| Untracked 
|  24|0x0000000703000000, 0x0000000703000000, 0x0000000703200000|  0%| F|  |TAMS 0x0000000703000000, 0x0000000703000000| Untracked 
|  25|0x0000000703200000, 0x0000000703200000, 0x0000000703400000|  0%| F|  |TAMS 0x0000000703200000, 0x0000000703200000| Untracked 
|  26|0x0000000703400000, 0x0000000703400000, 0x0000000703600000|  0%| F|  |TAMS 0x0000000703400000, 0x0000000703400000| Untracked 
|  27|0x0000000703600000, 0x0000000703600000, 0x0000000703800000|  0%| F|  |TAMS 0x0000000703600000, 0x0000000703600000| Untracked 
|  28|0x0000000703800000, 0x0000000703800000, 0x0000000703a00000|  0%| F|  |TAMS 0x0000000703800000, 0x0000000703800000| Untracked 
|  29|0x0000000703a00000, 0x0000000703a00000, 0x0000000703c00000|  0%| F|  |TAMS 0x0000000703a00000, 0x0000000703a00000| Untracked 
|  30|0x0000000703c00000, 0x0000000703c00000, 0x0000000703e00000|  0%| F|  |TAMS 0x0000000703c00000, 0x0000000703c00000| Untracked 
|  31|0x0000000703e00000, 0x0000000703e00000, 0x0000000704000000|  0%| F|  |TAMS 0x0000000703e00000, 0x0000000703e00000| Untracked 
|  32|0x0000000704000000, 0x0000000704000000, 0x0000000704200000|  0%| F|  |TAMS 0x0000000704000000, 0x0000000704000000| Untracked 
|  33|0x0000000704200000, 0x0000000704200000, 0x0000000704400000|  0%| F|  |TAMS 0x0000000704200000, 0x0000000704200000| Untracked 
|  34|0x0000000704400000, 0x0000000704400000, 0x0000000704600000|  0%| F|  |TAMS 0x0000000704400000, 0x0000000704400000| Untracked 
|  35|0x0000000704600000, 0x0000000704600000, 0x0000000704800000|  0%| F|  |TAMS 0x0000000704600000, 0x0000000704600000| Untracked 
|  36|0x0000000704800000, 0x0000000704800000, 0x0000000704a00000|  0%| F|  |TAMS 0x0000000704800000, 0x0000000704800000| Untracked 
|  37|0x0000000704a00000, 0x0000000704a00000, 0x0000000704c00000|  0%| F|  |TAMS 0x0000000704a00000, 0x0000000704a00000| Untracked 
|  38|0x0000000704c00000, 0x0000000704c00000, 0x0000000704e00000|  0%| F|  |TAMS 0x0000000704c00000, 0x0000000704c00000| Untracked 
|  39|0x0000000704e00000, 0x0000000704e00000, 0x0000000705000000|  0%| F|  |TAMS 0x0000000704e00000, 0x0000000704e00000| Untracked 
|  40|0x0000000705000000, 0x0000000705000000, 0x0000000705200000|  0%| F|  |TAMS 0x0000000705000000, 0x0000000705000000| Untracked 
|  41|0x0000000705200000, 0x0000000705200000, 0x0000000705400000|  0%| F|  |TAMS 0x0000000705200000, 0x0000000705200000| Untracked 
|  42|0x0000000705400000, 0x0000000705400000, 0x0000000705600000|  0%| F|  |TAMS 0x0000000705400000, 0x0000000705400000| Untracked 
|  43|0x0000000705600000, 0x0000000705600000, 0x0000000705800000|  0%| F|  |TAMS 0x0000000705600000, 0x0000000705600000| Untracked 
|  44|0x0000000705800000, 0x0000000705800000, 0x0000000705a00000|  0%| F|  |TAMS 0x0000000705800000, 0x0000000705800000| Untracked 
|  45|0x0000000705a00000, 0x0000000705a00000, 0x0000000705c00000|  0%| F|  |TAMS 0x0000000705a00000, 0x0000000705a00000| Untracked 
|  46|0x0000000705c00000, 0x0000000705c00000, 0x0000000705e00000|  0%| F|  |TAMS 0x0000000705c00000, 0x0000000705c00000| Untracked 
|  47|0x0000000705e00000, 0x0000000705e00000, 0x0000000706000000|  0%| F|  |TAMS 0x0000000705e00000, 0x0000000705e00000| Untracked 
|  48|0x0000000706000000, 0x0000000706000000, 0x0000000706200000|  0%| F|  |TAMS 0x0000000706000000, 0x0000000706000000| Untracked 
|  49|0x0000000706200000, 0x0000000706200000, 0x0000000706400000|  0%| F|  |TAMS 0x0000000706200000, 0x0000000706200000| Untracked 
|  50|0x0000000706400000, 0x0000000706400000, 0x0000000706600000|  0%| F|  |TAMS 0x0000000706400000, 0x0000000706400000| Untracked 
|  51|0x0000000706600000, 0x0000000706600000, 0x0000000706800000|  0%| F|  |TAMS 0x0000000706600000, 0x0000000706600000| Untracked 
|  52|0x0000000706800000, 0x0000000706800000, 0x0000000706a00000|  0%| F|  |TAMS 0x0000000706800000, 0x0000000706800000| Untracked 
|  53|0x0000000706a00000, 0x0000000706a00000, 0x0000000706c00000|  0%| F|  |TAMS 0x0000000706a00000, 0x0000000706a00000| Untracked 
|  54|0x0000000706c00000, 0x0000000706c00000, 0x0000000706e00000|  0%| F|  |TAMS 0x0000000706c00000, 0x0000000706c00000| Untracked 
|  55|0x0000000706e00000, 0x0000000706e00000, 0x0000000707000000|  0%| F|  |TAMS 0x0000000706e00000, 0x0000000706e00000| Untracked 
|  56|0x0000000707000000, 0x0000000707000000, 0x0000000707200000|  0%| F|  |TAMS 0x0000000707000000, 0x0000000707000000| Untracked 
|  57|0x0000000707200000, 0x0000000707200000, 0x0000000707400000|  0%| F|  |TAMS 0x0000000707200000, 0x0000000707200000| Untracked 
|  58|0x0000000707400000, 0x0000000707400000, 0x0000000707600000|  0%| F|  |TAMS 0x0000000707400000, 0x0000000707400000| Untracked 
|  59|0x0000000707600000, 0x0000000707600000, 0x0000000707800000|  0%| F|  |TAMS 0x0000000707600000, 0x0000000707600000| Untracked 
|  60|0x0000000707800000, 0x0000000707800000, 0x0000000707a00000|  0%| F|  |TAMS 0x0000000707800000, 0x0000000707800000| Untracked 
|  61|0x0000000707a00000, 0x0000000707a00000, 0x0000000707c00000|  0%| F|  |TAMS 0x0000000707a00000, 0x0000000707a00000| Untracked 
|  62|0x0000000707c00000, 0x0000000707c00000, 0x0000000707e00000|  0%| F|  |TAMS 0x0000000707c00000, 0x0000000707c00000| Untracked 
|  63|0x0000000707e00000, 0x0000000707e00000, 0x0000000708000000|  0%| F|  |TAMS 0x0000000707e00000, 0x0000000707e00000| Untracked 
|  64|0x0000000708000000, 0x0000000708000000, 0x0000000708200000|  0%| F|  |TAMS 0x0000000708000000, 0x0000000708000000| Untracked 
|  65|0x0000000708200000, 0x0000000708200000, 0x0000000708400000|  0%| F|  |TAMS 0x0000000708200000, 0x0000000708200000| Untracked 
|  66|0x0000000708400000, 0x0000000708400000, 0x0000000708600000|  0%| F|  |TAMS 0x0000000708400000, 0x0000000708400000| Untracked 
|  67|0x0000000708600000, 0x0000000708600000, 0x0000000708800000|  0%| F|  |TAMS 0x0000000708600000, 0x0000000708600000| Untracked 
|  68|0x0000000708800000, 0x0000000708800000, 0x0000000708a00000|  0%| F|  |TAMS 0x0000000708800000, 0x0000000708800000| Untracked 
|  69|0x0000000708a00000, 0x0000000708a00000, 0x0000000708c00000|  0%| F|  |TAMS 0x0000000708a00000, 0x0000000708a00000| Untracked 
|  70|0x0000000708c00000, 0x0000000708c00000, 0x0000000708e00000|  0%| F|  |TAMS 0x0000000708c00000, 0x0000000708c00000| Untracked 
|  71|0x0000000708e00000, 0x0000000708e00000, 0x0000000709000000|  0%| F|  |TAMS 0x0000000708e00000, 0x0000000708e00000| Untracked 
|  72|0x0000000709000000, 0x0000000709000000, 0x0000000709200000|  0%| F|  |TAMS 0x0000000709000000, 0x0000000709000000| Untracked 
|  73|0x0000000709200000, 0x0000000709200000, 0x0000000709400000|  0%| F|  |TAMS 0x0000000709200000, 0x0000000709200000| Untracked 
|  74|0x0000000709400000, 0x0000000709400000, 0x0000000709600000|  0%| F|  |TAMS 0x0000000709400000, 0x0000000709400000| Untracked 
|  75|0x0000000709600000, 0x0000000709600000, 0x0000000709800000|  0%| F|  |TAMS 0x0000000709600000, 0x0000000709600000| Untracked 
|  76|0x0000000709800000, 0x0000000709800000, 0x0000000709a00000|  0%| F|  |TAMS 0x0000000709800000, 0x0000000709800000| Untracked 
|  77|0x0000000709a00000, 0x0000000709a00000, 0x0000000709c00000|  0%| F|  |TAMS 0x0000000709a00000, 0x0000000709a00000| Untracked 
|  78|0x0000000709c00000, 0x0000000709c00000, 0x0000000709e00000|  0%| F|  |TAMS 0x0000000709c00000, 0x0000000709c00000| Untracked 
|  79|0x0000000709e00000, 0x0000000709e00000, 0x000000070a000000|  0%| F|  |TAMS 0x0000000709e00000, 0x0000000709e00000| Untracked 
|  80|0x000000070a000000, 0x000000070a000000, 0x000000070a200000|  0%| F|  |TAMS 0x000000070a000000, 0x000000070a000000| Untracked 
|  81|0x000000070a200000, 0x000000070a200000, 0x000000070a400000|  0%| F|  |TAMS 0x000000070a200000, 0x000000070a200000| Untracked 
|  82|0x000000070a400000, 0x000000070a400000, 0x000000070a600000|  0%| F|  |TAMS 0x000000070a400000, 0x000000070a400000| Untracked 
|  83|0x000000070a600000, 0x000000070a600000, 0x000000070a800000|  0%| F|  |TAMS 0x000000070a600000, 0x000000070a600000| Untracked 
|  84|0x000000070a800000, 0x000000070a800000, 0x000000070aa00000|  0%| F|  |TAMS 0x000000070a800000, 0x000000070a800000| Untracked 
|  85|0x000000070aa00000, 0x000000070aa00000, 0x000000070ac00000|  0%| F|  |TAMS 0x000000070aa00000, 0x000000070aa00000| Untracked 
|  86|0x000000070ac00000, 0x000000070ac00000, 0x000000070ae00000|  0%| F|  |TAMS 0x000000070ac00000, 0x000000070ac00000| Untracked 
|  87|0x000000070ae00000, 0x000000070ae00000, 0x000000070b000000|  0%| F|  |TAMS 0x000000070ae00000, 0x000000070ae00000| Untracked 
|  88|0x000000070b000000, 0x000000070b000000, 0x000000070b200000|  0%| F|  |TAMS 0x000000070b000000, 0x000000070b000000| Untracked 
|  89|0x000000070b200000, 0x000000070b200000, 0x000000070b400000|  0%| F|  |TAMS 0x000000070b200000, 0x000000070b200000| Untracked 
|  90|0x000000070b400000, 0x000000070b400000, 0x000000070b600000|  0%| F|  |TAMS 0x000000070b400000, 0x000000070b400000| Untracked 
|  91|0x000000070b600000, 0x000000070b600000, 0x000000070b800000|  0%| F|  |TAMS 0x000000070b600000, 0x000000070b600000| Untracked 
|  92|0x000000070b800000, 0x000000070b800000, 0x000000070ba00000|  0%| F|  |TAMS 0x000000070b800000, 0x000000070b800000| Untracked 
|  93|0x000000070ba00000, 0x000000070ba00000, 0x000000070bc00000|  0%| F|  |TAMS 0x000000070ba00000, 0x000000070ba00000| Untracked 
|  94|0x000000070bc00000, 0x000000070bc00000, 0x000000070be00000|  0%| F|  |TAMS 0x000000070bc00000, 0x000000070bc00000| Untracked 
|  95|0x000000070be00000, 0x000000070be00000, 0x000000070c000000|  0%| F|  |TAMS 0x000000070be00000, 0x000000070be00000| Untracked 
|  96|0x000000070c000000, 0x000000070c000000, 0x000000070c200000|  0%| F|  |TAMS 0x000000070c000000, 0x000000070c000000| Untracked 
|  97|0x000000070c200000, 0x000000070c200000, 0x000000070c400000|  0%| F|  |TAMS 0x000000070c200000, 0x000000070c200000| Untracked 
|  98|0x000000070c400000, 0x000000070c400000, 0x000000070c600000|  0%| F|  |TAMS 0x000000070c400000, 0x000000070c400000| Untracked 
|  99|0x000000070c600000, 0x000000070c600000, 0x000000070c800000|  0%| F|  |TAMS 0x000000070c600000, 0x000000070c600000| Untracked 
| 100|0x000000070c800000, 0x000000070c800000, 0x000000070ca00000|  0%| F|  |TAMS 0x000000070c800000, 0x000000070c800000| Untracked 
| 101|0x000000070ca00000, 0x000000070ca00000, 0x000000070cc00000|  0%| F|  |TAMS 0x000000070ca00000, 0x000000070ca00000| Untracked 
| 102|0x000000070cc00000, 0x000000070cc00000, 0x000000070ce00000|  0%| F|  |TAMS 0x000000070cc00000, 0x000000070cc00000| Untracked 
| 103|0x000000070ce00000, 0x000000070ce00000, 0x000000070d000000|  0%| F|  |TAMS 0x000000070ce00000, 0x000000070ce00000| Untracked 
| 104|0x000000070d000000, 0x000000070d000000, 0x000000070d200000|  0%| F|  |TAMS 0x000000070d000000, 0x000000070d000000| Untracked 
| 105|0x000000070d200000, 0x000000070d200000, 0x000000070d400000|  0%| F|  |TAMS 0x000000070d200000, 0x000000070d200000| Untracked 
| 106|0x000000070d400000, 0x000000070d400000, 0x000000070d600000|  0%| F|  |TAMS 0x000000070d400000, 0x000000070d400000| Untracked 
| 107|0x000000070d600000, 0x000000070d600000, 0x000000070d800000|  0%| F|  |TAMS 0x000000070d600000, 0x000000070d600000| Untracked 
| 108|0x000000070d800000, 0x000000070d800000, 0x000000070da00000|  0%| F|  |TAMS 0x000000070d800000, 0x000000070d800000| Untracked 
| 109|0x000000070da00000, 0x000000070da00000, 0x000000070dc00000|  0%| F|  |TAMS 0x000000070da00000, 0x000000070da00000| Untracked 
| 110|0x000000070dc00000, 0x000000070dc00000, 0x000000070de00000|  0%| F|  |TAMS 0x000000070dc00000, 0x000000070dc00000| Untracked 
| 111|0x000000070de00000, 0x000000070de00000, 0x000000070e000000|  0%| F|  |TAMS 0x000000070de00000, 0x000000070de00000| Untracked 
| 112|0x000000070e000000, 0x000000070e000000, 0x000000070e200000|  0%| F|  |TAMS 0x000000070e000000, 0x000000070e000000| Untracked 
| 113|0x000000070e200000, 0x000000070e200000, 0x000000070e400000|  0%| F|  |TAMS 0x000000070e200000, 0x000000070e200000| Untracked 
| 114|0x000000070e400000, 0x000000070e400000, 0x000000070e600000|  0%| F|  |TAMS 0x000000070e400000, 0x000000070e400000| Untracked 
| 115|0x000000070e600000, 0x000000070e600000, 0x000000070e800000|  0%| F|  |TAMS 0x000000070e600000, 0x000000070e600000| Untracked 
| 116|0x000000070e800000, 0x000000070e800000, 0x000000070ea00000|  0%| F|  |TAMS 0x000000070e800000, 0x000000070e800000| Untracked 
| 117|0x000000070ea00000, 0x000000070ea00000, 0x000000070ec00000|  0%| F|  |TAMS 0x000000070ea00000, 0x000000070ea00000| Untracked 
| 118|0x000000070ec00000, 0x000000070ec00000, 0x000000070ee00000|  0%| F|  |TAMS 0x000000070ec00000, 0x000000070ec00000| Untracked 
| 119|0x000000070ee00000, 0x000000070ee00000, 0x000000070f000000|  0%| F|  |TAMS 0x000000070ee00000, 0x000000070ee00000| Untracked 
| 120|0x000000070f000000, 0x000000070f000000, 0x000000070f200000|  0%| F|  |TAMS 0x000000070f000000, 0x000000070f000000| Untracked 
| 121|0x000000070f200000, 0x000000070f3c9348, 0x000000070f400000| 89%| E|  |TAMS 0x000000070f200000, 0x000000070f200000| Complete 
| 122|0x000000070f400000, 0x000000070f600000, 0x000000070f600000|100%| E|CS|TAMS 0x000000070f400000, 0x000000070f400000| Complete 
| 123|0x000000070f600000, 0x000000070f800000, 0x000000070f800000|100%| E|CS|TAMS 0x000000070f600000, 0x000000070f600000| Complete 
| 124|0x000000070f800000, 0x000000070fa00000, 0x000000070fa00000|100%| E|CS|TAMS 0x000000070f800000, 0x000000070f800000| Complete 
| 125|0x000000070fa00000, 0x000000070fc00000, 0x000000070fc00000|100%| E|CS|TAMS 0x000000070fa00000, 0x000000070fa00000| Complete 
| 126|0x000000070fc00000, 0x000000070fe00000, 0x000000070fe00000|100%| E|CS|TAMS 0x000000070fc00000, 0x000000070fc00000| Complete 
| 127|0x000000070fe00000, 0x0000000710000000, 0x0000000710000000|100%| E|CS|TAMS 0x000000070fe00000, 0x000000070fe00000| Complete 
|2046|0x00000007ffc00000, 0x00000007ffd78000, 0x00000007ffe00000| 73%|OA|  |TAMS 0x00000007ffc00000, 0x00000007ffc00000| Untracked 
|2047|0x00000007ffe00000, 0x00000007ffe80000, 0x0000000800000000| 25%|CA|  |TAMS 0x00000007ffe00000, 0x00000007ffe00000| Untracked 

Card table byte_map: [0x000000011d55c000,0x000000011dd5c000] _byte_map_base: 0x0000000119d5c000

Marking Bits (Prev, Next): (CMBitMap*) 0x000000014b831c10, (CMBitMap*) 0x000000014b831c50
 Prev Bits: [0x000000011e55c000, 0x000000012255c000)
 Next Bits: [0x000000012255c000, 0x000000012655c000)

Polling page: 0x0000000104ccc000

Metaspace:

Usage:
  Non-class:      3.20 MB used.
      Class:    403.14 KB used.
       Both:      3.59 MB used.

Virtual space:
  Non-class space:        8.00 MB reserved,       3.31 MB ( 41%) committed,  1 nodes.
      Class space:        1.00 GB reserved,     512.00 KB ( <1%) committed,  1 nodes.
             Both:        1.01 GB reserved,       3.81 MB ( <1%) committed. 

Chunk freelists:
   Non-Class:  2.59 MB
       Class:  3.52 MB
        Both:  6.11 MB

MaxMetaspaceSize: unlimited
CompressedClassSpaceSize: 1.00 GB
Initial GC threshold: 21.00 MB
Current GC threshold: 21.00 MB
CDS: on
MetaspaceReclaimPolicy: balanced
 - commit_granule_bytes: 65536.
 - commit_granule_words: 8192.
 - virtual_space_node_default_size: 1048576.
 - enlarge_chunks_in_place: 1.
 - new_chunks_are_fully_committed: 0.
 - uncommit_free_chunks: 1.
 - use_allocation_guard: 0.
 - handle_deallocations: 1.


Internal statistics:

num_allocs_failed_limit: 0.
num_arena_births: 78.
num_arena_deaths: 0.
num_vsnodes_births: 2.
num_vsnodes_deaths: 0.
num_space_committed: 61.
num_space_uncommitted: 0.
num_chunks_returned_to_freelist: 0.
num_chunks_taken_from_freelist: 165.
num_chunk_merges: 0.
num_chunk_splits: 106.
num_chunks_enlarged: 72.
num_purges: 0.
num_inconsistent_stats: 0.

CodeHeap 'non-profiled nmethods': size=120032Kb used=229Kb max_used=229Kb free=119803Kb
 bounds [0x0000000116024000, 0x0000000116294000, 0x000000011d55c000]
CodeHeap 'profiled nmethods': size=120016Kb used=1201Kb max_used=1201Kb free=118814Kb
 bounds [0x000000010eaf0000, 0x000000010ed60000, 0x0000000116024000]
CodeHeap 'non-nmethods': size=5712Kb used=1166Kb max_used=1184Kb free=4545Kb
 bounds [0x000000010e55c000, 0x000000010e7cc000, 0x000000010eaf0000]
 total_blobs=1195 nmethods=706 adapters=406
 compilation: enabled
              stopped_count=0, restarted_count=0
 full_count=0

Compilation events (20 events):
Event: 0.184 Thread 0x000000014b901400 nmethod 707 0x000000010ec0ac10 code [0x000000010ec0adc0, 0x000000010ec0b188]
Event: 0.184 Thread 0x000000014b901400  708       3       sun.security.provider.DigestBase::engineUpdate (189 bytes)
Event: 0.185 Thread 0x000000014b901400 nmethod 708 0x000000010ec0b310 code [0x000000010ec0b600, 0x000000010ec0c2a8]
Event: 0.185 Thread 0x000000014b901400  709       3       java.security.MessageDigest::update (45 bytes)
Event: 0.185 Thread 0x000000014b901400 nmethod 709 0x000000010ec0c690 code [0x000000010ec0c880, 0x000000010ec0cdb8]
Event: 0.185 Thread 0x000000014b901400  710       3       java.lang.invoke.MethodHandleNatives::refKindIsMethod (19 bytes)
Event: 0.186 Thread 0x000000014b901400 nmethod 710 0x000000010ec0cf90 code [0x000000010ec0d140, 0x000000010ec0d3a8]
Event: 0.186 Thread 0x000000014b901400  711       3       java.lang.invoke.TypeConvertingMethodAdapter::descriptorToName (36 bytes)
Event: 0.186 Thread 0x000000014b901400 nmethod 711 0x000000010ec0d490 code [0x000000010ec0d7c0, 0x000000010ec0e418]
Event: 0.187 Thread 0x000000014b901400  712       3       java.lang.invoke.MethodHandleNatives::refKindHasReceiver (33 bytes)
Event: 0.187 Thread 0x000000014b901400 nmethod 712 0x000000010ec0e910 code [0x000000010ec0eac0, 0x000000010ec0ec28]
Event: 0.190 Thread 0x000000014b900e00 nmethod 705 0x000000011605bb90 code [0x000000011605bd40, 0x000000011605cb00]
Event: 0.223 Thread 0x000000014b901400  714       3       java.lang.invoke.MethodType::toMethodDescriptorString (28 bytes)
Event: 0.223 Thread 0x000000014b901400 nmethod 714 0x000000010ec0ec90 code [0x000000010ec0ee40, 0x000000010ec0f098]
Event: 0.223 Thread 0x000000014b901400  713       3       java.util.Locale::getDefault (4 bytes)
Event: 0.223 Thread 0x000000014b901400 nmethod 713 0x000000010ec0f190 code [0x000000010ec0f340, 0x000000010ec0f468]
Event: 0.256 Thread 0x000000014b901400  715       3       jdk.internal.org.objectweb.asm.AnnotationWriter::putAnnotations (67 bytes)
Event: 0.256 Thread 0x000000014b901400 nmethod 715 0x000000010ec0f510 code [0x000000010ec0f780, 0x000000010ec0fce8]
Event: 0.257 Thread 0x000000014b901400  716       3       java.lang.String::toLowerCase (8 bytes)
Event: 0.257 Thread 0x000000014b901400 nmethod 716 0x000000010ec10010 code [0x000000010ec10200, 0x000000010ec10608]

GC Heap History (0 events):
No events

Deoptimization events (20 events):
Event: 0.067 Thread 0x000000014b808a00 DEOPT PACKING pc=0x000000010eb21b64 sp=0x000000016b545260
Event: 0.067 Thread 0x000000014b808a00 DEOPT UNPACKING pc=0x000000010e59ab7c sp=0x000000016b544f00 mode 0
Event: 0.067 Thread 0x000000014b808a00 DEOPT PACKING pc=0x000000010eb21b64 sp=0x000000016b545260
Event: 0.067 Thread 0x000000014b808a00 DEOPT UNPACKING pc=0x000000010e59ab7c sp=0x000000016b544f00 mode 0
Event: 0.067 Thread 0x000000014b808a00 DEOPT PACKING pc=0x000000010eb21b64 sp=0x000000016b545260
Event: 0.067 Thread 0x000000014b808a00 DEOPT UNPACKING pc=0x000000010e59ab7c sp=0x000000016b544f00 mode 0
Event: 0.078 Thread 0x000000014b808a00 Uncommon trap: trap_request=0xfffffff4 fr.pc=0x0000000116034918 relative=0x0000000000000158
Event: 0.078 Thread 0x000000014b808a00 Uncommon trap: reason=null_check action=make_not_entrant pc=0x0000000116034918 method=java.lang.String.equals(Ljava/lang/Object;)Z @ 8 c2
Event: 0.078 Thread 0x000000014b808a00 DEOPT PACKING pc=0x0000000116034918 sp=0x000000016b5453f0
Event: 0.078 Thread 0x000000014b808a00 DEOPT UNPACKING pc=0x000000010e59ad1c sp=0x000000016b545390 mode 2
Event: 0.086 Thread 0x000000014b808a00 DEOPT PACKING pc=0x000000010eb0da84 sp=0x000000016b542000
Event: 0.086 Thread 0x000000014b808a00 DEOPT UNPACKING pc=0x000000010e59ab7c sp=0x000000016b541c30 mode 0
Event: 0.126 Thread 0x000000014b902000 Uncommon trap: trap_request=0xffffff45 fr.pc=0x00000001160367d8 relative=0x0000000000000518
Event: 0.126 Thread 0x000000014b902000 Uncommon trap: reason=unstable_if action=reinterpret pc=0x00000001160367d8 method=jdk.internal.module.Checks.isJavaIdentifier(Ljava/lang/String;)Z @ 4 c2
Event: 0.126 Thread 0x000000014b902000 DEOPT PACKING pc=0x00000001160367d8 sp=0x000000016dd41b40
Event: 0.126 Thread 0x000000014b902000 DEOPT UNPACKING pc=0x000000010e59ad1c sp=0x000000016dd41ad0 mode 2
Event: 0.133 Thread 0x000000014b902000 Uncommon trap: trap_request=0xffffff45 fr.pc=0x000000011603c9b4 relative=0x0000000000000a74
Event: 0.133 Thread 0x000000014b902000 Uncommon trap: reason=unstable_if action=reinterpret pc=0x000000011603c9b4 method=java.util.HashMap.putVal(ILjava/lang/Object;Ljava/lang/Object;ZZ)Ljava/lang/Object; @ 193 c2
Event: 0.133 Thread 0x000000014b902000 DEOPT PACKING pc=0x000000011603c9b4 sp=0x000000016dd41740
Event: 0.133 Thread 0x000000014b902000 DEOPT UNPACKING pc=0x000000010e59ad1c sp=0x000000016dd41690 mode 2

Classes unloaded (0 events):
No events

Classes redefined (0 events):
No events

Internal exceptions (10 events):
Event: 0.031 Thread 0x000000014b808a00 Exception <a 'java/lang/NoSuchMethodError'{0x000000070fe60c68}: 'void java.lang.invoke.DirectMethodHandle$Holder.invokeVirtual(java.lang.Object, java.lang.Object)'> (0x000000070fe60c68) 
thrown [open/src/hotspot/share/interpreter/linkResolver.cpp, line 766]
Event: 0.041 Thread 0x000000014b808a00 Exception <a 'java/lang/NoSuchMethodError'{0x000000070ff82580}: 'java.lang.Object java.lang.invoke.DirectMethodHandle$Holder.invokeVirtual(java.lang.Object, java.lang.Object, java.lang.Object)'> (0x000000070ff82580) 
thrown [open/src/hotspot/share/interpreter/linkResolver.cpp, line 766]
Event: 0.065 Thread 0x000000014b808a00 Exception <a 'java/lang/NoSuchMethodError'{0x000000070fa32718}: 'void java.lang.invoke.DirectMethodHandle$Holder.invokeSpecial(java.lang.Object, java.lang.Object, java.lang.Object)'> (0x000000070fa32718) 
thrown [open/src/hotspot/share/interpreter/linkResolver.cpp, line 766]
Event: 0.078 Thread 0x000000014b808a00 Implicit null exception at 0x00000001160347fc to 0x000000011603490c
Event: 0.081 Thread 0x000000014b973a00 Exception <a 'java/lang/NoSuchMethodError'{0x000000070fbc5f70}: 'java.lang.Object java.lang.invoke.DirectMethodHandle$Holder.invokeStaticInit(java.lang.Object)'> (0x000000070fbc5f70) 
thrown [open/src/hotspot/share/interpreter/linkResolver.cpp, line 766]
Event: 0.084 Thread 0x000000014b973a00 Exception <a 'java/lang/ClassNotFoundException'{0x000000070fbd0ee8}: jdk/net/ExtendedSocketOptions> (0x000000070fbd0ee8) 
thrown [open/src/hotspot/share/classfile/systemDictionary.cpp, line 256]
Event: 0.084 Thread 0x000000014b808a00 Exception <a 'java/lang/NoSuchMethodError'{0x000000070f84f968}: 'void java.lang.invoke.DirectMethodHandle$Holder.invokeStatic(java.lang.Object, java.lang.Object)'> (0x000000070f84f968) 
thrown [open/src/hotspot/share/interpreter/linkResolver.cpp, line 766]
Event: 0.085 Thread 0x000000014b973a00 Exception <a 'java/lang/NoSuchMethodError'{0x000000070fbd2728}: 'void java.lang.invoke.DirectMethodHandle$Holder.invokeStatic(java.lang.Object, java.lang.Object)'> (0x000000070fbd2728) 
thrown [open/src/hotspot/share/interpreter/linkResolver.cpp, line 766]
Event: 0.114 Thread 0x000000014b808a00 Exception <a 'java/lang/NoSuchMethodError'{0x000000070f714028}: 'void java.lang.invoke.DirectMethodHandle$Holder.invokeStatic(java.lang.Object, java.lang.Object, java.lang.Object)'> (0x000000070f714028) 
thrown [open/src/hotspot/share/interpreter/linkResolver.cpp, line 766]
Event: 0.173 Thread 0x000000014b808a00 Exception <a 'java/lang/NoSuchMethodError'{0x000000070f730b00}: 'int java.lang.invoke.DirectMethodHandle$Holder.invokeStaticInit(java.lang.Object, java.lang.Object, java.lang.Object)'> (0x000000070f730b00) 
thrown [open/src/hotspot/share/interpreter/linkResolver.cpp, line 766]

VM Operations (6 events):
Event: 0.070 Executing VM operation: HandshakeAllThreads
Event: 0.070 Executing VM operation: HandshakeAllThreads done
Event: 0.076 Executing VM operation: ICBufferFull
Event: 0.076 Executing VM operation: ICBufferFull done
Event: 0.081 Executing VM operation: HandshakeAllThreads
Event: 0.081 Executing VM operation: HandshakeAllThreads done

Events (20 events):
Event: 0.172 loading class java/util/concurrent/locks/AbstractQueuedSynchronizer$ConditionNode
Event: 0.172 loading class java/util/concurrent/ForkJoinPool$ManagedBlocker
Event: 0.172 loading class java/util/concurrent/ForkJoinPool$ManagedBlocker done
Event: 0.172 loading class java/util/concurrent/locks/AbstractQueuedSynchronizer$ConditionNode done
Event: 0.177 Loading shared library /Users/dan/.m2/repository/org/openjfx/javafx-graphics/17.0.1/libglass.dylib failed, dlopen(/Users/dan/.m2/repository/org/openjfx/javafx-graphics/17.0.1/libglass.dylib, 0x0001): tried: '/Users/dan/.m2/repository/org/openjfx/javafx-gr
Event: 0.185 Loaded shared library /Users/dan/.openjfx/cache/17.0.1/libglass.dylib
Event: 0.186 loading class java/util/concurrent/BlockingDeque
Event: 0.186 loading class java/util/concurrent/BlockingDeque done
Event: 0.186 loading class java/util/concurrent/LinkedBlockingDeque
Event: 0.187 loading class java/util/concurrent/LinkedBlockingDeque done
Event: 0.187 Thread 0x000000014a1df000 Thread added: 0x000000014a1df000
Event: 0.187 Protecting memory [0x000000016dd4c000,0x000000016dd58000] with protection modes 0
Event: 0.187 Protecting memory [0x000000016aabc000,0x000000016aac8000] with protection modes 0
Event: 0.187 Thread 0x000000014a1de400 Thread added: 0x000000014a1de400
Event: 0.223 Thread 0x000000014a1f6c00 Thread added: 0x000000014a1f6c00
Event: 0.224 Protecting memory [0x000000016df58000,0x000000016df64000] with protection modes 0
Event: 0.256 loading class java/util/concurrent/LinkedBlockingDeque$Node
Event: 0.256 loading class java/util/concurrent/LinkedBlockingDeque$Node done
Event: 0.256 Protecting memory [0x000000016df58000,0x000000016df64000] with protection modes 3
Event: 0.256 Thread 0x000000014a1f6c00 Thread exited: 0x000000014a1f6c00


Dynamic libraries:
0x0000000104c7c000 	/Users/dan/Library/Java/JavaVirtualMachines/openjdk-17.0.2/Contents/Home/lib/libjli.dylib
0x0000000194dee000 	/usr/lib/libz.1.dylib
0x0000000194e9e000 	/usr/lib/libSystem.B.dylib
0x0000000194e98000 	/usr/lib/system/libcache.dylib
0x0000000194e56000 	/usr/lib/system/libcommonCrypto.dylib
0x0000000194e7f000 	/usr/lib/system/libcompiler_rt.dylib
0x0000000194e76000 	/usr/lib/system/libcopyfile.dylib
0x000000018a1a2000 	/usr/lib/system/libcorecrypto.dylib
0x000000018a247000 	/usr/lib/system/libdispatch.dylib
0x000000018a40f000 	/usr/lib/system/libdyld.dylib
0x0000000194e8e000 	/usr/lib/system/libkeymgr.dylib
0x0000000194e38000 	/usr/lib/system/libmacho.dylib
0x0000000194544000 	/usr/lib/system/libquarantine.dylib
0x0000000194e8b000 	/usr/lib/system/libremovefile.dylib
0x000000018f591000 	/usr/lib/system/libsystem_asl.dylib
0x000000018a14c000 	/usr/lib/system/libsystem_blocks.dylib
0x000000018a2cd000 	/usr/lib/system/libsystem_c.dylib
0x0000000194e83000 	/usr/lib/system/libsystem_collections.dylib
0x00000001939a1000 	/usr/lib/system/libsystem_configuration.dylib
0x0000000192c27000 	/usr/lib/system/libsystem_containermanager.dylib
0x0000000194ba2000 	/usr/lib/system/libsystem_coreservices.dylib
0x000000018cb34000 	/usr/lib/system/libsystem_darwin.dylib
0x0000000194e8f000 	/usr/lib/system/libsystem_dnssd.dylib
0x000000018a2ca000 	/usr/lib/system/libsystem_featureflags.dylib
0x000000018a424000 	/usr/lib/system/libsystem_info.dylib
0x0000000194e00000 	/usr/lib/system/libsystem_m.dylib
0x000000018a21c000 	/usr/lib/system/libsystem_malloc.dylib
0x000000018f522000 	/usr/lib/system/libsystem_networkextension.dylib
0x000000018cf87000 	/usr/lib/system/libsystem_notify.dylib
0x000000019b06b000 	/usr/lib/system/libsystem_product_info_filter.dylib
0x00000001939a6000 	/usr/lib/system/libsystem_sandbox.dylib
0x0000000194e88000 	/usr/lib/system/libsystem_secinit.dylib
0x000000018a3cc000 	/usr/lib/system/libsystem_kernel.dylib
0x000000018a41c000 	/usr/lib/system/libsystem_platform.dylib
0x000000018a402000 	/usr/lib/system/libsystem_pthread.dylib
0x0000000190cc7000 	/usr/lib/system/libsystem_symptoms.dylib
0x000000018a188000 	/usr/lib/system/libsystem_trace.dylib
0x0000000194e63000 	/usr/lib/system/libunwind.dylib
0x000000018a14e000 	/usr/lib/system/libxpc.dylib
0x000000018a3b2000 	/usr/lib/libc++abi.dylib
0x000000018a28e000 	/usr/lib/libobjc.A.dylib
0x0000000194e6e000 	/usr/lib/liboah.dylib
0x000000018a34e000 	/usr/lib/libc++.1.dylib
0x00000001a0a48000 	/System/Library/Frameworks/Cocoa.framework/Versions/A/Cocoa
0x000000018cfe6000 	/System/Library/Frameworks/AppKit.framework/Versions/C/AppKit
0x0000000190508000 	/System/Library/Frameworks/CoreData.framework/Versions/A/CoreData
0x000000018b347000 	/System/Library/Frameworks/Foundation.framework/Versions/C/Foundation
0x000000018de98000 	/System/Library/PrivateFrameworks/UIFoundation.framework/Versions/A/UIFoundation
0x000000019ad65000 	/System/Library/PrivateFrameworks/RemoteViewServices.framework/Versions/A/RemoteViewServices
0x0000000193360000 	/System/Library/PrivateFrameworks/XCTTargetBootstrap.framework/Versions/A/XCTTargetBootstrap
0x0000000196ba0000 	/System/Library/PrivateFrameworks/InternationalSupport.framework/Versions/A/InternationalSupport
0x0000000196c29000 	/System/Library/PrivateFrameworks/UserActivity.framework/Versions/A/UserActivity
0x00000001960cb000 	/usr/lib/libspindump.dylib
0x000000018e108000 	/System/Library/Frameworks/UniformTypeIdentifiers.framework/Versions/A/UniformTypeIdentifiers
0x00000001918ee000 	/usr/lib/libapp_launch_measurement.dylib
0x0000000190e6b000 	/System/Library/PrivateFrameworks/CoreAnalytics.framework/Versions/A/CoreAnalytics
0x00000001918f1000 	/System/Library/PrivateFrameworks/CoreAutoLayout.framework/Versions/A/CoreAutoLayout
0x0000000192c64000 	/System/Library/Frameworks/Metal.framework/Versions/A/Metal
0x00000001939b1000 	/usr/lib/liblangid.dylib
0x0000000193364000 	/System/Library/PrivateFrameworks/CoreSVG.framework/Versions/A/CoreSVG
0x000000018f5c5000 	/System/Library/PrivateFrameworks/SkyLight.framework/Versions/A/SkyLight
0x000000018f98d000 	/System/Library/Frameworks/CoreGraphics.framework/Versions/A/CoreGraphics
0x000000019b3de000 	/System/Library/Frameworks/Accelerate.framework/Versions/A/Accelerate
0x0000000195b40000 	/System/Library/PrivateFrameworks/IconServices.framework/Versions/A/IconServices
0x0000000192c46000 	/System/Library/Frameworks/IOSurface.framework/Versions/A/IOSurface
0x0000000190e9b000 	/usr/lib/libDiagnosticMessagesClient.dylib
0x000000019e816000 	/System/Library/Frameworks/ApplicationServices.framework/Versions/A/ApplicationServices
0x0000000193348000 	/System/Library/PrivateFrameworks/DFRFoundation.framework/Versions/A/DFRFoundation
0x000000018c889000 	/usr/lib/libicucore.A.dylib
0x000000019799d000 	/System/Library/Frameworks/AudioToolbox.framework/Versions/A/AudioToolbox
0x0000000196bac000 	/System/Library/PrivateFrameworks/DataDetectorsCore.framework/Versions/A/DataDetectorsCore
0x00000001acbc8000 	/System/Library/PrivateFrameworks/TextInput.framework/Versions/A/TextInput
0x000000018f53c000 	/usr/lib/libMobileGestalt.dylib
0x0000000193018000 	/System/Library/Frameworks/Carbon.framework/Versions/A/Frameworks/HIToolbox.framework/Versions/A/HIToolbox
0x00000001912f8000 	/System/Library/Frameworks/QuartzCore.framework/Versions/A/QuartzCore
0x000000018c506000 	/System/Library/Frameworks/Security.framework/Versions/A/Security
0x000000019ada5000 	/System/Library/Frameworks/Carbon.framework/Versions/A/Frameworks/SpeechRecognition.framework/Versions/A/SpeechRecognition
0x0000000191645000 	/System/Library/PrivateFrameworks/CoreUI.framework/Versions/A/CoreUI
0x000000018bdd9000 	/System/Library/Frameworks/CoreAudio.framework/Versions/A/CoreAudio
0x0000000190f8b000 	/System/Library/Frameworks/DiskArbitration.framework/Versions/A/DiskArbitration
0x00000001964b3000 	/System/Library/PrivateFrameworks/MultitouchSupport.framework/Versions/A/MultitouchSupport
0x000000018f53a000 	/usr/lib/libenergytrace.dylib
0x000000018ceb2000 	/System/Library/Frameworks/IOKit.framework/Versions/A/IOKit
0x000000019b18c000 	/System/Library/Frameworks/CoreServices.framework/Versions/A/CoreServices
0x000000019187e000 	/System/Library/PrivateFrameworks/PerformanceAnalysis.framework/Versions/A/PerformanceAnalysis
0x00000001eb3ed000 	/System/Library/Frameworks/OpenGL.framework/Versions/A/OpenGL
0x0000000194464000 	/System/Library/PrivateFrameworks/MobileKeyBag.framework/Versions/A/MobileKeyBag
0x000000018ff9d000 	/System/Library/Frameworks/ColorSync.framework/Versions/A/ColorSync
0x000000018a450000 	/System/Library/Frameworks/CoreFoundation.framework/Versions/A/CoreFoundation
0x00000001935e5000 	/System/Library/Frameworks/CoreImage.framework/Versions/A/CoreImage
0x000000018bbfc000 	/System/Library/Frameworks/CoreText.framework/Versions/A/CoreText
0x0000000193394000 	/System/Library/Frameworks/ImageIO.framework/Versions/A/ImageIO
0x0000000194ea4000 	/System/Library/PrivateFrameworks/SoftLinking.framework/Versions/A/SoftLinking
0x000000019193b000 	/usr/lib/libxml2.2.dylib
0x000000019513c000 	/usr/lib/libcompression.dylib
0x0000000196af9000 	/System/Library/PrivateFrameworks/TextureIO.framework/Versions/A/TextureIO
0x000000019585a000 	/usr/lib/libate.dylib
0x0000000195722000 	/usr/lib/liblzma.5.dylib
0x000000018b038000 	/System/Library/Frameworks/SystemConfiguration.framework/Versions/A/SystemConfiguration
0x0000000194ea0000 	/usr/lib/libfakelink.dylib
0x000000018f06a000 	/System/Library/Frameworks/CFNetwork.framework/Versions/A/CFNetwork
0x0000000194fe7000 	/usr/lib/libarchive.2.dylib
0x00000001939ad000 	/System/Library/PrivateFrameworks/AppleSystemInfo.framework/Versions/A/AppleSystemInfo
0x000000019456e000 	/usr/lib/libbsm.0.dylib
0x000000018e5a7000 	/usr/lib/libnetwork.dylib
0x0000000194e3e000 	/usr/lib/system/libkxld.dylib
0x0000000194186000 	/System/Library/PrivateFrameworks/IOMobileFramebuffer.framework/Versions/A/IOMobileFramebuffer
0x0000000206d18000 	/usr/lib/libCoreEntitlements.dylib
0x0000000194b84000 	/System/Library/PrivateFrameworks/AppleFSCompression.framework/Versions/A/AppleFSCompression
0x0000000194557000 	/usr/lib/libcoretls.dylib
0x000000019573b000 	/usr/lib/libcoretls_cfhelpers.dylib
0x0000000195137000 	/usr/lib/libpam.2.dylib
0x00000001908ef000 	/usr/lib/libsqlite3.dylib
0x00000001957a3000 	/usr/lib/libxar.1.dylib
0x0000000194b95000 	/usr/lib/libbz2.1.0.dylib
0x0000000194ea5000 	/usr/lib/libpcap.A.dylib
0x0000000190cbe000 	/usr/lib/libdns_services.dylib
0x000000019510a000 	/usr/lib/libapple_nghttp2.dylib
0x0000000194ee2000 	/usr/lib/libiconv.2.dylib
0x0000000194e37000 	/usr/lib/libcharset.1.dylib
0x00000001918ba000 	/System/Library/Frameworks/CoreServices.framework/Versions/A/Frameworks/FSEvents.framework/Versions/A/FSEvents
0x000000018cb3f000 	/System/Library/Frameworks/CoreServices.framework/Versions/A/Frameworks/CarbonCore.framework/Versions/A/CarbonCore
0x0000000190eee000 	/System/Library/Frameworks/CoreServices.framework/Versions/A/Frameworks/Metadata.framework/Versions/A/Metadata
0x0000000194ba8000 	/System/Library/Frameworks/CoreServices.framework/Versions/A/Frameworks/OSServices.framework/Versions/A/OSServices
0x000000019506c000 	/System/Library/Frameworks/CoreServices.framework/Versions/A/Frameworks/SearchKit.framework/Versions/A/SearchKit
0x0000000190c4c000 	/System/Library/Frameworks/CoreServices.framework/Versions/A/Frameworks/AE.framework/Versions/A/AE
0x000000018a994000 	/System/Library/Frameworks/CoreServices.framework/Versions/A/Frameworks/LaunchServices.framework/Versions/A/LaunchServices
0x00000001956cb000 	/System/Library/Frameworks/CoreServices.framework/Versions/A/Frameworks/DictionaryServices.framework/Versions/A/DictionaryServices
0x00000001918c7000 	/System/Library/Frameworks/CoreServices.framework/Versions/A/Frameworks/SharedFileList.framework/Versions/A/SharedFileList
0x0000000194547000 	/usr/lib/libCheckFix.dylib
0x000000018f5a9000 	/System/Library/PrivateFrameworks/TCC.framework/Versions/A/TCC
0x00000001939b3000 	/System/Library/PrivateFrameworks/CoreNLP.framework/Versions/A/CoreNLP
0x0000000190e9e000 	/System/Library/PrivateFrameworks/MetadataUtilities.framework/Versions/A/MetadataUtilities
0x000000018b0f1000 	/usr/lib/libmecabra.dylib
0x000000019457f000 	/usr/lib/libmecab.dylib
0x000000018b0bd000 	/usr/lib/libCRFSuite.dylib
0x00000001945dd000 	/usr/lib/libgermantok.dylib
0x00000001950e3000 	/usr/lib/libThaiTokenizer.dylib
0x0000000190f93000 	/System/Library/Frameworks/Accelerate.framework/Versions/A/Frameworks/vImage.framework/Versions/A/vImage
0x000000019b163000 	/System/Library/Frameworks/Accelerate.framework/Versions/A/Frameworks/vecLib.framework/Versions/A/vecLib
0x00000001957e7000 	/System/Library/Frameworks/Accelerate.framework/Versions/A/Frameworks/vecLib.framework/Versions/A/libvMisc.dylib
0x0000000194090000 	/System/Library/Frameworks/Accelerate.framework/Versions/A/Frameworks/vecLib.framework/Versions/A/libvDSP.dylib
0x000000018ad17000 	/System/Library/Frameworks/Accelerate.framework/Versions/A/Frameworks/vecLib.framework/Versions/A/libBLAS.dylib
0x000000019520b000 	/System/Library/Frameworks/Accelerate.framework/Versions/A/Frameworks/vecLib.framework/Versions/A/libLAPACK.dylib
0x00000001945e0000 	/System/Library/Frameworks/Accelerate.framework/Versions/A/Frameworks/vecLib.framework/Versions/A/libLinearAlgebra.dylib
0x0000000195122000 	/System/Library/Frameworks/Accelerate.framework/Versions/A/Frameworks/vecLib.framework/Versions/A/libSparseBLAS.dylib
0x0000000195206000 	/System/Library/Frameworks/Accelerate.framework/Versions/A/Frameworks/vecLib.framework/Versions/A/libQuadrature.dylib
0x0000000193aaa000 	/System/Library/Frameworks/Accelerate.framework/Versions/A/Frameworks/vecLib.framework/Versions/A/libBNNS.dylib
0x000000018afd5000 	/System/Library/Frameworks/Accelerate.framework/Versions/A/Frameworks/vecLib.framework/Versions/A/libSparse.dylib
0x0000000193aa2000 	/System/Library/PrivateFrameworks/LinguisticData.framework/Versions/A/LinguisticData
0x000000018af8b000 	/System/Library/PrivateFrameworks/Lexicon.framework/Versions/A/Lexicon
0x00000001957df000 	/usr/lib/libChineseTokenizer.dylib
0x000000018b735000 	/System/Library/PrivateFrameworks/LanguageModeling.framework/Versions/A/LanguageModeling
0x00000001950e5000 	/System/Library/PrivateFrameworks/AppleSauce.framework/Versions/A/AppleSauce
0x0000000194173000 	/System/Library/PrivateFrameworks/CoreEmoji.framework/Versions/A/CoreEmoji
0x0000000194fd5000 	/usr/lib/libcmph.dylib
0x000000019189a000 	/System/Library/Frameworks/OpenDirectory.framework/Versions/A/Frameworks/CFOpenDirectory.framework/Versions/A/CFOpenDirectory
0x000000019188a000 	/System/Library/Frameworks/OpenDirectory.framework/Versions/A/OpenDirectory
0x000000019573d000 	/System/Library/PrivateFrameworks/APFS.framework/Versions/A/APFS
0x000000019449f000 	/System/Library/Frameworks/SecurityFoundation.framework/Versions/A/SecurityFoundation
0x00000001957b1000 	/usr/lib/libutil.dylib
0x000000018ce74000 	/System/Library/PrivateFrameworks/CoreServicesStore.framework/Versions/A/CoreServicesStore
0x00000001957b5000 	/usr/lib/libxslt.1.dylib
0x0000000194533000 	/System/Library/PrivateFrameworks/BackgroundTaskManagement.framework/Versions/A/BackgroundTaskManagement
0x0000000196a1a000 	/System/Library/Frameworks/ImageIO.framework/Versions/A/Resources/libRadiance.dylib
0x0000000196a23000 	/System/Library/Frameworks/ImageIO.framework/Versions/A/Resources/libJPEG.dylib
0x0000000196975000 	/System/Library/Frameworks/ImageIO.framework/Versions/A/Resources/libPng.dylib
0x0000000196997000 	/System/Library/Frameworks/ImageIO.framework/Versions/A/Resources/libTIFF.dylib
0x0000000196a7e000 	/System/Library/Frameworks/ImageIO.framework/Versions/A/Resources/libGIF.dylib
0x00000001963c3000 	/System/Library/Frameworks/ImageIO.framework/Versions/A/Resources/libJP2.dylib
0x0000000195b06000 	/usr/lib/libexpat.1.dylib
0x000000019637e000 	/System/Library/PrivateFrameworks/AppleJPEG.framework/Versions/A/AppleJPEG
0x0000000192ed7000 	/System/Library/PrivateFrameworks/FontServices.framework/libFontParser.dylib
0x0000000190bf1000 	/System/Library/PrivateFrameworks/RunningBoardServices.framework/Versions/A/RunningBoardServices
0x00000001a10b3000 	/System/Library/PrivateFrameworks/IOSurfaceAccelerator.framework/Versions/A/IOSurfaceAccelerator
0x00000001964af000 	/System/Library/PrivateFrameworks/WatchdogClient.framework/Versions/A/WatchdogClient
0x000000018b839000 	/System/Library/Frameworks/CoreDisplay.framework/Versions/A/CoreDisplay
0x0000000192dc6000 	/System/Library/Frameworks/CoreMedia.framework/Versions/A/CoreMedia
0x0000000192c5a000 	/System/Library/PrivateFrameworks/IOAccelerator.framework/Versions/A/IOAccelerator
0x0000000191a28000 	/System/Library/Frameworks/CoreVideo.framework/Versions/A/CoreVideo
0x0000000195135000 	/System/Library/Frameworks/MetalPerformanceShaders.framework/Versions/A/MetalPerformanceShaders
0x00000001964ec000 	/System/Library/Frameworks/VideoToolbox.framework/Versions/A/VideoToolbox
0x0000000190b35000 	/System/Library/PrivateFrameworks/BaseBoard.framework/Versions/A/BaseBoard
0x00000001908d4000 	/System/Library/PrivateFrameworks/ProtocolBuffer.framework/Versions/A/ProtocolBuffer
0x0000000196a15000 	/System/Library/PrivateFrameworks/GPUWrangler.framework/Versions/A/GPUWrangler
0x00000001969f4000 	/System/Library/PrivateFrameworks/IOPresentment.framework/Versions/A/IOPresentment
0x0000000196a1d000 	/System/Library/PrivateFrameworks/DSExternalDisplay.framework/Versions/A/DSExternalDisplay
0x00000001eb3e0000 	/System/Library/Frameworks/OpenGL.framework/Versions/A/Libraries/libCoreFSCache.dylib
0x00000001f4afa000 	/System/Library/PrivateFrameworks/GPUCompiler.framework/Versions/31001/Libraries/libGPUCompilerUtils.dylib
0x0000000196a83000 	/System/Library/PrivateFrameworks/CMCaptureCore.framework/Versions/A/CMCaptureCore
0x00000001960b9000 	/System/Library/PrivateFrameworks/AppServerSupport.framework/Versions/A/AppServerSupport
0x0000000198258000 	/System/Library/PrivateFrameworks/perfdata.framework/Versions/A/perfdata
0x000000018b959000 	/System/Library/PrivateFrameworks/AudioToolboxCore.framework/Versions/A/AudioToolboxCore
0x0000000192d9e000 	/System/Library/PrivateFrameworks/caulk.framework/Versions/A/caulk
0x0000000197b4d000 	/usr/lib/libAudioStatistics.dylib
0x00000001a9366000 	/System/Library/PrivateFrameworks/SystemPolicy.framework/Versions/A/SystemPolicy
0x0000000197dad000 	/usr/lib/libSMC.dylib
0x00000001a092a000 	/System/Library/Frameworks/CoreMIDI.framework/Versions/A/CoreMIDI
0x0000000196943000 	/usr/lib/libAudioToolboxUtility.dylib
0x00000001a580c000 	/System/Library/PrivateFrameworks/OSAServicesClient.framework/Versions/A/OSAServicesClient
0x0000000198265000 	/usr/lib/libperfcheck.dylib
0x00000001a9e69000 	/usr/lib/libmis.dylib
0x00000001eb441000 	/System/Library/Frameworks/OpenGL.framework/Versions/A/Libraries/libGLU.dylib
0x00000001eb400000 	/System/Library/Frameworks/OpenGL.framework/Versions/A/Libraries/libGFXShared.dylib
0x00000001eb5ea000 	/System/Library/Frameworks/OpenGL.framework/Versions/A/Libraries/libGL.dylib
0x00000001eb409000 	/System/Library/Frameworks/OpenGL.framework/Versions/A/Libraries/libGLImage.dylib
0x00000001eb3fd000 	/System/Library/Frameworks/OpenGL.framework/Versions/A/Libraries/libCVMSPluginSupport.dylib
0x00000001eb3e7000 	/System/Library/Frameworks/OpenGL.framework/Versions/A/Libraries/libCoreVMClient.dylib
0x000000019392f000 	/System/Library/Frameworks/MetalPerformanceShaders.framework/Versions/A/Frameworks/MPSCore.framework/Versions/A/MPSCore
0x0000000194af7000 	/System/Library/Frameworks/MetalPerformanceShaders.framework/Versions/A/Frameworks/MPSImage.framework/Versions/A/MPSImage
0x00000001945f5000 	/System/Library/Frameworks/MetalPerformanceShaders.framework/Versions/A/Frameworks/MPSNeuralNetwork.framework/Versions/A/MPSNeuralNetwork
0x0000000194a32000 	/System/Library/Frameworks/MetalPerformanceShaders.framework/Versions/A/Frameworks/MPSMatrix.framework/Versions/A/MPSMatrix
0x000000019480d000 	/System/Library/Frameworks/MetalPerformanceShaders.framework/Versions/A/Frameworks/MPSRayIntersector.framework/Versions/A/MPSRayIntersector
0x0000000194a63000 	/System/Library/Frameworks/MetalPerformanceShaders.framework/Versions/A/Frameworks/MPSNDArray.framework/Versions/A/MPSNDArray
0x00000001ed0fc000 	/System/Library/Frameworks/MetalPerformanceShaders.framework/Versions/A/Frameworks/MPSFunctions.framework/Versions/A/MPSFunctions
0x000000018abf5000 	/System/Library/PrivateFrameworks/MetalTools.framework/Versions/A/MetalTools
0x00000001939ab000 	/System/Library/PrivateFrameworks/AggregateDictionary.framework/Versions/A/AggregateDictionary
0x00000001958ec000 	/usr/lib/libIOReport.dylib
0x000000019f918000 	/System/Library/PrivateFrameworks/ASEProcessing.framework/Versions/A/ASEProcessing
0x0000000195c5e000 	/System/Library/PrivateFrameworks/FaceCore.framework/Versions/A/FaceCore
0x0000000195c50000 	/System/Library/PrivateFrameworks/GraphVisualizer.framework/Versions/A/GraphVisualizer
0x00000001f4a11000 	/System/Library/PrivateFrameworks/FontServices.framework/Versions/A/FontServices
0x0000000196073000 	/System/Library/PrivateFrameworks/OTSVG.framework/Versions/A/OTSVG
0x00000001915f6000 	/System/Library/Frameworks/ApplicationServices.framework/Versions/A/Frameworks/ATS.framework/Versions/A/Resources/libFontRegistry.dylib
0x00000001960c2000 	/System/Library/PrivateFrameworks/FontServices.framework/libhvf.dylib
0x00000001f4a12000 	/System/Library/PrivateFrameworks/FontServices.framework/libXTFontStaticRegistryData.dylib
0x00000001eb78c000 	/System/Library/Frameworks/OpenCL.framework/Versions/A/OpenCL
0x0000000195aba000 	/System/Library/PrivateFrameworks/AppleVA.framework/Versions/A/AppleVA
0x0000000197b75000 	/System/Library/Frameworks/ApplicationServices.framework/Versions/A/Frameworks/ATS.framework/Versions/A/ATS
0x000000019009a000 	/System/Library/Frameworks/ApplicationServices.framework/Versions/A/Frameworks/HIServices.framework/Versions/A/HIServices
0x0000000196a8d000 	/System/Library/Frameworks/ApplicationServices.framework/Versions/A/Frameworks/PrintCore.framework/Versions/A/PrintCore
0x0000000197f00000 	/System/Library/Frameworks/ApplicationServices.framework/Versions/A/Frameworks/QD.framework/Versions/A/QD
0x0000000197ef8000 	/System/Library/Frameworks/ApplicationServices.framework/Versions/A/Frameworks/ColorSyncLegacy.framework/Versions/A/ColorSyncLegacy
0x0000000197b61000 	/System/Library/Frameworks/ApplicationServices.framework/Versions/A/Frameworks/SpeechSynthesis.framework/Versions/A/SpeechSynthesis
0x0000000196a4e000 	/System/Library/Frameworks/ApplicationServices.framework/Versions/A/Frameworks/ATSUI.framework/Versions/A/ATSUI
0x0000000197e8d000 	/usr/lib/libcups.2.dylib
0x0000000198273000 	/System/Library/Frameworks/Kerberos.framework/Versions/A/Kerberos
0x0000000198284000 	/System/Library/Frameworks/GSS.framework/Versions/A/GSS
0x0000000197be4000 	/usr/lib/libresolv.9.dylib
0x00000001960d0000 	/System/Library/PrivateFrameworks/Heimdal.framework/Versions/A/Heimdal
0x000000019eb8c000 	/System/Library/Frameworks/Kerberos.framework/Versions/A/Libraries/libHeimdalProxy.dylib
0x0000000190cd0000 	/System/Library/Frameworks/Network.framework/Versions/A/Network
0x0000000195b21000 	/usr/lib/libheimdal-asn1.dylib
0x00000001982ca000 	/System/Library/PrivateFrameworks/CommonAuth.framework/Versions/A/CommonAuth
0x0000000197adb000 	/System/Library/PrivateFrameworks/AudioSession.framework/Versions/A/AudioSession
0x0000000195bb2000 	/System/Library/PrivateFrameworks/MediaExperience.framework/Versions/A/MediaExperience
0x0000000197963000 	/System/Library/PrivateFrameworks/AudioSession.framework/libSessionUtility.dylib
0x0000000197f0c000 	/System/Library/PrivateFrameworks/AudioResourceArbitration.framework/Versions/A/AudioResourceArbitration
0x0000000195b2a000 	/System/Library/PrivateFrameworks/IconFoundation.framework/Versions/A/IconFoundation
0x000000019ad91000 	/System/Library/PrivateFrameworks/SpeechRecognitionCore.framework/Versions/A/SpeechRecognitionCore
0x0000000105e6c000 	/Users/dan/Library/Java/JavaVirtualMachines/openjdk-17.0.2/Contents/Home/lib/server/libjvm.dylib
0x0000000104ce0000 	/Users/dan/Library/Java/JavaVirtualMachines/openjdk-17.0.2/Contents/Home/lib/libjimage.dylib
0x0000000104d0c000 	/Users/dan/Library/Java/JavaVirtualMachines/openjdk-17.0.2/Contents/Home/lib/libinstrument.dylib
0x0000000104d58000 	/Users/dan/Library/Java/JavaVirtualMachines/openjdk-17.0.2/Contents/Home/lib/libjava.dylib
0x0000000104e34000 	/Users/dan/Library/Java/JavaVirtualMachines/openjdk-17.0.2/Contents/Home/lib/libnio.dylib
0x0000000104e54000 	/Users/dan/Library/Java/JavaVirtualMachines/openjdk-17.0.2/Contents/Home/lib/libnet.dylib
0x0000000104d40000 	/Users/dan/Library/Java/JavaVirtualMachines/openjdk-17.0.2/Contents/Home/lib/libzip.dylib
0x0000000104e78000 	/Users/dan/.openjfx/cache/17.0.1/libprism_es2.dylib
0x000000018ce37000 	/System/Library/PrivateFrameworks/CoreServicesInternal.framework/Versions/A/CoreServicesInternal
0x00000001eb5f4000 	/System/Library/Frameworks/OpenGL.framework/Versions/A/Resources/GLEngine.bundle/GLEngine
0x00000001eb47b000 	/System/Library/Frameworks/OpenGL.framework/Versions/A/Libraries/libGLProgrammability.dylib
0x0000000105c34000 	/System/Library/Extensions/AppleMetalOpenGLRenderer.bundle/Contents/MacOS/AppleMetalOpenGLRenderer
0x00000001eb763000 	/System/Library/Frameworks/OpenGL.framework/Versions/A/Resources/GLRendererFloat.bundle/GLRendererFloat
0x00000001eb804000 	/System/Library/Extensions/AGXMetal13_3.bundle/Contents/MacOS/AGXMetal13_3
0x00000001a9e85000 	/System/Library/PrivateFrameworks/GPURawCounter.framework/Versions/A/GPURawCounter
0x00000001a495a000 	/System/Library/PrivateFrameworks/IOGPU.framework/Versions/A/IOGPU
0x0000000105ccc000 	/Users/dan/.openjfx/cache/17.0.1/libglass.dylib
0x000000019c231000 	/System/Library/Frameworks/FileProvider.framework/Versions/A/FileProvider
0x0000000190a9d000 	/System/Library/Frameworks/Accounts.framework/Versions/A/Accounts
0x000000019c3b1000 	/System/Library/PrivateFrameworks/GenerationalStorage.framework/Versions/A/GenerationalStorage
0x000000019cf61000 	/System/Library/PrivateFrameworks/CoreSymbolication.framework/Versions/A/CoreSymbolication
0x000000019bfd1000 	/System/Library/PrivateFrameworks/SymptomDiagnosticReporter.framework/Versions/A/SymptomDiagnosticReporter
0x000000018e11c000 	/System/Library/PrivateFrameworks/DesktopServicesPriv.framework/Versions/A/DesktopServicesPriv
0x000000018cf96000 	/usr/lib/libsandbox.1.dylib
0x0000000191ab4000 	/System/Library/PrivateFrameworks/UserManagement.framework/Versions/A/UserManagement
0x000000019cf22000 	/System/Library/PrivateFrameworks/DebugSymbols.framework/Versions/A/DebugSymbols
0x0000000197eeb000 	/System/Library/PrivateFrameworks/NetAuth.framework/Versions/A/NetAuth
0x0000000198de9000 	/System/Library/PrivateFrameworks/Sharing.framework/Versions/A/Sharing
0x0000000191a84000 	/System/Library/PrivateFrameworks/login.framework/Versions/A/Frameworks/loginsupport.framework/Versions/A/loginsupport
0x000000019e0d2000 	/System/Library/PrivateFrameworks/Apple80211.framework/Versions/A/Apple80211
0x0000000194bdb000 	/System/Library/PrivateFrameworks/AuthKit.framework/Versions/A/AuthKit
0x0000000194272000 	/System/Library/PrivateFrameworks/CoreUtils.framework/Versions/A/CoreUtils
0x0000000194192000 	/System/Library/Frameworks/CoreWLAN.framework/Versions/A/CoreWLAN
0x0000000198f52000 	/System/Library/Frameworks/IOBluetooth.framework/Versions/A/IOBluetooth
0x000000019e132000 	/System/Library/PrivateFrameworks/CoreWiFi.framework/Versions/A/CoreWiFi
0x000000019cb09000 	/System/Library/PrivateFrameworks/FrontBoardServices.framework/Versions/A/FrontBoardServices
0x000000019cba1000 	/System/Library/PrivateFrameworks/BoardServices.framework/Versions/A/BoardServices
0x000000019448d000 	/System/Library/PrivateFrameworks/AssertionServices.framework/Versions/A/AssertionServices
0x000000019e2a0000 	/System/Library/PrivateFrameworks/BackBoardServices.framework/Versions/A/BackBoardServices
0x000000019835d000 	/System/Library/PrivateFrameworks/CorePhoneNumbers.framework/Versions/A/CorePhoneNumbers
0x000000019c101000 	/System/Library/PrivateFrameworks/DiskManagement.framework/Versions/A/DiskManagement
0x000000019c004000 	/System/Library/PrivateFrameworks/AppleIDAuthSupport.framework/Versions/A/AppleIDAuthSupport
0x00000001ef395000 	/System/Library/PrivateFrameworks/AAAFoundation.framework/Versions/A/AAAFoundation
0x000000019833c000 	/System/Library/PrivateFrameworks/KeychainCircle.framework/Versions/A/KeychainCircle
0x000000019c0cd000 	/System/Library/PrivateFrameworks/MediaKit.framework/Versions/A/MediaKit
0x000000019c011000 	/System/Library/Frameworks/DiscRecording.framework/Versions/A/DiscRecording
0x0000000195a36000 	/usr/lib/libCoreStorage.dylib
0x000000019e59a000 	/usr/lib/libcsfde.dylib
0x0000000199027000 	/System/Library/PrivateFrameworks/ProtectedCloudStorage.framework/Versions/A/ProtectedCloudStorage
0x000000019e592000 	/System/Library/PrivateFrameworks/EFILogin.framework/Versions/A/EFILogin
0x000000019c3d8000 	/System/Library/PrivateFrameworks/OctagonTrust.framework/Versions/A/OctagonTrust
0x00000001f3c7c000 	/System/Library/PrivateFrameworks/CoreUtilsExtras.framework/Versions/A/CoreUtilsExtras
0x000000019bf43000 	/System/Library/Frameworks/CoreBluetooth.framework/Versions/A/CoreBluetooth
0x000000019ec11000 	/System/Library/Frameworks/AudioUnit.framework/Versions/A/AudioUnit
0x0000000195a2e000 	/usr/lib/libMatch.1.dylib
0x00000001ae0ec000 	/System/Library/Frameworks/Accelerate.framework/Versions/A/Frameworks/vImage.framework/Versions/A/Libraries/libCGInterfaces.dylib
0x0000000128720000 	/usr/lib/libobjc-trampolines.dylib
0x0000000191782000 	/System/Library/PrivateFrameworks/ViewBridge.framework/Versions/A/ViewBridge


VM Arguments:
jvm_args: -javaagent:/Applications/IntelliJ IDEA CE.app/Contents/lib/idea_rt.jar=55064:/Applications/IntelliJ IDEA CE.app/Contents/bin -Dfile.encoding=UTF-8 --module-path=/Users/dan/development/USBFamilyTree/target/classes:/Users/dan/development/USBFamilyTree/lib/gson-2.9.0.jar:/Users/dan/.m2/repository/org/openjfx/javafx-controls/17.0.1/javafx-controls-17.0.1.jar:/Users/dan/.m2/repository/org/openjfx/javafx-controls/17.0.1/javafx-controls-17.0.1-mac-aarch64.jar:/Users/dan/.m2/repository/org/openjfx/javafx-graphics/17.0.1/javafx-graphics-17.0.1.jar:/Users/dan/.m2/repository/org/openjfx/javafx-graphics/17.0.1/javafx-graphics-17.0.1-mac-aarch64.jar:/Users/dan/.m2/repository/org/openjfx/javafx-base/17.0.1/javafx-base-17.0.1.jar:/Users/dan/.m2/repository/org/openjfx/javafx-base/17.0.1/javafx-base-17.0.1-mac-aarch64.jar:/Users/dan/.m2/repository/org/openjfx/javafx-fxml/17.0.1/javafx-fxml-17.0.1.jar:/Users/dan/.m2/repository/org/openjfx/javafx-fxml/17.0.1/javafx-fxml-17.0.1-mac-aarch64.jar:/Users/dan/.m2/repository/org/controlsfx/controlsfx/11.1.0/controlsfx-11.1.0.jar:/Users/dan/.m2/repository/com/google/code/gson/gson/2.9.0/gson-2.9.0.jar -Djdk.module.main=edu.templ.usbfamilytree 
java_command: edu.templ.usbfamilytree/edu.templ.usbfamilytree.MainApplication
java_class_path (initial): <not set>
Launcher Type: SUN_STANDARD

[Global flags]
     intx CICompilerCount                          = 4                                         {product} {ergonomic}
     uint ConcGCThreads                            = 2                                         {product} {ergonomic}
     uint G1ConcRefinementThreads                  = 8                                         {product} {ergonomic}
   size_t G1HeapRegionSize                         = 2097152                                   {product} {ergonomic}
    uintx GCDrainStackTargetSize                   = 64                                        {product} {ergonomic}
   size_t InitialHeapSize                          = 268435456                                 {product} {ergonomic}
   size_t MarkStackSize                            = 4194304                                   {product} {ergonomic}
   size_t MaxHeapSize                              = 4294967296                                {product} {ergonomic}
   size_t MaxNewSize                               = 2575302656                                {product} {ergonomic}
   size_t MinHeapDeltaBytes                        = 2097152                                   {product} {ergonomic}
   size_t MinHeapSize                              = 8388608                                   {product} {ergonomic}
    uintx NonNMethodCodeHeapSize                   = 5839564                                {pd product} {ergonomic}
    uintx NonProfiledCodeHeapSize                  = 122909338                              {pd product} {ergonomic}
    uintx ProfiledCodeHeapSize                     = 122909338                              {pd product} {ergonomic}
    uintx ReservedCodeCacheSize                    = 251658240                              {pd product} {ergonomic}
     bool SegmentedCodeCache                       = true                                      {product} {ergonomic}
   size_t SoftMaxHeapSize                          = 4294967296                             {manageable} {ergonomic}
     bool UseCompressedClassPointers               = true                           {product lp64_product} {ergonomic}
     bool UseCompressedOops                        = true                           {product lp64_product} {ergonomic}
     bool UseG1GC                                  = true                                      {product} {ergonomic}
     bool UseNUMA                                  = false                                     {product} {ergonomic}
     bool UseNUMAInterleaving                      = false                                     {product} {ergonomic}

Logging:
Log output configuration:
 #0: stdout all=warning uptime,level,tags
 #1: stderr all=off uptime,level,tags

Environment Variables:
PATH=/Users/dan/opt/anaconda3/bin:/Users/dan/opt/anaconda3/condabin:/Library/Frameworks/Python.framework/Versions/2.7/bin:/usr/local/bin:/Users/dan/development/flutter/bin:/opt/homebrew/bin:/opt/homebrew/sbin:/usr/local/bin:/usr/bin:/bin:/usr/sbin:/sbin:/usr/local/share/dotnet:~/.dotnet/tools:/Library/Apple/usr/bin:/Library/Frameworks/Mono.framework/Versions/Current/Commands
SHELL=/bin/zsh
LC_CTYPE=UTF-8

Signal Handlers:
   SIGSEGV: _ZL13crash_handleriP9__siginfoPv in libjvm.dylib, mask=11100110000111110111111111111111, flags=SA_RESTART|SA_SIGINFO
    SIGBUS: _ZL13crash_handleriP9__siginfoPv in libjvm.dylib, mask=11100110000111110111111111111111, flags=SA_RESTART|SA_SIGINFO
    SIGFPE: _ZL13crash_handleriP9__siginfoPv in libjvm.dylib, mask=11100110000111110111111111111111, flags=SA_RESTART|SA_SIGINFO
   SIGPIPE: _ZL17javaSignalHandleriP9__siginfoPv in libjvm.dylib, mask=11100110000111110111111111111111, flags=SA_RESTART|SA_SIGINFO
   SIGXFSZ: _ZL17javaSignalHandleriP9__siginfoPv in libjvm.dylib, mask=11100110000111110111111111111111, flags=SA_RESTART|SA_SIGINFO
    SIGILL: _ZL13crash_handleriP9__siginfoPv in libjvm.dylib, mask=11100110000111110111111111111111, flags=SA_RESTART|SA_SIGINFO
   SIGUSR2: _ZL10SR_handleriP9__siginfoP17__darwin_ucontext in libjvm.dylib, mask=00100000000000000000000000000000, flags=SA_RESTART|SA_SIGINFO
    SIGHUP: _ZL11UserHandleriPvS_ in libjvm.dylib, mask=11100110000111110111111111111111, flags=SA_RESTART|SA_SIGINFO
    SIGINT: _ZL11UserHandleriPvS_ in libjvm.dylib, mask=11100110000111110111111111111111, flags=SA_RESTART|SA_SIGINFO
   SIGTERM: _ZL11UserHandleriPvS_ in libjvm.dylib, mask=11100110000111110111111111111111, flags=SA_RESTART|SA_SIGINFO
   SIGQUIT: _ZL11UserHandleriPvS_ in libjvm.dylib, mask=11100110000111110111111111111111, flags=SA_RESTART|SA_SIGINFO
   SIGTRAP: _ZL13crash_handleriP9__siginfoPv in libjvm.dylib, mask=11100110000111110111111111111111, flags=SA_RESTART|SA_SIGINFO


---------------  S Y S T E M  ---------------

OS:
uname: Darwin 21.1.0 Darwin Kernel Version 21.1.0: Wed Oct 13 17:33:24 PDT 2021; root:xnu-8019.41.5~1/RELEASE_ARM64_T8101 arm64
OS uptime: 10 days 0:03 hours
rlimit (soft/hard): STACK 8176k/65520k , CORE 0k/infinity , NPROC 2666/4000 , NOFILE 10240/infinity , AS infinity/infinity , CPU infinity/infinity , DATA infinity/infinity , FSIZE infinity/infinity , MEMLOCK infinity/infinity , RSS infinity/infinity
load average: 1.97 2.02 1.91

CPU: total 8 (initial active 8) 0x61:0x0:0x1b588bb3:0, fp, simd, crc, lse

Memory: 16k page, physical 16777216k(362816k free), swap 2097152k(1036288k free)

vm_info: OpenJDK 64-Bit Server VM (17.0.2+8-86) for bsd-aarch64 JRE (17.0.2+8-86), built on Dec  7 2021 21:45:06 by "mach5one" with clang Apple LLVM 12.0.0 (clang-1200.0.32.29)

END.
